#
# There is insufficient memory for the Java Runtime Environment to continue.
# Native memory allocation (malloc) failed to allocate 1469264 bytes for Chunk::new
# Possible reasons:
#   The system is out of physical RAM or swap space
#   The process is running with CompressedOops enabled, and the Java Heap may be blocking the growth of the native heap
# Possible solutions:
#   Reduce memory load on the system
#   Increase physical memory or swap space
#   Check if swap backing store is full
#   Decrease Java heap size (-Xmx/-Xms)
#   Decrease number of Java threads
#   Decrease Java thread stack sizes (-Xss)
#   Set larger code cache with -XX:ReservedCodeCacheSize=
#   JVM is running with Unscaled Compressed Oops mode in which the Java heap is
#     placed in the first 4GB address space. The Java Heap base address is the
#     maximum limit for the native heap growth. Please use -XX:HeapBaseMinAddress
#     to set the Java Heap base and to place the Java Heap above 4GB virtual address.
# This output file may be truncated or incomplete.
#
#  Out of Memory Error (arena.cpp:189), pid=27452, tid=22372
#
# JRE version: OpenJDK Runtime Environment 21.9 (17.0.3+6) (build 17.0.3+6-LTS)
# Java VM: OpenJDK 64-Bit Server VM 21.9 (17.0.3+6-LTS, mixed mode, sharing, tiered, compressed oops, compressed class ptrs, g1 gc, windows-amd64)
# No core dump will be written. Minidumps are not enabled by default on client versions of Windows
#

---------------  S U M M A R Y ------------

Command Line: --add-opens=java.base/java.lang=ALL-UNNAMED --add-opens=java.base/java.lang.invoke=ALL-UNNAMED --add-opens=java.base/java.util=ALL-UNNAMED --add-opens=java.prefs/java.util.prefs=ALL-UNNAMED --add-exports=jdk.compiler/com.sun.tools.javac.api=ALL-UNNAMED --add-exports=jdk.compiler/com.sun.tools.javac.util=ALL-UNNAMED --add-opens=java.base/java.util=ALL-UNNAMED --add-opens=java.prefs/java.util.prefs=ALL-UNNAMED --add-opens=java.base/java.nio.charset=ALL-UNNAMED --add-opens=java.base/java.net=ALL-UNNAMED --add-opens=java.base/java.util.concurrent=ALL-UNNAMED --add-opens=java.base/java.util.concurrent.atomic=ALL-UNNAMED --add-opens=java.xml/javax.xml.namespace=ALL-UNNAMED --add-opens=java.base/java.time=ALL-UNNAMED -XX:MaxMetaspaceSize=384m -XX:+HeapDumpOnOutOfMemoryError -Xms256m -Xmx512m -Dfile.encoding=UTF-8 -Duser.country=KR -Duser.language=ko -Duser.variant -javaagent:C:\Users\ysj72\.gradle\wrapper\dists\gradle-9.2.1-bin\2t0n5ozlw9xmuyvbp7dnzaxug\gradle-9.2.1\lib\agents\gradle-instrumentation-agent-9.2.1.jar org.gradle.launcher.daemon.bootstrap.GradleDaemon 9.2.1

Host: 11th Gen Intel(R) Core(TM) i7-1165G7 @ 2.80GHz, 8 cores, 15G,  Windows 11 , 64 bit Build 26100 (10.0.26100.7019)
Time: Mon Dec  8 12:49:24 2025  Windows 11 , 64 bit Build 26100 (10.0.26100.7019) elapsed time: 10.280087 seconds (0d 0h 0m 10s)

---------------  T H R E A D  ---------------

Current thread (0x00000211af7e4f70):  JavaThread "C2 CompilerThread0" daemon [_thread_in_native, id=22372, stack(0x0000008374f00000,0x0000008375000000)]


Current CompileTask:
C2:  10280 10530       4       java.beans.Introspector::addMethod (196 bytes)

Stack: [0x0000008374f00000,0x0000008375000000]
Native frames: (J=compiled Java code, j=interpreted, Vv=VM code, C=native code)
V  [jvm.dll+0x67720a]
V  [jvm.dll+0x832514]
V  [jvm.dll+0x833cbe]
V  [jvm.dll+0x834323]
V  [jvm.dll+0x245815]
V  [jvm.dll+0xabf1b]
V  [jvm.dll+0xac4ac]
V  [jvm.dll+0x363a07]
V  [jvm.dll+0x1bbf98]
V  [jvm.dll+0x2188c9]
V  [jvm.dll+0x217b91]
V  [jvm.dll+0x1a400d]
V  [jvm.dll+0x227508]
V  [jvm.dll+0x22565c]
V  [jvm.dll+0x7e7d5c]
V  [jvm.dll+0x7e230a]
V  [jvm.dll+0x676095]
C  [ucrtbase.dll+0x37b0]
C  [KERNEL32.DLL+0x2e8d7]
C  [ntdll.dll+0x8c53c]


---------------  P R O C E S S  ---------------

Threads class SMR info:
_java_thread_list=0x00000211b8bf8b30, length=108, elements={
0x0000021194c73b80, 0x00000211af7ca600, 0x00000211af7cb0c0, 0x00000211af7dd6f0,
0x00000211af7dfbd0, 0x00000211af7e0490, 0x00000211af7e2370, 0x00000211af7e4f70,
0x00000211af7f1f80, 0x00000211af7fb8c0, 0x00000211af7b8dd0, 0x00000211b05abe20,
0x00000211b06b5c30, 0x00000211b0a2bc90, 0x00000211b1aa68b0, 0x00000211b11786c0,
0x00000211b21df420, 0x00000211b247e440, 0x00000211b0b78240, 0x00000211b1f29720,
0x00000211b1f29bf0, 0x00000211b23a5b10, 0x00000211b272aef0, 0x00000211b2727530,
0x00000211b2727a00, 0x00000211b2727ed0, 0x00000211b27283a0, 0x00000211b272a080,
0x00000211b2728870, 0x00000211b2729210, 0x00000211b2729bb0, 0x00000211b272a550,
0x00000211b272aa20, 0x00000211b49a2d50, 0x00000211b49a1a10, 0x00000211b49a23b0,
0x00000211b49a1540, 0x00000211b49a0200, 0x00000211b49a2880, 0x00000211b49a06d0,
0x00000211b49a1ee0, 0x00000211b49a0ba0, 0x00000211b49a1070, 0x00000211b499fd30,
0x00000211b446e0e0, 0x00000211b446dc10, 0x00000211b4470760, 0x00000211b446ea80,
0x00000211b446e5b0, 0x00000211b446ef50, 0x00000211b446f420, 0x00000211b446fdc0,
0x00000211b4470290, 0x00000211b4471100, 0x00000211b446d740, 0x00000211b4471aa0,
0x00000211b44732b0, 0x00000211b4471f70, 0x00000211b4472de0, 0x00000211b44745f0,
0x00000211b4473780, 0x00000211b44715d0, 0x00000211b4472440, 0x00000211b4472910,
0x00000211b4473c50, 0x00000211b4474ac0, 0x00000211b4474f90, 0x00000211b8790f80,
0x00000211b8791450, 0x00000211b87905e0, 0x00000211b8790ab0, 0x00000211b878f770,
0x00000211b8793130, 0x00000211b8791920, 0x00000211b8792c60, 0x00000211b8791df0,
0x00000211b87922c0, 0x00000211b8792790, 0x00000211b878fc40, 0x00000211b8790110,
0x00000211b57ef250, 0x00000211b57f1da0, 0x00000211b57eed80, 0x00000211b57f18d0,
0x00000211b57f00c0, 0x00000211b57f2270, 0x00000211b57f0590, 0x00000211b57ee8b0,
0x00000211b57f1400, 0x00000211b57ef720, 0x00000211b57f0a60, 0x00000211b57f2740,
0x00000211b57f30e0, 0x00000211b57f35b0, 0x00000211b57efbf0, 0x00000211b57f3a80,
0x00000211b57f3f50, 0x00000211b57f48f0, 0x00000211b57f0f30, 0x00000211b57f4dc0,
0x00000211b57f5290, 0x00000211b57f5760, 0x00000211b57f5c30, 0x00000211b57f6100,
0x00000211b4474120, 0x00000211b73c45c0, 0x00000211b73c2db0, 0x00000211b73c3280
}

Java Threads: ( => current thread )
  0x0000021194c73b80 JavaThread "main" [_thread_blocked, id=2636, stack(0x0000008374200000,0x0000008374300000)]
  0x00000211af7ca600 JavaThread "Reference Handler" daemon [_thread_blocked, id=26104, stack(0x0000008374900000,0x0000008374a00000)]
  0x00000211af7cb0c0 JavaThread "Finalizer" daemon [_thread_blocked, id=21884, stack(0x0000008374a00000,0x0000008374b00000)]
  0x00000211af7dd6f0 JavaThread "Signal Dispatcher" daemon [_thread_blocked, id=18788, stack(0x0000008374b00000,0x0000008374c00000)]
  0x00000211af7dfbd0 JavaThread "Attach Listener" daemon [_thread_blocked, id=24620, stack(0x0000008374c00000,0x0000008374d00000)]
  0x00000211af7e0490 JavaThread "Service Thread" daemon [_thread_blocked, id=19700, stack(0x0000008374d00000,0x0000008374e00000)]
  0x00000211af7e2370 JavaThread "Monitor Deflation Thread" daemon [_thread_blocked, id=6776, stack(0x0000008374e00000,0x0000008374f00000)]
=>0x00000211af7e4f70 JavaThread "C2 CompilerThread0" daemon [_thread_in_native, id=22372, stack(0x0000008374f00000,0x0000008375000000)]
  0x00000211af7f1f80 JavaThread "C1 CompilerThread0" daemon [_thread_blocked, id=27152, stack(0x0000008375000000,0x0000008375100000)]
  0x00000211af7fb8c0 JavaThread "Sweeper thread" daemon [_thread_blocked, id=26800, stack(0x0000008375100000,0x0000008375200000)]
  0x00000211af7b8dd0 JavaThread "Common-Cleaner" daemon [_thread_blocked, id=20432, stack(0x0000008375200000,0x0000008375300000)]
  0x00000211b05abe20 JavaThread "Notification Thread" daemon [_thread_blocked, id=16112, stack(0x0000008375300000,0x0000008375400000)]
  0x00000211b06b5c30 JavaThread "C2 CompilerThread1" daemon [_thread_blocked, id=660, stack(0x0000008375500000,0x0000008375600000)]
  0x00000211b0a2bc90 JavaThread "C2 CompilerThread2" daemon [_thread_blocked, id=17728, stack(0x0000008375600000,0x0000008375700000)]
  0x00000211b1aa68b0 JavaThread "Daemon health stats" [_thread_blocked, id=28148, stack(0x0000008375c00000,0x0000008375d00000)]
  0x00000211b11786c0 JavaThread "Incoming local TCP Connector on port 55508" [_thread_in_native, id=15116, stack(0x0000008375f00000,0x0000008376000000)]
  0x00000211b21df420 JavaThread "Daemon periodic checks" [_thread_blocked, id=3876, stack(0x0000008376000000,0x0000008376100000)]
  0x00000211b247e440 JavaThread "Daemon" [_thread_blocked, id=12908, stack(0x0000008376100000,0x0000008376200000)]
  0x00000211b0b78240 JavaThread "Handler for socket connection from /127.0.0.1:55508 to /127.0.0.1:55509" [_thread_in_native, id=21812, stack(0x0000008376200000,0x0000008376300000)]
  0x00000211b1f29720 JavaThread "Cancel handler" [_thread_blocked, id=15040, stack(0x0000008376300000,0x0000008376400000)]
  0x00000211b1f29bf0 JavaThread "Daemon worker" [_thread_blocked, id=11084, stack(0x0000008376400000,0x0000008376500000)]
  0x00000211b23a5b10 JavaThread "Asynchronous log dispatcher for DefaultDaemonConnection: socket connection from /127.0.0.1:55508 to /127.0.0.1:55509" [_thread_blocked, id=22764, stack(0x0000008376500000,0x0000008376600000)]
  0x00000211b272aef0 JavaThread "Stdin handler" [_thread_blocked, id=21924, stack(0x0000008376600000,0x0000008376700000)]
  0x00000211b2727530 JavaThread "Daemon client event forwarder" [_thread_blocked, id=8564, stack(0x0000008376700000,0x0000008376800000)]
  0x00000211b2727a00 JavaThread "Cache worker for journal cache (C:\Users\ysj72\.gradle\caches\journal-1)" [_thread_blocked, id=13124, stack(0x0000008376800000,0x0000008376900000)]
  0x00000211b2727ed0 JavaThread "File lock request listener" [_thread_in_native, id=28024, stack(0x0000008376900000,0x0000008376a00000)]
  0x00000211b27283a0 JavaThread "Cache worker for file hash cache (C:\Users\ysj72\.gradle\caches\9.2.1\fileHashes)" [_thread_blocked, id=28952, stack(0x0000008376a00000,0x0000008376b00000)]
  0x00000211b272a080 JavaThread "Cache worker for file hash cache (C:\Users\ysj72\dev\beyond-SW-21th-second-4team\.gradle\9.2.1\fileHashes)" [_thread_blocked, id=21056, stack(0x0000008376c00000,0x0000008376d00000)]
  0x00000211b2728870 JavaThread "Cache worker for Build Output Cleanup Cache (C:\Users\ysj72\dev\beyond-SW-21th-second-4team\.gradle\buildOutputCleanup)" [_thread_blocked, id=21904, stack(0x0000008376d00000,0x0000008376e00000)]
  0x00000211b2729210 JavaThread "File watcher server" daemon [_thread_in_native, id=5504, stack(0x0000008376e00000,0x0000008376f00000)]
  0x00000211b2729bb0 JavaThread "File watcher consumer" daemon [_thread_blocked, id=12356, stack(0x0000008376f00000,0x0000008377000000)]
  0x00000211b272a550 JavaThread "jar transforms" [_thread_blocked, id=9696, stack(0x0000008377000000,0x0000008377100000)]
  0x00000211b272aa20 JavaThread "jar transforms Thread 2" [_thread_blocked, id=25212, stack(0x0000008377100000,0x0000008377200000)]
  0x00000211b49a2d50 JavaThread "jar transforms Thread 3" [_thread_blocked, id=22532, stack(0x0000008377200000,0x0000008377300000)]
  0x00000211b49a1a10 JavaThread "jar transforms Thread 4" [_thread_blocked, id=15656, stack(0x0000008377300000,0x0000008377400000)]
  0x00000211b49a23b0 JavaThread "jar transforms Thread 5" [_thread_blocked, id=18492, stack(0x0000008377400000,0x0000008377500000)]
  0x00000211b49a1540 JavaThread "jar transforms Thread 6" [_thread_blocked, id=25196, stack(0x0000008377500000,0x0000008377600000)]
  0x00000211b49a0200 JavaThread "jar transforms Thread 7" [_thread_blocked, id=12068, stack(0x0000008377600000,0x0000008377700000)]
  0x00000211b49a2880 JavaThread "jar transforms Thread 8" [_thread_blocked, id=8004, stack(0x0000008377700000,0x0000008377800000)]
  0x00000211b49a06d0 JavaThread "Cache worker for checksums cache (C:\Users\ysj72\dev\beyond-SW-21th-second-4team\.gradle\9.2.1\checksums)" [_thread_blocked, id=10772, stack(0x0000008377800000,0x0000008377900000)]
  0x00000211b49a1ee0 JavaThread "Cache worker for file content cache (C:\Users\ysj72\.gradle\caches\9.2.1\fileContent)" [_thread_blocked, id=29600, stack(0x0000008377900000,0x0000008377a00000)]
  0x00000211b49a0ba0 JavaThread "Cache worker for cache directory md-supplier (C:\Users\ysj72\.gradle\caches\9.2.1\md-supplier)" [_thread_blocked, id=19876, stack(0x0000008377a00000,0x0000008377b00000)]
  0x00000211b49a1070 JavaThread "Cache worker for cache directory md-rule (C:\Users\ysj72\.gradle\caches\9.2.1\md-rule)" [_thread_blocked, id=15680, stack(0x0000008377b00000,0x0000008377c00000)]
  0x00000211b499fd30 JavaThread "Unconstrained build operations" [_thread_blocked, id=10052, stack(0x0000008377c00000,0x0000008377d00000)]
  0x00000211b446e0e0 JavaThread "Unconstrained build operations Thread 2" [_thread_blocked, id=19976, stack(0x0000008377d00000,0x0000008377e00000)]
  0x00000211b446dc10 JavaThread "Unconstrained build operations Thread 3" [_thread_blocked, id=9848, stack(0x0000008377e00000,0x0000008377f00000)]
  0x00000211b4470760 JavaThread "Unconstrained build operations Thread 4" [_thread_blocked, id=10004, stack(0x0000008377f00000,0x0000008378000000)]
  0x00000211b446ea80 JavaThread "Unconstrained build operations Thread 5" [_thread_blocked, id=3168, stack(0x0000008378000000,0x0000008378100000)]
  0x00000211b446e5b0 JavaThread "Unconstrained build operations Thread 6" [_thread_blocked, id=22724, stack(0x0000008378100000,0x0000008378200000)]
  0x00000211b446ef50 JavaThread "Unconstrained build operations Thread 7" [_thread_blocked, id=11948, stack(0x0000008378200000,0x0000008378300000)]
  0x00000211b446f420 JavaThread "Unconstrained build operations Thread 8" [_thread_blocked, id=7648, stack(0x0000008378300000,0x0000008378400000)]
  0x00000211b446fdc0 JavaThread "Unconstrained build operations Thread 9" [_thread_blocked, id=23220, stack(0x0000008378400000,0x0000008378500000)]
  0x00000211b4470290 JavaThread "Unconstrained build operations Thread 10" [_thread_blocked, id=9800, stack(0x0000008378500000,0x0000008378600000)]
  0x00000211b4471100 JavaThread "Unconstrained build operations Thread 11" [_thread_blocked, id=21448, stack(0x0000008378700000,0x0000008378800000)]
  0x00000211b446d740 JavaThread "Unconstrained build operations Thread 12" [_thread_blocked, id=27000, stack(0x0000008378800000,0x0000008378900000)]
  0x00000211b4471aa0 JavaThread "Unconstrained build operations Thread 13" [_thread_blocked, id=27460, stack(0x0000008378900000,0x0000008378a00000)]
  0x00000211b44732b0 JavaThread "Unconstrained build operations Thread 14" [_thread_blocked, id=18216, stack(0x0000008378a00000,0x0000008378b00000)]
  0x00000211b4471f70 JavaThread "Unconstrained build operations Thread 15" [_thread_blocked, id=17384, stack(0x0000008378b00000,0x0000008378c00000)]
  0x00000211b4472de0 JavaThread "Unconstrained build operations Thread 16" [_thread_blocked, id=26872, stack(0x0000008378c00000,0x0000008378d00000)]
  0x00000211b44745f0 JavaThread "Unconstrained build operations Thread 17" [_thread_blocked, id=340, stack(0x0000008378d00000,0x0000008378e00000)]
  0x00000211b4473780 JavaThread "Unconstrained build operations Thread 18" [_thread_blocked, id=28720, stack(0x0000008378e00000,0x0000008378f00000)]
  0x00000211b44715d0 JavaThread "Unconstrained build operations Thread 19" [_thread_blocked, id=3208, stack(0x0000008378f00000,0x0000008379000000)]
  0x00000211b4472440 JavaThread "Unconstrained build operations Thread 20" [_thread_blocked, id=8632, stack(0x0000008379000000,0x0000008379100000)]
  0x00000211b4472910 JavaThread "Unconstrained build operations Thread 21" [_thread_blocked, id=16692, stack(0x0000008379100000,0x0000008379200000)]
  0x00000211b4473c50 JavaThread "Unconstrained build operations Thread 22" [_thread_blocked, id=3104, stack(0x0000008379200000,0x0000008379300000)]
  0x00000211b4474ac0 JavaThread "Unconstrained build operations Thread 23" [_thread_blocked, id=4496, stack(0x0000008379300000,0x0000008379400000)]
  0x00000211b4474f90 JavaThread "Unconstrained build operations Thread 24" [_thread_blocked, id=22916, stack(0x0000008379500000,0x0000008379600000)]
  0x00000211b8790f80 JavaThread "Unconstrained build operations Thread 25" [_thread_blocked, id=25452, stack(0x0000008379600000,0x0000008379700000)]
  0x00000211b8791450 JavaThread "Unconstrained build operations Thread 26" [_thread_blocked, id=26272, stack(0x0000008379700000,0x0000008379800000)]
  0x00000211b87905e0 JavaThread "Unconstrained build operations Thread 27" [_thread_blocked, id=28816, stack(0x0000008379800000,0x0000008379900000)]
  0x00000211b8790ab0 JavaThread "Unconstrained build operations Thread 28" [_thread_blocked, id=25588, stack(0x0000008379900000,0x0000008379a00000)]
  0x00000211b878f770 JavaThread "Unconstrained build operations Thread 29" [_thread_blocked, id=3424, stack(0x0000008379a00000,0x0000008379b00000)]
  0x00000211b8793130 JavaThread "Unconstrained build operations Thread 30" [_thread_blocked, id=19028, stack(0x0000008379b00000,0x0000008379c00000)]
  0x00000211b8791920 JavaThread "Unconstrained build operations Thread 31" [_thread_blocked, id=25808, stack(0x0000008379c00000,0x0000008379d00000)]
  0x00000211b8792c60 JavaThread "Unconstrained build operations Thread 32" [_thread_blocked, id=4008, stack(0x0000008379d00000,0x0000008379e00000)]
  0x00000211b8791df0 JavaThread "Unconstrained build operations Thread 33" [_thread_blocked, id=5484, stack(0x0000008379e00000,0x0000008379f00000)]
  0x00000211b87922c0 JavaThread "Unconstrained build operations Thread 34" [_thread_blocked, id=28268, stack(0x0000008379f00000,0x000000837a000000)]
  0x00000211b8792790 JavaThread "Unconstrained build operations Thread 35" [_thread_blocked, id=21916, stack(0x000000837a000000,0x000000837a100000)]
  0x00000211b878fc40 JavaThread "Unconstrained build operations Thread 36" [_thread_blocked, id=2748, stack(0x000000837a100000,0x000000837a200000)]
  0x00000211b8790110 JavaThread "Unconstrained build operations Thread 37" [_thread_blocked, id=26564, stack(0x000000837a200000,0x000000837a300000)]
  0x00000211b57ef250 JavaThread "Unconstrained build operations Thread 38" [_thread_blocked, id=1720, stack(0x000000837a300000,0x000000837a400000)]
  0x00000211b57f1da0 JavaThread "Unconstrained build operations Thread 39" [_thread_blocked, id=14352, stack(0x000000837a400000,0x000000837a500000)]
  0x00000211b57eed80 JavaThread "Unconstrained build operations Thread 40" [_thread_blocked, id=28356, stack(0x000000837a500000,0x000000837a600000)]
  0x00000211b57f18d0 JavaThread "Unconstrained build operations Thread 41" [_thread_blocked, id=16000, stack(0x000000837a600000,0x000000837a700000)]
  0x00000211b57f00c0 JavaThread "Unconstrained build operations Thread 42" [_thread_blocked, id=7696, stack(0x000000837a700000,0x000000837a800000)]
  0x00000211b57f2270 JavaThread "Unconstrained build operations Thread 43" [_thread_blocked, id=28056, stack(0x000000837a800000,0x000000837a900000)]
  0x00000211b57f0590 JavaThread "Unconstrained build operations Thread 44" [_thread_blocked, id=15208, stack(0x000000837a900000,0x000000837aa00000)]
  0x00000211b57ee8b0 JavaThread "Memory manager" [_thread_blocked, id=27952, stack(0x000000837aa00000,0x000000837ab00000)]
  0x00000211b57f1400 JavaThread "included builds" [_thread_blocked, id=8656, stack(0x000000837ae00000,0x000000837af00000)]
  0x00000211b57ef720 JavaThread "Execution worker" [_thread_blocked, id=13052, stack(0x000000837af00000,0x000000837b000000)]
  0x00000211b57f0a60 JavaThread "Execution worker Thread 2" [_thread_blocked, id=29632, stack(0x000000837b000000,0x000000837b100000)]
  0x00000211b57f2740 JavaThread "Execution worker Thread 3" [_thread_blocked, id=26784, stack(0x000000837b100000,0x000000837b200000)]
  0x00000211b57f30e0 JavaThread "Execution worker Thread 4" [_thread_blocked, id=24968, stack(0x000000837b200000,0x000000837b300000)]
  0x00000211b57f35b0 JavaThread "Execution worker Thread 5" [_thread_blocked, id=18276, stack(0x000000837b300000,0x000000837b400000)]
  0x00000211b57efbf0 JavaThread "Execution worker Thread 6" [_thread_blocked, id=27852, stack(0x000000837b400000,0x000000837b500000)]
  0x00000211b57f3a80 JavaThread "Execution worker Thread 7" [_thread_blocked, id=28156, stack(0x000000837b500000,0x000000837b600000)]
  0x00000211b57f3f50 JavaThread "Cache worker for execution history cache (C:\Users\ysj72\dev\beyond-SW-21th-second-4team\.gradle\9.2.1\executionHistory)" [_thread_blocked, id=28732, stack(0x000000837b600000,0x000000837b700000)]
  0x00000211b57f48f0 JavaThread "idea-tooling-model-converter" [_thread_blocked, id=29276, stack(0x000000837b700000,0x000000837b800000)]
  0x00000211b57f0f30 JavaThread "ForkJoinPool.commonPool-worker-1" daemon [_thread_blocked, id=13300, stack(0x000000837b800000,0x000000837b900000)]
  0x00000211b57f4dc0 JavaThread "ForkJoinPool.commonPool-worker-2" daemon [_thread_blocked, id=23128, stack(0x000000837b900000,0x000000837ba00000)]
  0x00000211b57f5290 JavaThread "ForkJoinPool.commonPool-worker-3" daemon [_thread_blocked, id=3968, stack(0x000000837ba00000,0x000000837bb00000)]
  0x00000211b57f5760 JavaThread "ForkJoinPool.commonPool-worker-4" daemon [_thread_blocked, id=28072, stack(0x000000837bb00000,0x000000837bc00000)]
  0x00000211b57f5c30 JavaThread "ForkJoinPool.commonPool-worker-5" daemon [_thread_blocked, id=27260, stack(0x000000837bc00000,0x000000837bd00000)]
  0x00000211b57f6100 JavaThread "ForkJoinPool.commonPool-worker-6" daemon [_thread_blocked, id=22736, stack(0x000000837bd00000,0x000000837be00000)]
  0x00000211b4474120 JavaThread "ForkJoinPool.commonPool-worker-7" daemon [_thread_blocked, id=19012, stack(0x000000837be00000,0x000000837bf00000)]
  0x00000211b73c45c0 JavaThread "Exec process" daemon [_thread_in_native, id=17904, stack(0x000000837bf00000,0x000000837c000000)]
  0x00000211b73c2db0 JavaThread "Exec process Thread 2" daemon [_thread_in_native, id=10956, stack(0x000000837c000000,0x000000837c100000)]
  0x00000211b73c3280 JavaThread "Exec process Thread 3" daemon [_thread_in_native, id=5456, stack(0x000000837c100000,0x000000837c200000)]

Other Threads:
  0x00000211af7c80c0 VMThread "VM Thread" [stack: 0x0000008374800000,0x0000008374900000] [id=29104]
  0x0000021194cb9150 WatcherThread [stack: 0x0000008375400000,0x0000008375500000] [id=14928]
  0x0000021194ca5720 GCTaskThread "GC Thread#0" [stack: 0x0000008374300000,0x0000008374400000] [id=20448]
  0x00000211b06da6b0 GCTaskThread "GC Thread#1" [stack: 0x0000008375700000,0x0000008375800000] [id=8928]
  0x00000211b0a2c1a0 GCTaskThread "GC Thread#2" [stack: 0x0000008375800000,0x0000008375900000] [id=23952]
  0x00000211b0a1b390 GCTaskThread "GC Thread#3" [stack: 0x0000008375900000,0x0000008375a00000] [id=15668]
  0x00000211b077adc0 GCTaskThread "GC Thread#4" [stack: 0x0000008375a00000,0x0000008375b00000] [id=14904]
  0x00000211b077a860 GCTaskThread "GC Thread#5" [stack: 0x0000008375b00000,0x0000008375c00000] [id=19492]
  0x00000211b077ab10 GCTaskThread "GC Thread#6" [stack: 0x0000008375d00000,0x0000008375e00000] [id=16316]
  0x00000211b0779590 GCTaskThread "GC Thread#7" [stack: 0x0000008375e00000,0x0000008375f00000] [id=13824]
  0x0000021194caa570 ConcurrentGCThread "G1 Main Marker" [stack: 0x0000008374400000,0x0000008374500000] [id=2520]
  0x0000021194cabb60 ConcurrentGCThread "G1 Conc#0" [stack: 0x0000008374500000,0x0000008374600000] [id=17876]
  0x00000211b077a050 ConcurrentGCThread "G1 Conc#1" [stack: 0x0000008376b00000,0x0000008376c00000] [id=5184]
  0x0000021194d3e530 ConcurrentGCThread "G1 Refine#0" [stack: 0x0000008374600000,0x0000008374700000] [id=12916]
  0x00000211b6a80690 ConcurrentGCThread "G1 Refine#1" [stack: 0x0000008378600000,0x0000008378700000] [id=4092]
  0x00000211b6a80c50 ConcurrentGCThread "G1 Refine#2" [stack: 0x0000008379400000,0x0000008379500000] [id=11204]
  0x00000211b0c3e2d0 ConcurrentGCThread "G1 Refine#3" [stack: 0x000000837ab00000,0x000000837ac00000] [id=14708]
  0x00000211b0c3f6f0 ConcurrentGCThread "G1 Refine#4" [stack: 0x000000837ac00000,0x000000837ad00000] [id=13588]
  0x00000211b0c3da30 ConcurrentGCThread "G1 Refine#5" [stack: 0x000000837ad00000,0x000000837ae00000] [id=18040]
  0x00000211af681140 ConcurrentGCThread "G1 Service" [stack: 0x0000008374700000,0x0000008374800000] [id=13392]

Threads with active compile tasks:
C2 CompilerThread0    10295 10530       4       java.beans.Introspector::addMethod (196 bytes)

VM state: not at safepoint (normal execution)

VM Mutex/Monitor currently owned by a thread: None

Heap address: 0x00000000e0000000, size: 512 MB, Compressed Oops mode: 32-bit

CDS archive(s) mapped at: [0x0000000800000000-0x0000000800bc0000-0x0000000800bc0000), size 12320768, SharedBaseAddress: 0x0000000800000000, ArchiveRelocationMode: 0.
Compressed class space mapped at: 0x0000000800c00000-0x0000000814000000, reserved size: 322961408
Narrow klass base: 0x0000000800000000, Narrow klass shift: 0, Narrow klass range: 0x100000000

GC Precious Log:
 CPUs: 8 total, 8 available
 Memory: 16124M
 Large Page Support: Disabled
 NUMA Support: Disabled
 Compressed Oops: Enabled (32-bit)
 Heap Region Size: 1M
 Heap Min Capacity: 256M
 Heap Initial Capacity: 256M
 Heap Max Capacity: 512M
 Pre-touch: Disabled
 Parallel Workers: 8
 Concurrent Workers: 2
 Concurrent Refinement Workers: 8
 Periodic GC: Disabled

Heap:
 garbage-first heap   total 262144K, used 186731K [0x00000000e0000000, 0x0000000100000000)
  region size 1024K, 87 young (89088K), 15 survivors (15360K)
 Metaspace       used 70469K, committed 71616K, reserved 380928K
  class space    used 10191K, committed 10752K, reserved 315392K

Heap Regions: E=young(eden), S=young(survivor), O=old, HS=humongous(starts), HC=humongous(continues), CS=collection set, F=free, OA=open archive, CA=closed archive, TAMS=top-at-mark-start (previous, next)
|   0|0x00000000e0000000, 0x00000000e0100000, 0x00000000e0100000|100%|HS|  |TAMS 0x00000000e0100000, 0x00000000e0000000| Complete 
|   1|0x00000000e0100000, 0x00000000e0200000, 0x00000000e0200000|100%|HC|  |TAMS 0x00000000e0200000, 0x00000000e0100000| Complete 
|   2|0x00000000e0200000, 0x00000000e0300000, 0x00000000e0300000|100%|HC|  |TAMS 0x00000000e0300000, 0x00000000e0200000| Complete 
|   3|0x00000000e0300000, 0x00000000e0400000, 0x00000000e0400000|100%|HC|  |TAMS 0x00000000e0400000, 0x00000000e0300000| Complete 
|   4|0x00000000e0400000, 0x00000000e0500000, 0x00000000e0500000|100%| O|  |TAMS 0x00000000e0500000, 0x00000000e0400000| Untracked 
|   5|0x00000000e0500000, 0x00000000e0600000, 0x00000000e0600000|100%| O|  |TAMS 0x00000000e0600000, 0x00000000e0500000| Untracked 
|   6|0x00000000e0600000, 0x00000000e0700000, 0x00000000e0700000|100%| O|  |TAMS 0x00000000e0700000, 0x00000000e0600000| Untracked 
|   7|0x00000000e0700000, 0x00000000e0800000, 0x00000000e0800000|100%|HS|  |TAMS 0x00000000e0800000, 0x00000000e0700000| Complete 
|   8|0x00000000e0800000, 0x00000000e0900000, 0x00000000e0900000|100%|HS|  |TAMS 0x00000000e0900000, 0x00000000e0800000| Complete 
|   9|0x00000000e0900000, 0x00000000e0a00000, 0x00000000e0a00000|100%| O|  |TAMS 0x00000000e0a00000, 0x00000000e0900000| Untracked 
|  10|0x00000000e0a00000, 0x00000000e0b00000, 0x00000000e0b00000|100%| O|  |TAMS 0x00000000e0b00000, 0x00000000e0a00000| Untracked 
|  11|0x00000000e0b00000, 0x00000000e0c00000, 0x00000000e0c00000|100%|HS|  |TAMS 0x00000000e0c00000, 0x00000000e0b00000| Complete 
|  12|0x00000000e0c00000, 0x00000000e0d00000, 0x00000000e0d00000|100%|HC|  |TAMS 0x00000000e0d00000, 0x00000000e0c00000| Complete 
|  13|0x00000000e0d00000, 0x00000000e0e00000, 0x00000000e0e00000|100%|HC|  |TAMS 0x00000000e0e00000, 0x00000000e0d00000| Complete 
|  14|0x00000000e0e00000, 0x00000000e0f00000, 0x00000000e0f00000|100%|HC|  |TAMS 0x00000000e0f00000, 0x00000000e0e00000| Complete 
|  15|0x00000000e0f00000, 0x00000000e1000000, 0x00000000e1000000|100%|HC|  |TAMS 0x00000000e1000000, 0x00000000e0f00000| Complete 
|  16|0x00000000e1000000, 0x00000000e1100000, 0x00000000e1100000|100%|HC|  |TAMS 0x00000000e1100000, 0x00000000e1000000| Complete 
|  17|0x00000000e1100000, 0x00000000e1200000, 0x00000000e1200000|100%|HS|  |TAMS 0x00000000e1200000, 0x00000000e1100000| Complete 
|  18|0x00000000e1200000, 0x00000000e1300000, 0x00000000e1300000|100%|HC|  |TAMS 0x00000000e1300000, 0x00000000e1200000| Complete 
|  19|0x00000000e1300000, 0x00000000e1400000, 0x00000000e1400000|100%|HS|  |TAMS 0x00000000e1400000, 0x00000000e1300000| Complete 
|  20|0x00000000e1400000, 0x00000000e1500000, 0x00000000e1500000|100%|HS|  |TAMS 0x00000000e1500000, 0x00000000e1400000| Complete 
|  21|0x00000000e1500000, 0x00000000e1600000, 0x00000000e1600000|100%|HC|  |TAMS 0x00000000e1600000, 0x00000000e1500000| Complete 
|  22|0x00000000e1600000, 0x00000000e1700000, 0x00000000e1700000|100%|HC|  |TAMS 0x00000000e1700000, 0x00000000e1600000| Complete 
|  23|0x00000000e1700000, 0x00000000e1800000, 0x00000000e1800000|100%|HS|  |TAMS 0x00000000e1800000, 0x00000000e1700000| Complete 
|  24|0x00000000e1800000, 0x00000000e1900000, 0x00000000e1900000|100%|HC|  |TAMS 0x00000000e1900000, 0x00000000e1800000| Complete 
|  25|0x00000000e1900000, 0x00000000e1a00000, 0x00000000e1a00000|100%|HC|  |TAMS 0x00000000e1a00000, 0x00000000e1900000| Complete 
|  26|0x00000000e1a00000, 0x00000000e1b00000, 0x00000000e1b00000|100%|HC|  |TAMS 0x00000000e1b00000, 0x00000000e1a00000| Complete 
|  27|0x00000000e1b00000, 0x00000000e1c00000, 0x00000000e1c00000|100%|HC|  |TAMS 0x00000000e1c00000, 0x00000000e1b00000| Complete 
|  28|0x00000000e1c00000, 0x00000000e1d00000, 0x00000000e1d00000|100%|HC|  |TAMS 0x00000000e1d00000, 0x00000000e1c00000| Complete 
|  29|0x00000000e1d00000, 0x00000000e1e00000, 0x00000000e1e00000|100%|HS|  |TAMS 0x00000000e1e00000, 0x00000000e1d00000| Complete 
|  30|0x00000000e1e00000, 0x00000000e1f00000, 0x00000000e1f00000|100%|HS|  |TAMS 0x00000000e1f00000, 0x00000000e1e00000| Complete 
|  31|0x00000000e1f00000, 0x00000000e2000000, 0x00000000e2000000|100%|HC|  |TAMS 0x00000000e2000000, 0x00000000e1f00000| Complete 
|  32|0x00000000e2000000, 0x00000000e2100000, 0x00000000e2100000|100%|HS|  |TAMS 0x00000000e2100000, 0x00000000e2000000| Complete 
|  33|0x00000000e2100000, 0x00000000e2200000, 0x00000000e2200000|100%|HS|  |TAMS 0x00000000e2200000, 0x00000000e2100000| Complete 
|  34|0x00000000e2200000, 0x00000000e2300000, 0x00000000e2300000|100%|HC|  |TAMS 0x00000000e2300000, 0x00000000e2200000| Complete 
|  35|0x00000000e2300000, 0x00000000e2400000, 0x00000000e2400000|100%|HC|  |TAMS 0x00000000e2400000, 0x00000000e2300000| Complete 
|  36|0x00000000e2400000, 0x00000000e2500000, 0x00000000e2500000|100%| O|  |TAMS 0x00000000e2500000, 0x00000000e2400000| Untracked 
|  37|0x00000000e2500000, 0x00000000e2600000, 0x00000000e2600000|100%| O|  |TAMS 0x00000000e2600000, 0x00000000e2500000| Untracked 
|  38|0x00000000e2600000, 0x00000000e2700000, 0x00000000e2700000|100%| O|  |TAMS 0x00000000e2700000, 0x00000000e2600000| Untracked 
|  39|0x00000000e2700000, 0x00000000e2800000, 0x00000000e2800000|100%| O|  |TAMS 0x00000000e2800000, 0x00000000e2700000| Untracked 
|  40|0x00000000e2800000, 0x00000000e2900000, 0x00000000e2900000|100%|HS|  |TAMS 0x00000000e2900000, 0x00000000e2800000| Complete 
|  41|0x00000000e2900000, 0x00000000e2a00000, 0x00000000e2a00000|100%|HC|  |TAMS 0x00000000e2a00000, 0x00000000e2900000| Complete 
|  42|0x00000000e2a00000, 0x00000000e2b00000, 0x00000000e2b00000|100%| O|  |TAMS 0x00000000e2b00000, 0x00000000e2a00000| Untracked 
|  43|0x00000000e2b00000, 0x00000000e2c00000, 0x00000000e2c00000|100%| O|  |TAMS 0x00000000e2c00000, 0x00000000e2b00000| Untracked 
|  44|0x00000000e2c00000, 0x00000000e2d00000, 0x00000000e2d00000|100%| O|  |TAMS 0x00000000e2d00000, 0x00000000e2c00000| Untracked 
|  45|0x00000000e2d00000, 0x00000000e2e00000, 0x00000000e2e00000|100%| O|  |TAMS 0x00000000e2e00000, 0x00000000e2d00000| Untracked 
|  46|0x00000000e2e00000, 0x00000000e2f00000, 0x00000000e2f00000|100%| O|  |TAMS 0x00000000e2f00000, 0x00000000e2e00000| Untracked 
|  47|0x00000000e2f00000, 0x00000000e3000000, 0x00000000e3000000|100%| O|  |TAMS 0x00000000e3000000, 0x00000000e2f00000| Untracked 
|  48|0x00000000e3000000, 0x00000000e3100000, 0x00000000e3100000|100%| O|  |TAMS 0x00000000e3100000, 0x00000000e3000000| Untracked 
|  49|0x00000000e3100000, 0x00000000e3200000, 0x00000000e3200000|100%| O|  |TAMS 0x00000000e3200000, 0x00000000e3100000| Untracked 
|  50|0x00000000e3200000, 0x00000000e3300000, 0x00000000e3300000|100%| O|  |TAMS 0x00000000e3300000, 0x00000000e3200000| Untracked 
|  51|0x00000000e3300000, 0x00000000e3400000, 0x00000000e3400000|100%| O|  |TAMS 0x00000000e3400000, 0x00000000e3300000| Untracked 
|  52|0x00000000e3400000, 0x00000000e3500000, 0x00000000e3500000|100%| O|  |TAMS 0x00000000e3500000, 0x00000000e3400000| Untracked 
|  53|0x00000000e3500000, 0x00000000e3600000, 0x00000000e3600000|100%| O|  |TAMS 0x00000000e3600000, 0x00000000e3500000| Untracked 
|  54|0x00000000e3600000, 0x00000000e3700000, 0x00000000e3700000|100%| O|  |TAMS 0x00000000e3700000, 0x00000000e3600000| Untracked 
|  55|0x00000000e3700000, 0x00000000e3800000, 0x00000000e3800000|100%| O|  |TAMS 0x00000000e3800000, 0x00000000e3700000| Untracked 
|  56|0x00000000e3800000, 0x00000000e3900000, 0x00000000e3900000|100%| O|  |TAMS 0x00000000e3900000, 0x00000000e3800000| Untracked 
|  57|0x00000000e3900000, 0x00000000e3a00000, 0x00000000e3a00000|100%| O|  |TAMS 0x00000000e3a00000, 0x00000000e3900000| Untracked 
|  58|0x00000000e3a00000, 0x00000000e3b00000, 0x00000000e3b00000|100%| O|  |TAMS 0x00000000e3b00000, 0x00000000e3a00000| Untracked 
|  59|0x00000000e3b00000, 0x00000000e3c00000, 0x00000000e3c00000|100%| O|  |TAMS 0x00000000e3c00000, 0x00000000e3b00000| Untracked 
|  60|0x00000000e3c00000, 0x00000000e3d00000, 0x00000000e3d00000|100%| O|  |TAMS 0x00000000e3d00000, 0x00000000e3c00000| Untracked 
|  61|0x00000000e3d00000, 0x00000000e3e00000, 0x00000000e3e00000|100%|HS|  |TAMS 0x00000000e3e00000, 0x00000000e3d00000| Complete 
|  62|0x00000000e3e00000, 0x00000000e3f00000, 0x00000000e3f00000|100%|HC|  |TAMS 0x00000000e3f00000, 0x00000000e3e00000| Complete 
|  63|0x00000000e3f00000, 0x00000000e4000000, 0x00000000e4000000|100%|HC|  |TAMS 0x00000000e4000000, 0x00000000e3f00000| Complete 
|  64|0x00000000e4000000, 0x00000000e4100000, 0x00000000e4100000|100%|HC|  |TAMS 0x00000000e4100000, 0x00000000e4000000| Complete 
|  65|0x00000000e4100000, 0x00000000e4200000, 0x00000000e4200000|100%|HC|  |TAMS 0x00000000e4200000, 0x00000000e4100000| Complete 
|  66|0x00000000e4200000, 0x00000000e4300000, 0x00000000e4300000|100%|HC|  |TAMS 0x00000000e4300000, 0x00000000e4200000| Complete 
|  67|0x00000000e4300000, 0x00000000e4400000, 0x00000000e4400000|100%|HS|  |TAMS 0x00000000e4400000, 0x00000000e4300000| Complete 
|  68|0x00000000e4400000, 0x00000000e4500000, 0x00000000e4500000|100%|HS|  |TAMS 0x00000000e4500000, 0x00000000e4400000| Complete 
|  69|0x00000000e4500000, 0x00000000e4600000, 0x00000000e4600000|100%|HC|  |TAMS 0x00000000e4600000, 0x00000000e4500000| Complete 
|  70|0x00000000e4600000, 0x00000000e4700000, 0x00000000e4700000|100%|HC|  |TAMS 0x00000000e4700000, 0x00000000e4600000| Complete 
|  71|0x00000000e4700000, 0x00000000e4800000, 0x00000000e4800000|100%|HC|  |TAMS 0x00000000e4800000, 0x00000000e4700000| Complete 
|  72|0x00000000e4800000, 0x00000000e4900000, 0x00000000e4900000|100%|HC|  |TAMS 0x00000000e4900000, 0x00000000e4800000| Complete 
|  73|0x00000000e4900000, 0x00000000e4a00000, 0x00000000e4a00000|100%|HC|  |TAMS 0x00000000e4a00000, 0x00000000e4900000| Complete 
|  74|0x00000000e4a00000, 0x00000000e4b00000, 0x00000000e4b00000|100%|HS|  |TAMS 0x00000000e4b00000, 0x00000000e4a00000| Complete 
|  75|0x00000000e4b00000, 0x00000000e4c00000, 0x00000000e4c00000|100%| O|  |TAMS 0x00000000e4c00000, 0x00000000e4b00000| Untracked 
|  76|0x00000000e4c00000, 0x00000000e4d00000, 0x00000000e4d00000|100%| O|  |TAMS 0x00000000e4d00000, 0x00000000e4c00000| Untracked 
|  77|0x00000000e4d00000, 0x00000000e4e00000, 0x00000000e4e00000|100%| O|  |TAMS 0x00000000e4e00000, 0x00000000e4d00000| Untracked 
|  78|0x00000000e4e00000, 0x00000000e4f00000, 0x00000000e4f00000|100%| O|  |TAMS 0x00000000e4f00000, 0x00000000e4e00000| Untracked 
|  79|0x00000000e4f00000, 0x00000000e5000000, 0x00000000e5000000|100%| O|  |TAMS 0x00000000e5000000, 0x00000000e4f00000| Untracked 
|  80|0x00000000e5000000, 0x00000000e5100000, 0x00000000e5100000|100%| O|  |TAMS 0x00000000e5100000, 0x00000000e5000000| Untracked 
|  81|0x00000000e5100000, 0x00000000e5200000, 0x00000000e5200000|100%| O|  |TAMS 0x00000000e5200000, 0x00000000e5100000| Untracked 
|  82|0x00000000e5200000, 0x00000000e5300000, 0x00000000e5300000|100%| O|  |TAMS 0x00000000e52e8800, 0x00000000e5200000| Untracked 
|  83|0x00000000e5300000, 0x00000000e5400000, 0x00000000e5400000|100%| O|  |TAMS 0x00000000e5300000, 0x00000000e5300000| Untracked 
|  84|0x00000000e5400000, 0x00000000e5500000, 0x00000000e5500000|100%| O|  |TAMS 0x00000000e5400000, 0x00000000e5400000| Untracked 
|  85|0x00000000e5500000, 0x00000000e5600000, 0x00000000e5600000|100%| O|  |TAMS 0x00000000e5500000, 0x00000000e5500000| Untracked 
|  86|0x00000000e5600000, 0x00000000e5700000, 0x00000000e5700000|100%| O|  |TAMS 0x00000000e5600000, 0x00000000e5600000| Untracked 
|  87|0x00000000e5700000, 0x00000000e5800000, 0x00000000e5800000|100%| O|  |TAMS 0x00000000e5700000, 0x00000000e5700000| Untracked 
|  88|0x00000000e5800000, 0x00000000e5900000, 0x00000000e5900000|100%|HS|  |TAMS 0x00000000e5800000, 0x00000000e5800000| Complete 
|  89|0x00000000e5900000, 0x00000000e5a00000, 0x00000000e5a00000|100%|HC|  |TAMS 0x00000000e5900000, 0x00000000e5900000| Complete 
|  90|0x00000000e5a00000, 0x00000000e5b00000, 0x00000000e5b00000|100%| O|  |TAMS 0x00000000e5a00000, 0x00000000e5a00000| Untracked 
|  91|0x00000000e5b00000, 0x00000000e5c00000, 0x00000000e5c00000|100%| O|  |TAMS 0x00000000e5b00000, 0x00000000e5b00000| Untracked 
|  92|0x00000000e5c00000, 0x00000000e5d00000, 0x00000000e5d00000|100%| O|  |TAMS 0x00000000e5c00000, 0x00000000e5c00000| Untracked 
|  93|0x00000000e5d00000, 0x00000000e5e00000, 0x00000000e5e00000|100%| O|  |TAMS 0x00000000e5d00000, 0x00000000e5d00000| Untracked 
|  94|0x00000000e5e00000, 0x00000000e5f00000, 0x00000000e5f00000|100%| O|  |TAMS 0x00000000e5e00000, 0x00000000e5e00000| Untracked 
|  95|0x00000000e5f00000, 0x00000000e6000000, 0x00000000e6000000|100%| O|  |TAMS 0x00000000e5f00000, 0x00000000e5f00000| Untracked 
|  96|0x00000000e6000000, 0x00000000e605ae00, 0x00000000e6100000| 35%| O|  |TAMS 0x00000000e6000000, 0x00000000e6000000| Untracked 
|  97|0x00000000e6100000, 0x00000000e6100000, 0x00000000e6200000|  0%| F|  |TAMS 0x00000000e6100000, 0x00000000e6100000| Untracked 
|  98|0x00000000e6200000, 0x00000000e6200000, 0x00000000e6300000|  0%| F|  |TAMS 0x00000000e6200000, 0x00000000e6200000| Untracked 
|  99|0x00000000e6300000, 0x00000000e6300000, 0x00000000e6400000|  0%| F|  |TAMS 0x00000000e6300000, 0x00000000e6300000| Untracked 
| 100|0x00000000e6400000, 0x00000000e6400000, 0x00000000e6500000|  0%| F|  |TAMS 0x00000000e6400000, 0x00000000e6400000| Untracked 
| 101|0x00000000e6500000, 0x00000000e6500000, 0x00000000e6600000|  0%| F|  |TAMS 0x00000000e6500000, 0x00000000e6500000| Untracked 
| 102|0x00000000e6600000, 0x00000000e6600000, 0x00000000e6700000|  0%| F|  |TAMS 0x00000000e6600000, 0x00000000e6600000| Untracked 
| 103|0x00000000e6700000, 0x00000000e6700000, 0x00000000e6800000|  0%| F|  |TAMS 0x00000000e6700000, 0x00000000e6700000| Untracked 
| 104|0x00000000e6800000, 0x00000000e6800000, 0x00000000e6900000|  0%| F|  |TAMS 0x00000000e6800000, 0x00000000e6800000| Untracked 
| 105|0x00000000e6900000, 0x00000000e6900000, 0x00000000e6a00000|  0%| F|  |TAMS 0x00000000e6900000, 0x00000000e6900000| Untracked 
| 106|0x00000000e6a00000, 0x00000000e6a00000, 0x00000000e6b00000|  0%| F|  |TAMS 0x00000000e6a00000, 0x00000000e6a00000| Untracked 
| 107|0x00000000e6b00000, 0x00000000e6b00000, 0x00000000e6c00000|  0%| F|  |TAMS 0x00000000e6b00000, 0x00000000e6b00000| Untracked 
| 108|0x00000000e6c00000, 0x00000000e6c00000, 0x00000000e6d00000|  0%| F|  |TAMS 0x00000000e6c00000, 0x00000000e6c00000| Untracked 
| 109|0x00000000e6d00000, 0x00000000e6d00000, 0x00000000e6e00000|  0%| F|  |TAMS 0x00000000e6d00000, 0x00000000e6d00000| Untracked 
| 110|0x00000000e6e00000, 0x00000000e6e00000, 0x00000000e6f00000|  0%| F|  |TAMS 0x00000000e6e00000, 0x00000000e6e00000| Untracked 
| 111|0x00000000e6f00000, 0x00000000e6f00000, 0x00000000e7000000|  0%| F|  |TAMS 0x00000000e6f00000, 0x00000000e6f00000| Untracked 
| 112|0x00000000e7000000, 0x00000000e7000000, 0x00000000e7100000|  0%| F|  |TAMS 0x00000000e7000000, 0x00000000e7000000| Untracked 
| 113|0x00000000e7100000, 0x00000000e7100000, 0x00000000e7200000|  0%| F|  |TAMS 0x00000000e7100000, 0x00000000e7100000| Untracked 
| 114|0x00000000e7200000, 0x00000000e7200000, 0x00000000e7300000|  0%| F|  |TAMS 0x00000000e7200000, 0x00000000e7200000| Untracked 
| 115|0x00000000e7300000, 0x00000000e7300000, 0x00000000e7400000|  0%| F|  |TAMS 0x00000000e7300000, 0x00000000e7300000| Untracked 
| 116|0x00000000e7400000, 0x00000000e7400000, 0x00000000e7500000|  0%| F|  |TAMS 0x00000000e7400000, 0x00000000e7400000| Untracked 
| 117|0x00000000e7500000, 0x00000000e7500000, 0x00000000e7600000|  0%| F|  |TAMS 0x00000000e7500000, 0x00000000e7500000| Untracked 
| 118|0x00000000e7600000, 0x00000000e7600000, 0x00000000e7700000|  0%| F|  |TAMS 0x00000000e7600000, 0x00000000e7600000| Untracked 
| 119|0x00000000e7700000, 0x00000000e7700000, 0x00000000e7800000|  0%| F|  |TAMS 0x00000000e7700000, 0x00000000e7700000| Untracked 
| 120|0x00000000e7800000, 0x00000000e7800000, 0x00000000e7900000|  0%| F|  |TAMS 0x00000000e7800000, 0x00000000e7800000| Untracked 
| 121|0x00000000e7900000, 0x00000000e7900000, 0x00000000e7a00000|  0%| F|  |TAMS 0x00000000e7900000, 0x00000000e7900000| Untracked 
| 122|0x00000000e7a00000, 0x00000000e7b00000, 0x00000000e7b00000|100%| S|CS|TAMS 0x00000000e7a00000, 0x00000000e7a00000| Complete 
| 123|0x00000000e7b00000, 0x00000000e7c00000, 0x00000000e7c00000|100%| S|CS|TAMS 0x00000000e7b00000, 0x00000000e7b00000| Complete 
| 124|0x00000000e7c00000, 0x00000000e7d00000, 0x00000000e7d00000|100%| S|CS|TAMS 0x00000000e7c00000, 0x00000000e7c00000| Complete 
| 125|0x00000000e7d00000, 0x00000000e7e00000, 0x00000000e7e00000|100%| S|CS|TAMS 0x00000000e7d00000, 0x00000000e7d00000| Complete 
| 126|0x00000000e7e00000, 0x00000000e7f00000, 0x00000000e7f00000|100%| S|CS|TAMS 0x00000000e7e00000, 0x00000000e7e00000| Complete 
| 127|0x00000000e7f00000, 0x00000000e8000000, 0x00000000e8000000|100%| S|CS|TAMS 0x00000000e7f00000, 0x00000000e7f00000| Complete 
| 128|0x00000000e8000000, 0x00000000e8100000, 0x00000000e8100000|100%| S|CS|TAMS 0x00000000e8000000, 0x00000000e8000000| Complete 
| 129|0x00000000e8100000, 0x00000000e8200000, 0x00000000e8200000|100%| S|CS|TAMS 0x00000000e8100000, 0x00000000e8100000| Complete 
| 130|0x00000000e8200000, 0x00000000e8300000, 0x00000000e8300000|100%| S|CS|TAMS 0x00000000e8200000, 0x00000000e8200000| Complete 
| 131|0x00000000e8300000, 0x00000000e8400000, 0x00000000e8400000|100%| S|CS|TAMS 0x00000000e8300000, 0x00000000e8300000| Complete 
| 132|0x00000000e8400000, 0x00000000e8500000, 0x00000000e8500000|100%| S|CS|TAMS 0x00000000e8400000, 0x00000000e8400000| Complete 
| 133|0x00000000e8500000, 0x00000000e8600000, 0x00000000e8600000|100%| S|CS|TAMS 0x00000000e8500000, 0x00000000e8500000| Complete 
| 134|0x00000000e8600000, 0x00000000e8700000, 0x00000000e8700000|100%| S|CS|TAMS 0x00000000e8600000, 0x00000000e8600000| Complete 
| 135|0x00000000e8700000, 0x00000000e8800000, 0x00000000e8800000|100%| S|CS|TAMS 0x00000000e8700000, 0x00000000e8700000| Complete 
| 136|0x00000000e8800000, 0x00000000e8900000, 0x00000000e8900000|100%| S|CS|TAMS 0x00000000e8800000, 0x00000000e8800000| Complete 
| 137|0x00000000e8900000, 0x00000000e8900000, 0x00000000e8a00000|  0%| F|  |TAMS 0x00000000e8900000, 0x00000000e8900000| Untracked 
| 138|0x00000000e8a00000, 0x00000000e8a00000, 0x00000000e8b00000|  0%| F|  |TAMS 0x00000000e8a00000, 0x00000000e8a00000| Untracked 
| 139|0x00000000e8b00000, 0x00000000e8b00000, 0x00000000e8c00000|  0%| F|  |TAMS 0x00000000e8b00000, 0x00000000e8b00000| Untracked 
| 140|0x00000000e8c00000, 0x00000000e8c00000, 0x00000000e8d00000|  0%| F|  |TAMS 0x00000000e8c00000, 0x00000000e8c00000| Untracked 
| 141|0x00000000e8d00000, 0x00000000e8d00000, 0x00000000e8e00000|  0%| F|  |TAMS 0x00000000e8d00000, 0x00000000e8d00000| Untracked 
| 142|0x00000000e8e00000, 0x00000000e8e00000, 0x00000000e8f00000|  0%| F|  |TAMS 0x00000000e8e00000, 0x00000000e8e00000| Untracked 
| 143|0x00000000e8f00000, 0x00000000e8f00000, 0x00000000e9000000|  0%| F|  |TAMS 0x00000000e8f00000, 0x00000000e8f00000| Untracked 
| 144|0x00000000e9000000, 0x00000000e9000000, 0x00000000e9100000|  0%| F|  |TAMS 0x00000000e9000000, 0x00000000e9000000| Untracked 
| 145|0x00000000e9100000, 0x00000000e9100000, 0x00000000e9200000|  0%| F|  |TAMS 0x00000000e9100000, 0x00000000e9100000| Untracked 
| 146|0x00000000e9200000, 0x00000000e9200000, 0x00000000e9300000|  0%| F|  |TAMS 0x00000000e9200000, 0x00000000e9200000| Untracked 
| 147|0x00000000e9300000, 0x00000000e9300000, 0x00000000e9400000|  0%| F|  |TAMS 0x00000000e9300000, 0x00000000e9300000| Untracked 
| 148|0x00000000e9400000, 0x00000000e9400000, 0x00000000e9500000|  0%| F|  |TAMS 0x00000000e9400000, 0x00000000e9400000| Untracked 
| 149|0x00000000e9500000, 0x00000000e9500000, 0x00000000e9600000|  0%| F|  |TAMS 0x00000000e9500000, 0x00000000e9500000| Untracked 
| 150|0x00000000e9600000, 0x00000000e9600000, 0x00000000e9700000|  0%| F|  |TAMS 0x00000000e9600000, 0x00000000e9600000| Untracked 
| 151|0x00000000e9700000, 0x00000000e9700000, 0x00000000e9800000|  0%| F|  |TAMS 0x00000000e9700000, 0x00000000e9700000| Untracked 
| 152|0x00000000e9800000, 0x00000000e9800000, 0x00000000e9900000|  0%| F|  |TAMS 0x00000000e9800000, 0x00000000e9800000| Untracked 
| 153|0x00000000e9900000, 0x00000000e9900000, 0x00000000e9a00000|  0%| F|  |TAMS 0x00000000e9900000, 0x00000000e9900000| Untracked 
| 154|0x00000000e9a00000, 0x00000000e9a00000, 0x00000000e9b00000|  0%| F|  |TAMS 0x00000000e9a00000, 0x00000000e9a00000| Untracked 
| 155|0x00000000e9b00000, 0x00000000e9b00000, 0x00000000e9c00000|  0%| F|  |TAMS 0x00000000e9b00000, 0x00000000e9b00000| Untracked 
| 156|0x00000000e9c00000, 0x00000000e9c00000, 0x00000000e9d00000|  0%| F|  |TAMS 0x00000000e9c00000, 0x00000000e9c00000| Untracked 
| 157|0x00000000e9d00000, 0x00000000e9d00000, 0x00000000e9e00000|  0%| F|  |TAMS 0x00000000e9d00000, 0x00000000e9d00000| Untracked 
| 158|0x00000000e9e00000, 0x00000000e9e00000, 0x00000000e9f00000|  0%| F|  |TAMS 0x00000000e9e00000, 0x00000000e9e00000| Untracked 
| 159|0x00000000e9f00000, 0x00000000e9f00000, 0x00000000ea000000|  0%| F|  |TAMS 0x00000000e9f00000, 0x00000000e9f00000| Untracked 
| 160|0x00000000ea000000, 0x00000000ea000000, 0x00000000ea100000|  0%| F|  |TAMS 0x00000000ea000000, 0x00000000ea000000| Untracked 
| 161|0x00000000ea100000, 0x00000000ea100000, 0x00000000ea200000|  0%| F|  |TAMS 0x00000000ea100000, 0x00000000ea100000| Untracked 
| 162|0x00000000ea200000, 0x00000000ea200000, 0x00000000ea300000|  0%| F|  |TAMS 0x00000000ea200000, 0x00000000ea200000| Untracked 
| 163|0x00000000ea300000, 0x00000000ea300000, 0x00000000ea400000|  0%| F|  |TAMS 0x00000000ea300000, 0x00000000ea300000| Untracked 
| 164|0x00000000ea400000, 0x00000000ea400000, 0x00000000ea500000|  0%| F|  |TAMS 0x00000000ea400000, 0x00000000ea400000| Untracked 
| 165|0x00000000ea500000, 0x00000000ea500000, 0x00000000ea600000|  0%| F|  |TAMS 0x00000000ea500000, 0x00000000ea500000| Untracked 
| 166|0x00000000ea600000, 0x00000000ea600000, 0x00000000ea700000|  0%| F|  |TAMS 0x00000000ea600000, 0x00000000ea600000| Untracked 
| 167|0x00000000ea700000, 0x00000000ea700000, 0x00000000ea800000|  0%| F|  |TAMS 0x00000000ea700000, 0x00000000ea700000| Untracked 
| 168|0x00000000ea800000, 0x00000000ea800000, 0x00000000ea900000|  0%| F|  |TAMS 0x00000000ea800000, 0x00000000ea800000| Untracked 
| 169|0x00000000ea900000, 0x00000000ea900000, 0x00000000eaa00000|  0%| F|  |TAMS 0x00000000ea900000, 0x00000000ea900000| Untracked 
| 170|0x00000000eaa00000, 0x00000000eaa00000, 0x00000000eab00000|  0%| F|  |TAMS 0x00000000eaa00000, 0x00000000eaa00000| Untracked 
| 171|0x00000000eab00000, 0x00000000eab00000, 0x00000000eac00000|  0%| F|  |TAMS 0x00000000eab00000, 0x00000000eab00000| Untracked 
| 172|0x00000000eac00000, 0x00000000eac00000, 0x00000000ead00000|  0%| F|  |TAMS 0x00000000eac00000, 0x00000000eac00000| Untracked 
| 173|0x00000000ead00000, 0x00000000ead00000, 0x00000000eae00000|  0%| F|  |TAMS 0x00000000ead00000, 0x00000000ead00000| Untracked 
| 174|0x00000000eae00000, 0x00000000eae00000, 0x00000000eaf00000|  0%| F|  |TAMS 0x00000000eae00000, 0x00000000eae00000| Untracked 
| 175|0x00000000eaf00000, 0x00000000eaf00000, 0x00000000eb000000|  0%| F|  |TAMS 0x00000000eaf00000, 0x00000000eaf00000| Untracked 
| 176|0x00000000eb000000, 0x00000000eb000000, 0x00000000eb100000|  0%| F|  |TAMS 0x00000000eb000000, 0x00000000eb000000| Untracked 
| 177|0x00000000eb100000, 0x00000000eb100000, 0x00000000eb200000|  0%| F|  |TAMS 0x00000000eb100000, 0x00000000eb100000| Untracked 
| 178|0x00000000eb200000, 0x00000000eb200000, 0x00000000eb300000|  0%| F|  |TAMS 0x00000000eb200000, 0x00000000eb200000| Untracked 
| 179|0x00000000eb300000, 0x00000000eb300000, 0x00000000eb400000|  0%| F|  |TAMS 0x00000000eb300000, 0x00000000eb300000| Untracked 
| 180|0x00000000eb400000, 0x00000000eb400000, 0x00000000eb500000|  0%| F|  |TAMS 0x00000000eb400000, 0x00000000eb400000| Untracked 
| 181|0x00000000eb500000, 0x00000000eb500000, 0x00000000eb600000|  0%| F|  |TAMS 0x00000000eb500000, 0x00000000eb500000| Untracked 
| 182|0x00000000eb600000, 0x00000000eb600000, 0x00000000eb700000|  0%| F|  |TAMS 0x00000000eb600000, 0x00000000eb600000| Untracked 
| 183|0x00000000eb700000, 0x00000000eb700000, 0x00000000eb800000|  0%| F|  |TAMS 0x00000000eb700000, 0x00000000eb700000| Untracked 
| 184|0x00000000eb800000, 0x00000000eb81a910, 0x00000000eb900000| 10%| E|  |TAMS 0x00000000eb800000, 0x00000000eb800000| Complete 
| 185|0x00000000eb900000, 0x00000000eba00000, 0x00000000eba00000|100%| E|CS|TAMS 0x00000000eb900000, 0x00000000eb900000| Complete 
| 186|0x00000000eba00000, 0x00000000ebb00000, 0x00000000ebb00000|100%| E|CS|TAMS 0x00000000eba00000, 0x00000000eba00000| Complete 
| 187|0x00000000ebb00000, 0x00000000ebc00000, 0x00000000ebc00000|100%| E|CS|TAMS 0x00000000ebb00000, 0x00000000ebb00000| Complete 
| 188|0x00000000ebc00000, 0x00000000ebd00000, 0x00000000ebd00000|100%| E|CS|TAMS 0x00000000ebc00000, 0x00000000ebc00000| Complete 
| 189|0x00000000ebd00000, 0x00000000ebe00000, 0x00000000ebe00000|100%| E|CS|TAMS 0x00000000ebd00000, 0x00000000ebd00000| Complete 
| 190|0x00000000ebe00000, 0x00000000ebf00000, 0x00000000ebf00000|100%| E|CS|TAMS 0x00000000ebe00000, 0x00000000ebe00000| Complete 
| 191|0x00000000ebf00000, 0x00000000ec000000, 0x00000000ec000000|100%| E|CS|TAMS 0x00000000ebf00000, 0x00000000ebf00000| Complete 
| 192|0x00000000ec000000, 0x00000000ec100000, 0x00000000ec100000|100%| E|CS|TAMS 0x00000000ec000000, 0x00000000ec000000| Complete 
| 193|0x00000000ec100000, 0x00000000ec200000, 0x00000000ec200000|100%| E|CS|TAMS 0x00000000ec100000, 0x00000000ec100000| Complete 
| 194|0x00000000ec200000, 0x00000000ec300000, 0x00000000ec300000|100%| E|CS|TAMS 0x00000000ec200000, 0x00000000ec200000| Complete 
| 195|0x00000000ec300000, 0x00000000ec400000, 0x00000000ec400000|100%| E|CS|TAMS 0x00000000ec300000, 0x00000000ec300000| Complete 
| 196|0x00000000ec400000, 0x00000000ec500000, 0x00000000ec500000|100%| E|CS|TAMS 0x00000000ec400000, 0x00000000ec400000| Complete 
| 197|0x00000000ec500000, 0x00000000ec600000, 0x00000000ec600000|100%| E|CS|TAMS 0x00000000ec500000, 0x00000000ec500000| Complete 
| 198|0x00000000ec600000, 0x00000000ec700000, 0x00000000ec700000|100%| E|CS|TAMS 0x00000000ec600000, 0x00000000ec600000| Complete 
| 199|0x00000000ec700000, 0x00000000ec800000, 0x00000000ec800000|100%| E|CS|TAMS 0x00000000ec700000, 0x00000000ec700000| Complete 
| 200|0x00000000ec800000, 0x00000000ec900000, 0x00000000ec900000|100%| E|CS|TAMS 0x00000000ec800000, 0x00000000ec800000| Complete 
| 201|0x00000000ec900000, 0x00000000eca00000, 0x00000000eca00000|100%| E|CS|TAMS 0x00000000ec900000, 0x00000000ec900000| Complete 
| 202|0x00000000eca00000, 0x00000000ecb00000, 0x00000000ecb00000|100%| E|CS|TAMS 0x00000000eca00000, 0x00000000eca00000| Complete 
| 203|0x00000000ecb00000, 0x00000000ecc00000, 0x00000000ecc00000|100%| E|CS|TAMS 0x00000000ecb00000, 0x00000000ecb00000| Complete 
| 204|0x00000000ecc00000, 0x00000000ecd00000, 0x00000000ecd00000|100%| E|CS|TAMS 0x00000000ecc00000, 0x00000000ecc00000| Complete 
| 205|0x00000000ecd00000, 0x00000000ece00000, 0x00000000ece00000|100%| E|CS|TAMS 0x00000000ecd00000, 0x00000000ecd00000| Complete 
| 206|0x00000000ece00000, 0x00000000ecf00000, 0x00000000ecf00000|100%| E|CS|TAMS 0x00000000ece00000, 0x00000000ece00000| Complete 
| 207|0x00000000ecf00000, 0x00000000ed000000, 0x00000000ed000000|100%| E|CS|TAMS 0x00000000ecf00000, 0x00000000ecf00000| Complete 
| 208|0x00000000ed000000, 0x00000000ed100000, 0x00000000ed100000|100%| E|CS|TAMS 0x00000000ed000000, 0x00000000ed000000| Complete 
| 209|0x00000000ed100000, 0x00000000ed200000, 0x00000000ed200000|100%| E|CS|TAMS 0x00000000ed100000, 0x00000000ed100000| Complete 
| 210|0x00000000ed200000, 0x00000000ed300000, 0x00000000ed300000|100%| E|CS|TAMS 0x00000000ed200000, 0x00000000ed200000| Complete 
| 211|0x00000000ed300000, 0x00000000ed400000, 0x00000000ed400000|100%| E|CS|TAMS 0x00000000ed300000, 0x00000000ed300000| Complete 
| 212|0x00000000ed400000, 0x00000000ed500000, 0x00000000ed500000|100%| E|CS|TAMS 0x00000000ed400000, 0x00000000ed400000| Complete 
| 213|0x00000000ed500000, 0x00000000ed600000, 0x00000000ed600000|100%| E|CS|TAMS 0x00000000ed500000, 0x00000000ed500000| Complete 
| 214|0x00000000ed600000, 0x00000000ed700000, 0x00000000ed700000|100%| E|CS|TAMS 0x00000000ed600000, 0x00000000ed600000| Complete 
| 215|0x00000000ed700000, 0x00000000ed800000, 0x00000000ed800000|100%| E|CS|TAMS 0x00000000ed700000, 0x00000000ed700000| Complete 
| 216|0x00000000ed800000, 0x00000000ed900000, 0x00000000ed900000|100%| E|CS|TAMS 0x00000000ed800000, 0x00000000ed800000| Complete 
| 217|0x00000000ed900000, 0x00000000eda00000, 0x00000000eda00000|100%| E|CS|TAMS 0x00000000ed900000, 0x00000000ed900000| Complete 
| 218|0x00000000eda00000, 0x00000000edb00000, 0x00000000edb00000|100%| E|CS|TAMS 0x00000000eda00000, 0x00000000eda00000| Complete 
| 219|0x00000000edb00000, 0x00000000edc00000, 0x00000000edc00000|100%| E|CS|TAMS 0x00000000edb00000, 0x00000000edb00000| Complete 
| 220|0x00000000edc00000, 0x00000000edd00000, 0x00000000edd00000|100%| E|CS|TAMS 0x00000000edc00000, 0x00000000edc00000| Complete 
| 221|0x00000000edd00000, 0x00000000ede00000, 0x00000000ede00000|100%| E|CS|TAMS 0x00000000edd00000, 0x00000000edd00000| Complete 
| 222|0x00000000ede00000, 0x00000000edf00000, 0x00000000edf00000|100%| E|CS|TAMS 0x00000000ede00000, 0x00000000ede00000| Complete 
| 223|0x00000000edf00000, 0x00000000ee000000, 0x00000000ee000000|100%| E|CS|TAMS 0x00000000edf00000, 0x00000000edf00000| Complete 
| 224|0x00000000ee000000, 0x00000000ee100000, 0x00000000ee100000|100%| E|CS|TAMS 0x00000000ee000000, 0x00000000ee000000| Complete 
| 225|0x00000000ee100000, 0x00000000ee200000, 0x00000000ee200000|100%| E|CS|TAMS 0x00000000ee100000, 0x00000000ee100000| Complete 
| 226|0x00000000ee200000, 0x00000000ee300000, 0x00000000ee300000|100%| E|CS|TAMS 0x00000000ee200000, 0x00000000ee200000| Complete 
| 227|0x00000000ee300000, 0x00000000ee400000, 0x00000000ee400000|100%| E|CS|TAMS 0x00000000ee300000, 0x00000000ee300000| Complete 
| 228|0x00000000ee400000, 0x00000000ee500000, 0x00000000ee500000|100%| E|CS|TAMS 0x00000000ee400000, 0x00000000ee400000| Complete 
| 229|0x00000000ee500000, 0x00000000ee600000, 0x00000000ee600000|100%| E|CS|TAMS 0x00000000ee500000, 0x00000000ee500000| Complete 
| 230|0x00000000ee600000, 0x00000000ee700000, 0x00000000ee700000|100%| E|CS|TAMS 0x00000000ee600000, 0x00000000ee600000| Complete 
| 231|0x00000000ee700000, 0x00000000ee800000, 0x00000000ee800000|100%| E|CS|TAMS 0x00000000ee700000, 0x00000000ee700000| Complete 
| 232|0x00000000ee800000, 0x00000000ee900000, 0x00000000ee900000|100%| E|CS|TAMS 0x00000000ee800000, 0x00000000ee800000| Complete 
| 233|0x00000000ee900000, 0x00000000eea00000, 0x00000000eea00000|100%| E|CS|TAMS 0x00000000ee900000, 0x00000000ee900000| Complete 
| 234|0x00000000eea00000, 0x00000000eeb00000, 0x00000000eeb00000|100%| E|CS|TAMS 0x00000000eea00000, 0x00000000eea00000| Complete 
| 235|0x00000000eeb00000, 0x00000000eec00000, 0x00000000eec00000|100%| E|CS|TAMS 0x00000000eeb00000, 0x00000000eeb00000| Complete 
| 236|0x00000000eec00000, 0x00000000eed00000, 0x00000000eed00000|100%| E|CS|TAMS 0x00000000eec00000, 0x00000000eec00000| Complete 
| 237|0x00000000eed00000, 0x00000000eee00000, 0x00000000eee00000|100%| E|CS|TAMS 0x00000000eed00000, 0x00000000eed00000| Complete 
| 238|0x00000000eee00000, 0x00000000eef00000, 0x00000000eef00000|100%| E|CS|TAMS 0x00000000eee00000, 0x00000000eee00000| Complete 
| 239|0x00000000eef00000, 0x00000000ef000000, 0x00000000ef000000|100%| E|CS|TAMS 0x00000000eef00000, 0x00000000eef00000| Complete 
| 240|0x00000000ef000000, 0x00000000ef100000, 0x00000000ef100000|100%| E|CS|TAMS 0x00000000ef000000, 0x00000000ef000000| Complete 
| 241|0x00000000ef100000, 0x00000000ef200000, 0x00000000ef200000|100%| E|CS|TAMS 0x00000000ef100000, 0x00000000ef100000| Complete 
| 242|0x00000000ef200000, 0x00000000ef300000, 0x00000000ef300000|100%| E|CS|TAMS 0x00000000ef200000, 0x00000000ef200000| Complete 
| 243|0x00000000ef300000, 0x00000000ef400000, 0x00000000ef400000|100%| E|CS|TAMS 0x00000000ef300000, 0x00000000ef300000| Complete 
| 244|0x00000000ef400000, 0x00000000ef500000, 0x00000000ef500000|100%| E|CS|TAMS 0x00000000ef400000, 0x00000000ef400000| Complete 
| 245|0x00000000ef500000, 0x00000000ef600000, 0x00000000ef600000|100%| E|CS|TAMS 0x00000000ef500000, 0x00000000ef500000| Complete 
| 246|0x00000000ef600000, 0x00000000ef700000, 0x00000000ef700000|100%| E|CS|TAMS 0x00000000ef600000, 0x00000000ef600000| Complete 
| 247|0x00000000ef700000, 0x00000000ef800000, 0x00000000ef800000|100%| E|CS|TAMS 0x00000000ef700000, 0x00000000ef700000| Complete 
| 248|0x00000000ef800000, 0x00000000ef900000, 0x00000000ef900000|100%| E|CS|TAMS 0x00000000ef800000, 0x00000000ef800000| Complete 
| 249|0x00000000ef900000, 0x00000000efa00000, 0x00000000efa00000|100%| E|CS|TAMS 0x00000000ef900000, 0x00000000ef900000| Complete 
| 250|0x00000000efa00000, 0x00000000efb00000, 0x00000000efb00000|100%| E|CS|TAMS 0x00000000efa00000, 0x00000000efa00000| Complete 
| 251|0x00000000efb00000, 0x00000000efc00000, 0x00000000efc00000|100%| E|CS|TAMS 0x00000000efb00000, 0x00000000efb00000| Complete 
| 252|0x00000000efc00000, 0x00000000efd00000, 0x00000000efd00000|100%| E|CS|TAMS 0x00000000efc00000, 0x00000000efc00000| Complete 
| 253|0x00000000efd00000, 0x00000000efe00000, 0x00000000efe00000|100%| E|CS|TAMS 0x00000000efd00000, 0x00000000efd00000| Complete 
| 254|0x00000000efe00000, 0x00000000eff00000, 0x00000000eff00000|100%| E|CS|TAMS 0x00000000efe00000, 0x00000000efe00000| Complete 
| 255|0x00000000eff00000, 0x00000000f0000000, 0x00000000f0000000|100%| E|CS|TAMS 0x00000000eff00000, 0x00000000eff00000| Complete 

Card table byte_map: [0x00000211abb90000,0x00000211abc90000] _byte_map_base: 0x00000211ab490000

Marking Bits (Prev, Next): (CMBitMap*) 0x0000021194ca5c80, (CMBitMap*) 0x0000021194ca5c40
 Prev Bits: [0x00000211ac590000, 0x00000211acd90000)
 Next Bits: [0x00000211abd90000, 0x00000211ac590000)

Polling page: 0x0000021192de0000

Metaspace:

Usage:
  Non-class:     58.87 MB used.
      Class:      9.95 MB used.
       Both:     68.82 MB used.

Virtual space:
  Non-class space:       64.00 MB reserved,      59.44 MB ( 93%) committed,  8 nodes.
      Class space:      308.00 MB reserved,      10.50 MB (  3%) committed,  1 nodes.
             Both:      372.00 MB reserved,      69.94 MB ( 19%) committed. 

Chunk freelists:
   Non-Class:  3.98 MB
       Class:  1.37 MB
        Both:  5.35 MB

MaxMetaspaceSize: 384.00 MB
CompressedClassSpaceSize: 308.00 MB
Initial GC threshold: 21.00 MB
Current GC threshold: 98.69 MB
CDS: on
MetaspaceReclaimPolicy: balanced
 - commit_granule_bytes: 65536.
 - commit_granule_words: 8192.
 - virtual_space_node_default_size: 1048576.
 - enlarge_chunks_in_place: 1.
 - new_chunks_are_fully_committed: 0.
 - uncommit_free_chunks: 1.
 - use_allocation_guard: 0.
 - handle_deallocations: 1.


Internal statistics:

num_allocs_failed_limit: 9.
num_arena_births: 1566.
num_arena_deaths: 0.
num_vsnodes_births: 9.
num_vsnodes_deaths: 0.
num_space_committed: 1119.
num_space_uncommitted: 0.
num_chunks_returned_to_freelist: 9.
num_chunks_taken_from_freelist: 4914.
num_chunk_merges: 9.
num_chunk_splits: 3063.
num_chunks_enlarged: 1844.
num_purges: 0.
num_inconsistent_stats: 0.

CodeHeap 'non-profiled nmethods': size=120000Kb used=6064Kb max_used=6064Kb free=113935Kb
 bounds [0x00000211a4220000, 0x00000211a4810000, 0x00000211ab750000]
CodeHeap 'profiled nmethods': size=120000Kb used=17367Kb max_used=17367Kb free=102633Kb
 bounds [0x000002119ccf0000, 0x000002119ddf0000, 0x00000211a4220000]
CodeHeap 'non-nmethods': size=5760Kb used=1696Kb max_used=1756Kb free=4064Kb
 bounds [0x000002119c750000, 0x000002119c9c0000, 0x000002119ccf0000]
 total_blobs=9859 nmethods=9090 adapters=681
 compilation: enabled
              stopped_count=0, restarted_count=0
 full_count=0

Compilation events (20 events):
Event: 10.171 Thread 0x00000211af7f1f80 10573       3       java.lang.ProcessEnvironment$CheckedEntrySet$1::hasNext (10 bytes)
Event: 10.171 Thread 0x00000211af7f1f80 nmethod 10573 0x000002119dde2810 code [0x000002119dde29c0, 0x000002119dde2b88]
Event: 10.171 Thread 0x00000211af7f1f80 10574       3       java.lang.ProcessEnvironment$CheckedEntrySet$1::next (5 bytes)
Event: 10.171 Thread 0x00000211af7f1f80 nmethod 10574 0x000002119dde2c90 code [0x000002119dde2e60, 0x000002119dde3348]
Event: 10.172 Thread 0x00000211af7f1f80 10575       3       java.lang.ProcessEnvironment$CheckedEntry::getKey (5 bytes)
Event: 10.172 Thread 0x00000211af7f1f80 nmethod 10575 0x000002119dde3510 code [0x000002119dde36c0, 0x000002119dde39e8]
Event: 10.172 Thread 0x00000211af7f1f80 10576       3       java.lang.ProcessEnvironment$CheckedEntry::getKey (13 bytes)
Event: 10.172 Thread 0x00000211af7f1f80 nmethod 10576 0x000002119dde3b10 code [0x000002119dde3cc0, 0x000002119dde3f88]
Event: 10.172 Thread 0x00000211af7f1f80 10577       3       java.lang.ProcessEnvironment$CheckedEntry::getValue (5 bytes)
Event: 10.172 Thread 0x00000211af7f1f80 nmethod 10577 0x000002119dde4090 code [0x000002119dde4240, 0x000002119dde4588]
Event: 10.175 Thread 0x00000211b0a2bc90 nmethod 10568 0x00000211a4801510 code [0x00000211a48017c0, 0x00000211a48028a0]
Event: 10.175 Thread 0x00000211b0a2bc90 10572       4       java.lang.invoke.MethodType$ConcurrentWeakInternSet::expungeStaleElements (27 bytes)
Event: 10.179 Thread 0x00000211af7f1f80 10579       3       java.lang.invoke.MethodType$ConcurrentWeakInternSet::get (47 bytes)
Event: 10.180 Thread 0x00000211af7f1f80 nmethod 10579 0x000002119dde4690 code [0x000002119dde48c0, 0x000002119dde5258]
Event: 10.180 Thread 0x00000211af7f1f80 10581       3       java.lang.invoke.LambdaForm$Name::<init> (14 bytes)
Event: 10.180 Thread 0x00000211af7f1f80 nmethod 10581 0x000002119dde5590 code [0x000002119dde5740, 0x000002119dde5a68]
Event: 10.185 Thread 0x00000211b0a2bc90 nmethod 10572 0x00000211a4804210 code [0x00000211a48043e0, 0x00000211a4804f68]
Event: 10.185 Thread 0x00000211b0a2bc90 10570       4       jdk.internal.org.objectweb.asm.ByteVector::<init> (13 bytes)
Event: 10.186 Thread 0x00000211b0a2bc90 nmethod 10570 0x00000211a4805210 code [0x00000211a48053a0, 0x00000211a4805558]
Event: 10.241 Thread 0x00000211b06b5c30 nmethod 10569 0x00000211a4805610 code [0x00000211a4805a60, 0x00000211a480a080]

GC Heap History (20 events):
Event: 0.332 GC heap before
{Heap before GC invocations=0 (full 0):
 garbage-first heap   total 262144K, used 23552K [0x00000000e0000000, 0x0000000100000000)
  region size 1024K, 23 young (23552K), 0 survivors (0K)
 Metaspace       used 863K, committed 960K, reserved 323584K
  class space    used 66K, committed 128K, reserved 315392K
}
Event: 0.338 GC heap after
{Heap after GC invocations=1 (full 0):
 garbage-first heap   total 262144K, used 1598K [0x00000000e0000000, 0x0000000100000000)
  region size 1024K, 2 young (2048K), 2 survivors (2048K)
 Metaspace       used 863K, committed 960K, reserved 323584K
  class space    used 66K, committed 128K, reserved 315392K
}
Event: 0.839 GC heap before
{Heap before GC invocations=1 (full 0):
 garbage-first heap   total 262144K, used 40510K [0x00000000e0000000, 0x0000000100000000)
  region size 1024K, 36 young (36864K), 2 survivors (2048K)
 Metaspace       used 4591K, committed 4736K, reserved 323584K
  class space    used 578K, committed 640K, reserved 315392K
}
Event: 0.842 GC heap after
{Heap after GC invocations=2 (full 0):
 garbage-first heap   total 262144K, used 11711K [0x00000000e0000000, 0x0000000100000000)
  region size 1024K, 5 young (5120K), 5 survivors (5120K)
 Metaspace       used 4591K, committed 4736K, reserved 323584K
  class space    used 578K, committed 640K, reserved 315392K
}
Event: 1.547 GC heap before
{Heap before GC invocations=2 (full 0):
 garbage-first heap   total 262144K, used 80319K [0x00000000e0000000, 0x0000000100000000)
  region size 1024K, 70 young (71680K), 5 survivors (5120K)
 Metaspace       used 7807K, committed 8064K, reserved 323584K
  class space    used 1031K, committed 1152K, reserved 315392K
}
Event: 1.552 GC heap after
{Heap after GC invocations=3 (full 0):
 garbage-first heap   total 262144K, used 18814K [0x00000000e0000000, 0x0000000100000000)
  region size 1024K, 9 young (9216K), 9 survivors (9216K)
 Metaspace       used 7807K, committed 8064K, reserved 323584K
  class space    used 1031K, committed 1152K, reserved 315392K
}
Event: 2.501 GC heap before
{Heap before GC invocations=3 (full 0):
 garbage-first heap   total 262144K, used 104830K [0x00000000e0000000, 0x0000000100000000)
  region size 1024K, 93 young (95232K), 9 survivors (9216K)
 Metaspace       used 21207K, committed 21504K, reserved 339968K
  class space    used 2949K, committed 3072K, reserved 315392K
}
Event: 2.511 GC heap after
{Heap after GC invocations=4 (full 0):
 garbage-first heap   total 262144K, used 23932K [0x00000000e0000000, 0x0000000100000000)
  region size 1024K, 14 young (14336K), 14 survivors (14336K)
 Metaspace       used 21207K, committed 21504K, reserved 339968K
  class space    used 2949K, committed 3072K, reserved 315392K
}
Event: 3.895 GC heap before
{Heap before GC invocations=5 (full 0):
 garbage-first heap   total 262144K, used 172412K [0x00000000e0000000, 0x0000000100000000)
  region size 1024K, 135 young (138240K), 14 survivors (14336K)
 Metaspace       used 35589K, committed 36096K, reserved 348160K
  class space    used 5054K, committed 5312K, reserved 315392K
}
Event: 3.906 GC heap after
{Heap after GC invocations=6 (full 0):
 garbage-first heap   total 262144K, used 60282K [0x00000000e0000000, 0x0000000100000000)
  region size 1024K, 20 young (20480K), 20 survivors (20480K)
 Metaspace       used 35589K, committed 36096K, reserved 348160K
  class space    used 5054K, committed 5312K, reserved 315392K
}
Event: 5.294 GC heap before
{Heap before GC invocations=7 (full 0):
 garbage-first heap   total 262144K, used 197498K [0x00000000e0000000, 0x0000000100000000)
  region size 1024K, 153 young (156672K), 20 survivors (20480K)
 Metaspace       used 45563K, committed 46208K, reserved 356352K
  class space    used 6639K, committed 6912K, reserved 315392K
}
Event: 5.307 GC heap after
{Heap after GC invocations=8 (full 0):
 garbage-first heap   total 262144K, used 70874K [0x00000000e0000000, 0x0000000100000000)
  region size 1024K, 19 young (19456K), 19 survivors (19456K)
 Metaspace       used 45563K, committed 46208K, reserved 356352K
  class space    used 6639K, committed 6912K, reserved 315392K
}
Event: 6.409 GC heap before
{Heap before GC invocations=8 (full 0):
 garbage-first heap   total 262144K, used 200922K [0x00000000e0000000, 0x0000000100000000)
  region size 1024K, 146 young (149504K), 19 survivors (19456K)
 Metaspace       used 48951K, committed 49728K, reserved 364544K
  class space    used 7020K, committed 7424K, reserved 315392K
}
Event: 6.418 GC heap after
{Heap after GC invocations=9 (full 0):
 garbage-first heap   total 262144K, used 75172K [0x00000000e0000000, 0x0000000100000000)
  region size 1024K, 13 young (13312K), 13 survivors (13312K)
 Metaspace       used 48951K, committed 49728K, reserved 364544K
  class space    used 7020K, committed 7424K, reserved 315392K
}
Event: 7.370 GC heap before
{Heap before GC invocations=9 (full 0):
 garbage-first heap   total 262144K, used 221604K [0x00000000e0000000, 0x0000000100000000)
  region size 1024K, 142 young (145408K), 13 survivors (13312K)
 Metaspace       used 54360K, committed 55104K, reserved 364544K
  class space    used 7738K, committed 8128K, reserved 315392K
}
Event: 7.378 GC heap after
{Heap after GC invocations=10 (full 0):
 garbage-first heap   total 262144K, used 95064K [0x00000000e0000000, 0x0000000100000000)
  region size 1024K, 10 young (10240K), 10 survivors (10240K)
 Metaspace       used 54360K, committed 55104K, reserved 364544K
  class space    used 7738K, committed 8128K, reserved 315392K
}
Event: 8.136 GC heap before
{Heap before GC invocations=10 (full 0):
 garbage-first heap   total 262144K, used 168792K [0x00000000e0000000, 0x0000000100000000)
  region size 1024K, 84 young (86016K), 10 survivors (10240K)
 Metaspace       used 59528K, committed 60288K, reserved 372736K
  class space    used 8546K, committed 8896K, reserved 315392K
}
Event: 8.143 GC heap after
{Heap after GC invocations=11 (full 0):
 garbage-first heap   total 262144K, used 99521K [0x00000000e0000000, 0x0000000100000000)
  region size 1024K, 10 young (10240K), 10 survivors (10240K)
 Metaspace       used 59528K, committed 60288K, reserved 372736K
  class space    used 8546K, committed 8896K, reserved 315392K
}
Event: 9.421 GC heap before
{Heap before GC invocations=12 (full 0):
 garbage-first heap   total 262144K, used 213185K [0x00000000e0000000, 0x0000000100000000)
  region size 1024K, 119 young (121856K), 10 survivors (10240K)
 Metaspace       used 64152K, committed 65216K, reserved 372736K
  class space    used 9234K, committed 9728K, reserved 315392K
}
Event: 9.431 GC heap after
{Heap after GC invocations=13 (full 0):
 garbage-first heap   total 262144K, used 114027K [0x00000000e0000000, 0x0000000100000000)
  region size 1024K, 15 young (15360K), 15 survivors (15360K)
 Metaspace       used 64152K, committed 65216K, reserved 372736K
  class space    used 9234K, committed 9728K, reserved 315392K
}

Deoptimization events (20 events):
Event: 10.159 Thread 0x00000211b1f29bf0 DEOPT PACKING pc=0x00000211a47f4d34 sp=0x00000083764f6a10
Event: 10.159 Thread 0x00000211b57f0f30 DEOPT UNPACKING pc=0x000002119c7a5c23 sp=0x000000837b8fdc48 mode 2
Event: 10.159 Thread 0x00000211b57f5290 DEOPT UNPACKING pc=0x000002119c7a5c23 sp=0x000000837bafdf58 mode 2
Event: 10.159 Thread 0x00000211b1f29bf0 DEOPT UNPACKING pc=0x000002119c7a5c23 sp=0x00000083764f6978 mode 2
Event: 10.159 Thread 0x00000211b57f0f30 Uncommon trap: trap_request=0xffffffde fr.pc=0x00000211a47f4d34 relative=0x0000000000000294
Event: 10.159 Thread 0x00000211b57f5290 Uncommon trap: trap_request=0xffffffde fr.pc=0x00000211a47f4d34 relative=0x0000000000000294
Event: 10.159 Thread 0x00000211b57f0f30 Uncommon trap: reason=class_check action=maybe_recompile pc=0x00000211a47f4d34 method=java.util.concurrent.ConcurrentHashMap.get(Ljava/lang/Object;)Ljava/lang/Object; @ 93 c2
Event: 10.159 Thread 0x00000211b57f5290 Uncommon trap: reason=class_check action=maybe_recompile pc=0x00000211a47f4d34 method=java.util.concurrent.ConcurrentHashMap.get(Ljava/lang/Object;)Ljava/lang/Object; @ 93 c2
Event: 10.159 Thread 0x00000211b1f29bf0 Uncommon trap: trap_request=0xffffffde fr.pc=0x00000211a47f4d34 relative=0x0000000000000294
Event: 10.159 Thread 0x00000211b57f0f30 DEOPT PACKING pc=0x00000211a47f4d34 sp=0x000000837b8fdce0
Event: 10.159 Thread 0x00000211b57f0f30 DEOPT UNPACKING pc=0x000002119c7a5c23 sp=0x000000837b8fdc48 mode 2
Event: 10.159 Thread 0x00000211b1f29bf0 Uncommon trap: reason=class_check action=maybe_recompile pc=0x00000211a47f4d34 method=java.util.concurrent.ConcurrentHashMap.get(Ljava/lang/Object;)Ljava/lang/Object; @ 93 c2
Event: 10.159 Thread 0x00000211b57f5290 DEOPT PACKING pc=0x00000211a47f4d34 sp=0x000000837bafdff0
Event: 10.159 Thread 0x00000211b57f5290 DEOPT UNPACKING pc=0x000002119c7a5c23 sp=0x000000837bafdf58 mode 2
Event: 10.159 Thread 0x00000211b1f29bf0 DEOPT PACKING pc=0x00000211a47f4d34 sp=0x00000083764f6a10
Event: 10.159 Thread 0x00000211b1f29bf0 DEOPT UNPACKING pc=0x000002119c7a5c23 sp=0x00000083764f6978 mode 2
Event: 10.161 Thread 0x00000211b1f29bf0 Uncommon trap: trap_request=0xffffff45 fr.pc=0x00000211a45ed1dc relative=0x00000000000003bc
Event: 10.161 Thread 0x00000211b1f29bf0 Uncommon trap: reason=unstable_if action=reinterpret pc=0x00000211a45ed1dc method=java.util.stream.StreamOpFlag.getMask(I)I @ 1 c2
Event: 10.161 Thread 0x00000211b1f29bf0 DEOPT PACKING pc=0x00000211a45ed1dc sp=0x00000083764f8640
Event: 10.161 Thread 0x00000211b1f29bf0 DEOPT UNPACKING pc=0x000002119c7a5c23 sp=0x00000083764f8530 mode 2

Classes unloaded (0 events):
No events

Classes redefined (0 events):
No events

Internal exceptions (20 events):
Event: 10.129 Thread 0x00000211b1f29bf0 Exception <a 'java/lang/ClassNotFoundException'{0x00000000ebeefb00}: org/gradle/api/file/CopySpecCustomizer> (0x00000000ebeefb00) 
thrown [d:\a\1\s\lookaside\java-17-openjdk\src\hotspot\share\classfile\systemDictionary.cpp, line 256]
Event: 10.130 Thread 0x00000211b1f29bf0 Exception <a 'java/lang/ClassNotFoundException'{0x00000000ebd3d018}: org/gradle/api/file/CopySourceSpecBeanInfo> (0x00000000ebd3d018) 
thrown [d:\a\1\s\lookaside\java-17-openjdk\src\hotspot\share\classfile\systemDictionary.cpp, line 256]
Event: 10.130 Thread 0x00000211b1f29bf0 Exception <a 'java/lang/ClassNotFoundException'{0x00000000ebd480e8}: org/gradle/api/file/CopySourceSpecCustomizer> (0x00000000ebd480e8) 
thrown [d:\a\1\s\lookaside\java-17-openjdk\src\hotspot\share\classfile\systemDictionary.cpp, line 256]
Event: 10.131 Thread 0x00000211b1f29bf0 Exception <a 'java/lang/ClassNotFoundException'{0x00000000ebd5ec98}: org/gradle/api/file/CopyProcessingSpecBeanInfo> (0x00000000ebd5ec98) 
thrown [d:\a\1\s\lookaside\java-17-openjdk\src\hotspot\share\classfile\systemDictionary.cpp, line 256]
Event: 10.131 Thread 0x00000211b1f29bf0 Exception <a 'java/lang/ClassNotFoundException'{0x00000000ebd69f00}: org/gradle/api/file/CopyProcessingSpecCustomizer> (0x00000000ebd69f00) 
thrown [d:\a\1\s\lookaside\java-17-openjdk\src\hotspot\share\classfile\systemDictionary.cpp, line 256]
Event: 10.132 Thread 0x00000211b1f29bf0 Exception <a 'java/lang/ClassNotFoundException'{0x00000000ebd88720}: org/gradle/api/file/ContentFilterableBeanInfo> (0x00000000ebd88720) 
thrown [d:\a\1\s\lookaside\java-17-openjdk\src\hotspot\share\classfile\systemDictionary.cpp, line 256]
Event: 10.132 Thread 0x00000211b1f29bf0 Exception <a 'java/lang/ClassNotFoundException'{0x00000000ebd93988}: org/gradle/api/file/ContentFilterableCustomizer> (0x00000000ebd93988) 
thrown [d:\a\1\s\lookaside\java-17-openjdk\src\hotspot\share\classfile\systemDictionary.cpp, line 256]
Event: 10.133 Thread 0x00000211b1f29bf0 Exception <a 'java/lang/ClassNotFoundException'{0x00000000ebdaf3c8}: org/gradle/api/tasks/util/PatternFilterableBeanInfo> (0x00000000ebdaf3c8) 
thrown [d:\a\1\s\lookaside\java-17-openjdk\src\hotspot\share\classfile\systemDictionary.cpp, line 256]
Event: 10.133 Thread 0x00000211b1f29bf0 Exception <a 'java/lang/ClassNotFoundException'{0x00000000ebdba7c0}: org/gradle/api/tasks/util/PatternFilterableCustomizer> (0x00000000ebdba7c0) 
thrown [d:\a\1\s\lookaside\java-17-openjdk\src\hotspot\share\classfile\systemDictionary.cpp, line 256]
Event: 10.134 Thread 0x00000211b1f29bf0 Exception <a 'java/lang/ClassNotFoundException'{0x00000000ebdd9b18}: org/gradle/api/internal/GeneratedSubclassBeanInfo> (0x00000000ebdd9b18) 
thrown [d:\a\1\s\lookaside\java-17-openjdk\src\hotspot\share\classfile\systemDictionary.cpp, line 256]
Event: 10.134 Thread 0x00000211b1f29bf0 Exception <a 'java/lang/ClassNotFoundException'{0x00000000ebde4df0}: org/gradle/api/internal/GeneratedSubclassCustomizer> (0x00000000ebde4df0) 
thrown [d:\a\1\s\lookaside\java-17-openjdk\src\hotspot\share\classfile\systemDictionary.cpp, line 256]
Event: 10.134 Thread 0x00000211b1f29bf0 Exception <a 'java/lang/ClassNotFoundException'{0x00000000ebdf9380}: org/gradle/internal/state/ModelObjectBeanInfo> (0x00000000ebdf9380) 
thrown [d:\a\1\s\lookaside\java-17-openjdk\src\hotspot\share\classfile\systemDictionary.cpp, line 256]
Event: 10.134 Thread 0x00000211b1f29bf0 Exception <a 'java/lang/ClassNotFoundException'{0x00000000ebc04bd8}: org/gradle/internal/state/ModelObjectCustomizer> (0x00000000ebc04bd8) 
thrown [d:\a\1\s\lookaside\java-17-openjdk\src\hotspot\share\classfile\systemDictionary.cpp, line 256]
Event: 10.135 Thread 0x00000211b1f29bf0 Exception <a 'java/lang/ClassNotFoundException'{0x00000000ebc1a8b8}: org/gradle/internal/state/OwnerAwareBeanInfo> (0x00000000ebc1a8b8) 
thrown [d:\a\1\s\lookaside\java-17-openjdk\src\hotspot\share\classfile\systemDictionary.cpp, line 256]
Event: 10.135 Thread 0x00000211b1f29bf0 Exception <a 'java/lang/ClassNotFoundException'{0x00000000ebc25ac8}: org/gradle/internal/state/OwnerAwareCustomizer> (0x00000000ebc25ac8) 
thrown [d:\a\1\s\lookaside\java-17-openjdk\src\hotspot\share\classfile\systemDictionary.cpp, line 256]
Event: 10.136 Thread 0x00000211b1f29bf0 Exception <a 'java/lang/ClassNotFoundException'{0x00000000ebc39b60}: org/gradle/api/internal/DynamicObjectAwareBeanInfo> (0x00000000ebc39b60) 
thrown [d:\a\1\s\lookaside\java-17-openjdk\src\hotspot\share\classfile\systemDictionary.cpp, line 256]
Event: 10.136 Thread 0x00000211b1f29bf0 Exception <a 'java/lang/ClassNotFoundException'{0x00000000ebc44e38}: org/gradle/api/internal/DynamicObjectAwareCustomizer> (0x00000000ebc44e38) 
thrown [d:\a\1\s\lookaside\java-17-openjdk\src\hotspot\share\classfile\systemDictionary.cpp, line 256]
Event: 10.178 Thread 0x00000211b73c45c0 Exception <a 'java/lang/NoSuchMethodError'{0x00000000eb9d3038}: 'void java.lang.invoke.DirectMethodHandle$Holder.invokeStatic(java.lang.Object, long)'> (0x00000000eb9d3038) 
thrown [d:\a\1\s\lookaside\java-17-openjdk\src\hotspot\share\interpreter\linkResolver.cpp, line 766]
Event: 10.180 Thread 0x00000211b73c45c0 Exception <a 'java/lang/NoSuchMethodError'{0x00000000eb9de150}: 'java.lang.Object java.lang.invoke.DirectMethodHandle$Holder.invokeStatic(java.lang.Object, java.lang.Object, long, java.lang.Object)'> (0x00000000eb9de150) 
thrown [d:\a\1\s\lookaside\java-17-openjdk\src\hotspot\share\interpreter\linkResolver.cpp, line 766]
Event: 10.180 Thread 0x00000211b73c45c0 Exception <a 'java/lang/NoSuchMethodError'{0x00000000eb9e1928}: 'java.lang.Object java.lang.invoke.DirectMethodHandle$Holder.invokeStaticInit(java.lang.Object, java.lang.Object, long, java.lang.Object)'> (0x00000000eb9e1928) 
thrown [d:\a\1\s\lookaside\java-17-openjdk\src\hotspot\share\interpreter\linkResolver.cpp, line 766]

VM Operations (20 events):
Event: 9.420 Executing VM operation: ICBufferFull
Event: 9.420 Executing VM operation: ICBufferFull done
Event: 9.421 Executing VM operation: G1CollectForAllocation
Event: 9.431 Executing VM operation: G1CollectForAllocation done
Event: 9.577 Executing VM operation: HandshakeAllThreads
Event: 9.577 Executing VM operation: HandshakeAllThreads done
Event: 9.581 Executing VM operation: HandshakeAllThreads
Event: 9.581 Executing VM operation: HandshakeAllThreads done
Event: 9.611 Executing VM operation: ICBufferFull
Event: 9.611 Executing VM operation: ICBufferFull done
Event: 9.680 Executing VM operation: HandshakeAllThreads
Event: 9.681 Executing VM operation: HandshakeAllThreads done
Event: 9.777 Executing VM operation: HandshakeAllThreads
Event: 9.778 Executing VM operation: HandshakeAllThreads done
Event: 9.977 Executing VM operation: ICBufferFull
Event: 9.977 Executing VM operation: ICBufferFull done
Event: 10.118 Executing VM operation: HandshakeAllThreads
Event: 10.118 Executing VM operation: HandshakeAllThreads done
Event: 10.181 Executing VM operation: HandshakeAllThreads
Event: 10.181 Executing VM operation: HandshakeAllThreads done

Events (20 events):
Event: 10.147 loading class java/util/stream/ReferencePipeline$15$1 done
Event: 10.147 Thread 0x00000211b57f4dc0 Thread added: 0x00000211b57f4dc0
Event: 10.147 Thread 0x00000211b57f5290 Thread added: 0x00000211b57f5290
Event: 10.147 Thread 0x00000211b57f5760 Thread added: 0x00000211b57f5760
Event: 10.147 Thread 0x00000211b57f5c30 Thread added: 0x00000211b57f5c30
Event: 10.148 Thread 0x00000211b57f6100 Thread added: 0x00000211b57f6100
Event: 10.148 Thread 0x00000211b4474120 Thread added: 0x00000211b4474120
Event: 10.170 Thread 0x00000211b73c45c0 Thread added: 0x00000211b73c45c0
Event: 10.171 loading class java/lang/ProcessImpl
Event: 10.172 loading class java/lang/ProcessImpl done
Event: 10.178 loading class java/lang/ProcessHandleImpl
Event: 10.179 loading class java/lang/ProcessHandleImpl done
Event: 10.180 loading class java/lang/ProcessImpl$2
Event: 10.180 loading class java/lang/ProcessImpl$2 done
Event: 10.180 loading class java/lang/Process$PipeInputStream
Event: 10.180 loading class java/lang/Process$PipeInputStream done
Event: 10.181 loading class jdk/internal/event/ProcessStartEvent
Event: 10.182 loading class jdk/internal/event/ProcessStartEvent done
Event: 10.182 Thread 0x00000211b73c2db0 Thread added: 0x00000211b73c2db0
Event: 10.183 Thread 0x00000211b73c3280 Thread added: 0x00000211b73c3280


Dynamic libraries:
0x00007ff61e090000 - 0x00007ff61e0b1000 	C:\Program Files\ojdkbuild\java-17-openjdk-17.0.3.0.6-1\bin\java.exe
0x00007ffabc7a0000 - 0x00007ffabca08000 	C:\WINDOWS\SYSTEM32\ntdll.dll
0x00007ffabc370000 - 0x00007ffabc439000 	C:\WINDOWS\System32\KERNEL32.DLL
0x00007ffab9fa0000 - 0x00007ffaba398000 	C:\WINDOWS\System32\KERNELBASE.dll
0x00007ffab9a60000 - 0x00007ffab9bab000 	C:\WINDOWS\System32\ucrtbase.dll
0x00007ffaab100000 - 0x00007ffaab11b000 	C:\Program Files\ojdkbuild\java-17-openjdk-17.0.3.0.6-1\bin\VCRUNTIME140.dll
0x00007ffaa4e10000 - 0x00007ffaa4e28000 	C:\Program Files\ojdkbuild\java-17-openjdk-17.0.3.0.6-1\bin\jli.dll
0x00007ffabc060000 - 0x00007ffabc227000 	C:\WINDOWS\System32\USER32.dll
0x00007ffaa2940000 - 0x00007ffaa2bd4000 	C:\WINDOWS\WinSxS\amd64_microsoft.windows.common-controls_6595b64144ccf1df_6.0.26100.7019_none_3e06ffa0e335b8a8\COMCTL32.dll
0x00007ffaba460000 - 0x00007ffaba487000 	C:\WINDOWS\System32\win32u.dll
0x00007ffabc2c0000 - 0x00007ffabc369000 	C:\WINDOWS\System32\msvcrt.dll
0x00007ffabc730000 - 0x00007ffabc75b000 	C:\WINDOWS\System32\GDI32.dll
0x00007ffab9bb0000 - 0x00007ffab9cdc000 	C:\WINDOWS\System32\gdi32full.dll
0x00007ffaba490000 - 0x00007ffaba533000 	C:\WINDOWS\System32\msvcp_win.dll
0x00007ffaba810000 - 0x00007ffaba841000 	C:\WINDOWS\System32\IMM32.DLL
0x00007ffa9f090000 - 0x00007ffa9f09c000 	C:\Program Files\ojdkbuild\java-17-openjdk-17.0.3.0.6-1\bin\vcruntime140_1.dll
0x00007ffa905d0000 - 0x00007ffa9065d000 	C:\Program Files\ojdkbuild\java-17-openjdk-17.0.3.0.6-1\bin\msvcp140.dll
0x00007ffa0d050000 - 0x00007ffa0dcaf000 	C:\Program Files\ojdkbuild\java-17-openjdk-17.0.3.0.6-1\bin\server\jvm.dll
0x00007ffabb810000 - 0x00007ffabb8c4000 	C:\WINDOWS\System32\ADVAPI32.dll
0x00007ffabaa90000 - 0x00007ffabab36000 	C:\WINDOWS\System32\sechost.dll
0x00007ffabbf40000 - 0x00007ffabc058000 	C:\WINDOWS\System32\RPCRT4.dll
0x00007ffabab40000 - 0x00007ffabab48000 	C:\WINDOWS\System32\PSAPI.DLL
0x00007ffaac7a0000 - 0x00007ffaac7d5000 	C:\WINDOWS\SYSTEM32\WINMM.dll
0x00007ffaab080000 - 0x00007ffaab08a000 	C:\WINDOWS\SYSTEM32\WSOCK32.dll
0x00007ffaabf80000 - 0x00007ffaabf8b000 	C:\WINDOWS\SYSTEM32\VERSION.dll
0x00007ffabc440000 - 0x00007ffabc4b4000 	C:\WINDOWS\System32\WS2_32.dll
0x00007ffab86b0000 - 0x00007ffab86cb000 	C:\WINDOWS\SYSTEM32\kernel.appcore.dll
0x00007ffa9d940000 - 0x00007ffa9d94a000 	C:\Program Files\ojdkbuild\java-17-openjdk-17.0.3.0.6-1\bin\jimage.dll
0x00007ffab6650000 - 0x00007ffab6892000 	C:\WINDOWS\SYSTEM32\DBGHELP.DLL
0x00007ffabad00000 - 0x00007ffabb08b000 	C:\WINDOWS\System32\combase.dll
0x00007ffabbd60000 - 0x00007ffabbe37000 	C:\WINDOWS\System32\OLEAUT32.dll
0x00007ffaac740000 - 0x00007ffaac77c000 	C:\WINDOWS\SYSTEM32\dbgcore.DLL
0x00007ffab9ce0000 - 0x00007ffab9d85000 	C:\WINDOWS\System32\bcryptPrimitives.dll
0x00007ffa9ba90000 - 0x00007ffa9ba9e000 	C:\Program Files\ojdkbuild\java-17-openjdk-17.0.3.0.6-1\bin\instrument.dll
0x00007ffa93a20000 - 0x00007ffa93a45000 	C:\Program Files\ojdkbuild\java-17-openjdk-17.0.3.0.6-1\bin\java.dll
0x00007ffa2ade0000 - 0x00007ffa2aeb7000 	C:\Program Files\ojdkbuild\java-17-openjdk-17.0.3.0.6-1\bin\jsvml.dll
0x00007ffabb090000 - 0x00007ffabb7df000 	C:\WINDOWS\System32\SHELL32.dll
0x00007ffab98f0000 - 0x00007ffab9a5b000 	C:\WINDOWS\System32\wintypes.dll
0x00007ffab74e0000 - 0x00007ffab7d3d000 	C:\WINDOWS\SYSTEM32\windows.storage.dll
0x00007ffabbe40000 - 0x00007ffabbf32000 	C:\WINDOWS\System32\SHCORE.dll
0x00007ffabc540000 - 0x00007ffabc5a7000 	C:\WINDOWS\System32\shlwapi.dll
0x00007ffab9810000 - 0x00007ffab9839000 	C:\WINDOWS\SYSTEM32\profapi.dll
0x00007ffa932b0000 - 0x00007ffa932c8000 	C:\Program Files\ojdkbuild\java-17-openjdk-17.0.3.0.6-1\bin\zip.dll
0x00007ffa905b0000 - 0x00007ffa905c9000 	C:\Program Files\ojdkbuild\java-17-openjdk-17.0.3.0.6-1\bin\net.dll
0x00007ffab3030000 - 0x00007ffab3158000 	C:\WINDOWS\SYSTEM32\WINHTTP.dll
0x00007ffab8c20000 - 0x00007ffab8c8b000 	C:\WINDOWS\system32\mswsock.dll
0x00007ffa87470000 - 0x00007ffa87486000 	C:\Program Files\ojdkbuild\java-17-openjdk-17.0.3.0.6-1\bin\nio.dll
0x00007ffa99a10000 - 0x00007ffa99a20000 	C:\Program Files\ojdkbuild\java-17-openjdk-17.0.3.0.6-1\bin\verify.dll
0x00007ffaaad80000 - 0x00007ffaaada7000 	C:\Users\ysj72\.gradle\native\660c5614fbf4a5f2a75b1949f50a0caf5cd603558e7d8a26e50b933a0cfb79d1\windows-amd64\native-platform.dll
0x00007ffa81370000 - 0x00007ffa813e7000 	C:\Users\ysj72\.gradle\native\0.2.8\x86_64-windows-gnu\gradle-fileevents.dll
0x00007ffa94740000 - 0x00007ffa94749000 	C:\Program Files\ojdkbuild\java-17-openjdk-17.0.3.0.6-1\bin\management.dll
0x00007ffa93f90000 - 0x00007ffa93f9b000 	C:\Program Files\ojdkbuild\java-17-openjdk-17.0.3.0.6-1\bin\management_ext.dll
0x00007ffab8130000 - 0x00007ffab8164000 	C:\WINDOWS\SYSTEM32\IPHLPAPI.DLL
0x00007ffabab50000 - 0x00007ffabab5a000 	C:\WINDOWS\System32\NSI.dll
0x00007ffab3200000 - 0x00007ffab321e000 	C:\WINDOWS\SYSTEM32\dhcpcsvc6.DLL
0x00007ffab31d0000 - 0x00007ffab31f3000 	C:\WINDOWS\SYSTEM32\dhcpcsvc.DLL
0x00007ffab8170000 - 0x00007ffab829c000 	C:\WINDOWS\SYSTEM32\DNSAPI.dll
0x00007ffab8ee0000 - 0x00007ffab8efb000 	C:\WINDOWS\SYSTEM32\CRYPTSP.dll
0x00007ffab8610000 - 0x00007ffab864a000 	C:\WINDOWS\system32\rsaenh.dll
0x00007ffab8cd0000 - 0x00007ffab8cfb000 	C:\WINDOWS\SYSTEM32\USERENV.dll
0x00007ffab97e0000 - 0x00007ffab980a000 	C:\WINDOWS\SYSTEM32\bcrypt.dll
0x00007ffab8f00000 - 0x00007ffab8f0c000 	C:\WINDOWS\SYSTEM32\CRYPTBASE.dll
0x00007ffa93d50000 - 0x00007ffa93d5d000 	C:\Program Files\ojdkbuild\java-17-openjdk-17.0.3.0.6-1\bin\sunmscapi.dll
0x00007ffab9e20000 - 0x00007ffab9f97000 	C:\WINDOWS\System32\CRYPT32.dll
0x00007ffab9100000 - 0x00007ffab9130000 	C:\WINDOWS\SYSTEM32\ncrypt.dll
0x00007ffab90b0000 - 0x00007ffab90ef000 	C:\WINDOWS\SYSTEM32\NTASN1.dll
0x00007ff9d38a0000 - 0x00007ff9d38a8000 	C:\WINDOWS\system32\wshunix.dll

dbghelp: loaded successfully - version: 4.0.5 - missing functions: none
symbol engine: initialized successfully - sym options: 0x614 - pdb path: .;C:\Program Files\ojdkbuild\java-17-openjdk-17.0.3.0.6-1\bin;C:\WINDOWS\SYSTEM32;C:\WINDOWS\WinSxS\amd64_microsoft.windows.common-controls_6595b64144ccf1df_6.0.26100.7019_none_3e06ffa0e335b8a8;C:\Program Files\ojdkbuild\java-17-openjdk-17.0.3.0.6-1\bin\server;C:\Users\ysj72\.gradle\native\660c5614fbf4a5f2a75b1949f50a0caf5cd603558e7d8a26e50b933a0cfb79d1\windows-amd64;C:\Users\ysj72\.gradle\native\0.2.8\x86_64-windows-gnu

VM Arguments:
jvm_args: --add-opens=java.base/java.lang=ALL-UNNAMED --add-opens=java.base/java.lang.invoke=ALL-UNNAMED --add-opens=java.base/java.util=ALL-UNNAMED --add-opens=java.prefs/java.util.prefs=ALL-UNNAMED --add-exports=jdk.compiler/com.sun.tools.javac.api=ALL-UNNAMED --add-exports=jdk.compiler/com.sun.tools.javac.util=ALL-UNNAMED --add-opens=java.base/java.util=ALL-UNNAMED --add-opens=java.prefs/java.util.prefs=ALL-UNNAMED --add-opens=java.base/java.nio.charset=ALL-UNNAMED --add-opens=java.base/java.net=ALL-UNNAMED --add-opens=java.base/java.util.concurrent=ALL-UNNAMED --add-opens=java.base/java.util.concurrent.atomic=ALL-UNNAMED --add-opens=java.xml/javax.xml.namespace=ALL-UNNAMED --add-opens=java.base/java.time=ALL-UNNAMED -XX:MaxMetaspaceSize=384m -XX:+HeapDumpOnOutOfMemoryError -Xms256m -Xmx512m -Dfile.encoding=UTF-8 -Duser.country=KR -Duser.language=ko -Duser.variant -javaagent:C:\Users\ysj72\.gradle\wrapper\dists\gradle-9.2.1-bin\2t0n5ozlw9xmuyvbp7dnzaxug\gradle-9.2.1\lib\agents\gradle-instrumentation-agent-9.2.1.jar 
java_command: org.gradle.launcher.daemon.bootstrap.GradleDaemon 9.2.1
java_class_path (initial): C:\Users\ysj72\.gradle\wrapper\dists\gradle-9.2.1-bin\2t0n5ozlw9xmuyvbp7dnzaxug\gradle-9.2.1\lib\gradle-daemon-main-9.2.1.jar
Launcher Type: SUN_STANDARD

[Global flags]
     intx CICompilerCount                          = 4                                         {product} {ergonomic}
   size_t CompressedClassSpaceSize                 = 322961408                                 {product} {ergonomic}
     uint ConcGCThreads                            = 2                                         {product} {ergonomic}
     uint G1ConcRefinementThreads                  = 8                                         {product} {ergonomic}
   size_t G1HeapRegionSize                         = 1048576                                   {product} {ergonomic}
    uintx GCDrainStackTargetSize                   = 64                                        {product} {ergonomic}
     bool HeapDumpOnOutOfMemoryError               = true                                   {manageable} {command line}
   size_t InitialHeapSize                          = 268435456                                 {product} {command line}
   size_t MarkStackSize                            = 4194304                                   {product} {ergonomic}
   size_t MaxHeapSize                              = 536870912                                 {product} {command line}
   size_t MaxMetaspaceSize                         = 402653184                                 {product} {command line}
   size_t MaxNewSize                               = 321912832                                 {product} {ergonomic}
   size_t MinHeapDeltaBytes                        = 1048576                                   {product} {ergonomic}
   size_t MinHeapSize                              = 268435456                                 {product} {command line}
    uintx NonNMethodCodeHeapSize                   = 5839372                                {pd product} {ergonomic}
    uintx NonProfiledCodeHeapSize                  = 122909434                              {pd product} {ergonomic}
    uintx ProfiledCodeHeapSize                     = 122909434                              {pd product} {ergonomic}
    uintx ReservedCodeCacheSize                    = 251658240                              {pd product} {ergonomic}
     bool SegmentedCodeCache                       = true                                      {product} {ergonomic}
   size_t SoftMaxHeapSize                          = 536870912                              {manageable} {ergonomic}
     bool UseCompressedClassPointers               = true                           {product lp64_product} {ergonomic}
     bool UseCompressedOops                        = true                           {product lp64_product} {ergonomic}
     bool UseG1GC                                  = true                                      {product} {ergonomic}
     bool UseLargePagesIndividualAllocation        = false                                  {pd product} {ergonomic}

Logging:
Log output configuration:
 #0: stdout all=warning uptime,level,tags
 #1: stderr all=off uptime,level,tags

Environment Variables:
JAVA_HOME=C:\Program Files\ojdkbuild\java-17-openjdk-17.0.3.0.6-1
PATH=C:\Windows\system32;C:\Windows;C:\Windows\System32\Wbem;C:\Windows\System32\WindowsPowerShell\v1.0\;C:\Windows\System32\OpenSSH\;C:\Program Files (x86)\NVIDIA Corporation\PhysX\Common;C:\Program Files\NVIDIA Corporation\NVIDIA NvDLISR;C:\WINDOWS\system32;C:\WINDOWS;C:\WINDOWS\System32\Wbem;C:\WINDOWS\System32\WindowsPowerShell\v1.0\;C:\WINDOWS\System32\OpenSSH\;C:\Program Files\dotnet\;C:\Program Files (x86)\Windows Kits\10\Windows Performance Toolkit\;C:\Program Files\Git\cmd;C:\Program Files\ojdkbuild\java-17-openjdk-17.0.3.0.6-1\bin;;C:\Program Files\Docker\Docker\resources\bin;C:\Python310\Scripts\;C:\Python310\;C:\Users\ysj72\AppData\Local\Microsoft\WindowsApps;C:\Users\ysj72\AppData\Local\Programs\Microsoft VS Code\bin;C:\Users\ysj72\.dotnet\tools;C:\Program Files\JetBrains\IntelliJ IDEA 2025.2.3\bin;C:\Users\ysj72\AppData\Local\PowerToys\
USERNAME=ysj72
OS=Windows_NT
PROCESSOR_IDENTIFIER=Intel64 Family 6 Model 140 Stepping 1, GenuineIntel



---------------  S Y S T E M  ---------------

OS:
 Windows 11 , 64 bit Build 26100 (10.0.26100.7019)
OS uptime: 0 days 18:38 hours
Hyper-V role detected

CPU: total 8 (initial active 8) (4 cores per cpu, 2 threads per core) family 6 model 140 stepping 1 microcode 0x6e, cx8, cmov, fxsr, ht, mmx, 3dnowpref, sse, sse2, sse3, ssse3, sse4.1, sse4.2, popcnt, lzcnt, tsc, tscinvbit, avx, avx2, aes, erms, clmul, bmi1, bmi2, adx, avx512f, avx512dq, avx512cd, avx512bw, avx512vl, sha, fma, vzeroupper, avx512_vpopcntdq, avx512_vpclmulqdq, avx512_vaes, avx512_vnni, clflush, clflushopt, clwb, avx512_vbmi2, avx512_vbmi, hv

Memory: 4k page, system-wide physical 16124M (2454M free)
TotalPageFile size 22836M (AvailPageFile size 5M)
current process WorkingSet (physical memory assigned to process): 475M, peak: 498M
current process commit charge ("private bytes"): 535M, peak: 550M

vm_info: OpenJDK 64-Bit Server VM (17.0.3+6-LTS) for windows-amd64 JRE (17.0.3+6-LTS), built on May  3 2022 21:26:56 by "" with MS VC++ 16.10 / 16.11 (VS2019)

END.
