#
# There is insufficient memory for the Java Runtime Environment to continue.
# Native memory allocation (malloc) failed to allocate 166256 bytes. Error detail: Chunk::new
# Possible reasons:
#   The system is out of physical RAM or swap space
#   This process is running with CompressedOops enabled, and the Java Heap may be blocking the growth of the native heap
# Possible solutions:
#   Reduce memory load on the system
#   Increase physical memory or swap space
#   Check if swap backing store is full
#   Decrease Java heap size (-Xmx/-Xms)
#   Decrease number of Java threads
#   Decrease Java thread stack sizes (-Xss)
#   Set larger code cache with -XX:ReservedCodeCacheSize=
#   JVM is running with Unscaled Compressed Oops mode in which the Java heap is
#     placed in the first 4GB address space. The Java Heap base address is the
#     maximum limit for the native heap growth. Please use -XX:HeapBaseMinAddress
#     to set the Java Heap base and to place the Java Heap above 4GB virtual address.
# This output file may be truncated or incomplete.
#
#  Out of Memory Error (arena.cpp:168), pid=17908, tid=2056
#
# JRE version: OpenJDK Runtime Environment JBR-21.0.8+1-1038.72-jcef (21.0.8+1) (build 21.0.8+1-b1038.72)
# Java VM: OpenJDK 64-Bit Server VM JBR-21.0.8+1-1038.72-jcef (21.0.8+1-b1038.72, mixed mode, sharing, tiered, compressed oops, compressed class ptrs, g1 gc, windows-amd64)
# No core dump will be written. Minidumps are not enabled by default on client versions of Windows
#

---------------  S U M M A R Y ------------

Command Line: -Djava.rmi.server.hostname=127.0.0.1 -Duser.timezone=UTC -Xmx2048m -Xms128m -Djdbc.classpath=C:\Users\ysj72\AppData\Local\Temp\RemoteDriver22561.classpath.txt --add-exports=java.desktop/sun.awt=ALL-UNNAMED --add-exports=java.desktop/java.awt.peer=ALL-UNNAMED --add-opens=java.desktop/java.awt=ALL-UNNAMED --add-opens=jdk.unsupported/sun.misc=ALL-UNNAMED --add-opens=java.base/java.nio=ALL-UNNAMED --add-opens=java.base/java.util=ALL-UNNAMED -Dfile.encoding=UTF-8 -Dsun.stdout.encoding=UTF-8 -Dsun.stderr.encoding=UTF-8 com.intellij.database.remote.RemoteJdbcServer org.mariadb.jdbc.Driver

Host: 11th Gen Intel(R) Core(TM) i7-1165G7 @ 2.80GHz, 8 cores, 15G,  Windows 11 , 64 bit Build 26100 (10.0.26100.7019)
Time: Tue Dec  9 15:39:01 2025 elapsed time: 1.069630 seconds (0d 0h 0m 1s)

---------------  T H R E A D  ---------------

Current thread (0x000002bffe1b3370):  JavaThread "C2 CompilerThread1" daemon [_thread_in_native, id=2056, stack(0x000000e5e4400000,0x000000e5e4500000) (1024K)]


Current CompileTask:
C2:1069 1001       4       jdk.internal.org.objectweb.asm.SymbolTable::put (150 bytes)

Stack: [0x000000e5e4400000,0x000000e5e4500000]
Native frames: (J=compiled Java code, j=interpreted, Vv=VM code, C=native code)
V  [jvm.dll+0x6ebeb9]
V  [jvm.dll+0x8cbec3]
V  [jvm.dll+0x8ce47e]
V  [jvm.dll+0x8ceb63]
V  [jvm.dll+0x28adf6]
V  [jvm.dll+0xc6f3d]
V  [jvm.dll+0xc7473]
V  [jvm.dll+0x3c7ab1]
V  [jvm.dll+0x393697]
V  [jvm.dll+0x392b0a]
V  [jvm.dll+0x251d92]
V  [jvm.dll+0x251361]
V  [jvm.dll+0x1ceb64]
V  [jvm.dll+0x260bfe]
V  [jvm.dll+0x25f146]
V  [jvm.dll+0x402ee6]
V  [jvm.dll+0x873a78]
V  [jvm.dll+0x6ea63d]
C  [ucrtbase.dll+0x37b0]
C  [KERNEL32.DLL+0x2e8d7]
C  [ntdll.dll+0x8c53c]


---------------  P R O C E S S  ---------------

Threads class SMR info:
_java_thread_list=0x000002bffe666730, length=18, elements={
0x000002bff0729840, 0x000002bffe004a90, 0x000002bffe0108f0, 0x000002bffe010f60,
0x000002bffe011bc0, 0x000002bffe0126c0, 0x000002bffe012d30, 0x000002bffe013600,
0x000002bff9d0ff20, 0x000002bff9d105d0, 0x000002bffe14cc80, 0x000002bffe1b3370,
0x000002bffe6e4210, 0x000002bffe6e4880, 0x000002bffe54cb80, 0x000002bffe6d2c70,
0x000002bffe72c040, 0x000002bffe3f1120
}

Java Threads: ( => current thread )
  0x000002bff0729840 JavaThread "main"                              [_thread_blocked, id=22948, stack(0x000000e5e3200000,0x000000e5e3300000) (1024K)]
  0x000002bffe004a90 JavaThread "Common-Cleaner"             daemon [_thread_blocked, id=19304, stack(0x000000e5e3a00000,0x000000e5e3b00000) (1024K)]
  0x000002bffe0108f0 JavaThread "Reference Handler"          daemon [_thread_blocked, id=22784, stack(0x000000e5e3b00000,0x000000e5e3c00000) (1024K)]
  0x000002bffe010f60 JavaThread "Finalizer"                  daemon [_thread_blocked, id=12136, stack(0x000000e5e3c00000,0x000000e5e3d00000) (1024K)]
  0x000002bffe011bc0 JavaThread "Signal Dispatcher"          daemon [_thread_blocked, id=29512, stack(0x000000e5e3d00000,0x000000e5e3e00000) (1024K)]
  0x000002bffe0126c0 JavaThread "Attach Listener"            daemon [_thread_blocked, id=2328, stack(0x000000e5e3e00000,0x000000e5e3f00000) (1024K)]
  0x000002bffe012d30 JavaThread "Service Thread"             daemon [_thread_blocked, id=5476, stack(0x000000e5e3f00000,0x000000e5e4000000) (1024K)]
  0x000002bffe013600 JavaThread "Monitor Deflation Thread"   daemon [_thread_blocked, id=15464, stack(0x000000e5e4000000,0x000000e5e4100000) (1024K)]
  0x000002bff9d0ff20 JavaThread "C2 CompilerThread0"         daemon [_thread_in_native, id=15928, stack(0x000000e5e4100000,0x000000e5e4200000) (1024K)]
  0x000002bff9d105d0 JavaThread "C1 CompilerThread0"         daemon [_thread_blocked, id=27380, stack(0x000000e5e4200000,0x000000e5e4300000) (1024K)]
  0x000002bffe14cc80 JavaThread "Notification Thread"        daemon [_thread_blocked, id=9124, stack(0x000000e5e4300000,0x000000e5e4400000) (1024K)]
=>0x000002bffe1b3370 JavaThread "C2 CompilerThread1"         daemon [_thread_in_native, id=2056, stack(0x000000e5e4400000,0x000000e5e4500000) (1024K)]
  0x000002bffe6e4210 JavaThread "RMI TCP Accept-21430"       daemon [_thread_in_native, id=27856, stack(0x000000e5e4500000,0x000000e5e4600000) (1024K)]
  0x000002bffe6e4880 JavaThread "RMI TCP Accept-0"           daemon [_thread_in_native, id=15576, stack(0x000000e5e4600000,0x000000e5e4700000) (1024K)]
  0x000002bffe54cb80 JavaThread "RMI Reaper"                        [_thread_blocked, id=4692, stack(0x000000e5e4700000,0x000000e5e4800000) (1024K)]
  0x000002bffe6d2c70 JavaThread "RMI GC Daemon"              daemon [_thread_blocked, id=24344, stack(0x000000e5e4800000,0x000000e5e4900000) (1024K)]
  0x000002bffe72c040 JavaThread "RMI TCP Connection(2)-127.0.0.1" daemon [_thread_in_vm, id=28232, stack(0x000000e5e4900000,0x000000e5e4a00000) (1024K)]
  0x000002bffe3f1120 JavaThread "RMI TCP Connection(1)-127.0.0.1" daemon [_thread_in_vm, id=7176, stack(0x000000e5e4a00000,0x000000e5e4b00000) (1024K)]
Total: 18

Other Threads:
  0x000002bff9ce5210 VMThread "VM Thread"                           [id=18008, stack(0x000000e5e3900000,0x000000e5e3a00000) (1024K)]
  0x000002bff9ccd6b0 WatcherThread "VM Periodic Task Thread"        [id=2024, stack(0x000000e5e3800000,0x000000e5e3900000) (1024K)]
  0x000002bff07843d0 WorkerThread "GC Thread#0"                     [id=13708, stack(0x000000e5e3300000,0x000000e5e3400000) (1024K)]
  0x000002bff07955d0 ConcurrentGCThread "G1 Main Marker"            [id=14128, stack(0x000000e5e3400000,0x000000e5e3500000) (1024K)]
  0x000002bff0797a00 WorkerThread "G1 Conc#0"                       [id=6524, stack(0x000000e5e3500000,0x000000e5e3600000) (1024K)]
  0x000002bff9b8f2e0 ConcurrentGCThread "G1 Refine#0"               [id=3084, stack(0x000000e5e3600000,0x000000e5e3700000) (1024K)]
  0x000002bff9b91720 ConcurrentGCThread "G1 Service"                [id=13324, stack(0x000000e5e3700000,0x000000e5e3800000) (1024K)]
Total: 7

Threads with active compile tasks:
C2 CompilerThread0  1120 1013       4       jdk.internal.org.objectweb.asm.SymbolTable::addConstantUtf8 (98 bytes)
C1 CompilerThread0  1120 1037       3       java.lang.invoke.DirectMethodHandle::make (275 bytes)
C2 CompilerThread1  1120 1001       4       jdk.internal.org.objectweb.asm.SymbolTable::put (150 bytes)
Total: 3

VM state: not at safepoint (normal execution)

VM Mutex/Monitor currently owned by a thread: None

Heap address: 0x0000000080000000, size: 2048 MB, Compressed Oops mode: 32-bit

CDS archive(s) mapped at: [0x000002bf8f000000-0x000002bf90c00000-0x000002bf90c00000), size 29360128, SharedBaseAddress: 0x000002bf8f000000, ArchiveRelocationMode: 1.
Compressed class space mapped at: 0x000002bf91000000-0x000002bfd1000000, reserved size: 1073741824
Narrow klass base: 0x000002bf8f000000, Narrow klass shift: 0, Narrow klass range: 0x100000000

GC Precious Log:
 CardTable entry size: 512
 Card Set container configuration: InlinePtr #cards 5 size 8 Array Of Cards #cards 12 size 40 Howl #buckets 4 coarsen threshold 1843 Howl Bitmap #cards 512 size 80 coarsen threshold 460 Card regions per heap region 1 cards per card region 2048
 CPUs: 8 total, 8 available
 Memory: 16124M
 Large Page Support: Disabled
 NUMA Support: Disabled
 Compressed Oops: Enabled (32-bit)
 Heap Region Size: 1M
 Heap Min Capacity: 128M
 Heap Initial Capacity: 128M
 Heap Max Capacity: 2G
 Pre-touch: Disabled
 Parallel Workers: 8
 Concurrent Workers: 2
 Concurrent Refinement Workers: 8
 Periodic GC: Disabled

Heap:
 garbage-first heap   total 131072K, used 21504K [0x0000000080000000, 0x0000000100000000)
  region size 1024K, 18 young (18432K), 0 survivors (0K)
 Metaspace       used 3271K, committed 3520K, reserved 1114112K
  class space    used 462K, committed 576K, reserved 1048576K

Heap Regions: E=young(eden), S=young(survivor), O=old, HS=humongous(starts), HC=humongous(continues), CS=collection set, F=free, TAMS=top-at-mark-start, PB=parsable bottom
|   0|0x0000000080000000, 0x0000000080100000, 0x0000000080100000|100%|HS|  |TAMS 0x0000000080000000| PB 0x0000000080000000| Complete 
|   1|0x0000000080100000, 0x0000000080200000, 0x0000000080200000|100%|HC|  |TAMS 0x0000000080100000| PB 0x0000000080100000| Complete 
|   2|0x0000000080200000, 0x0000000080300000, 0x0000000080300000|100%|HS|  |TAMS 0x0000000080200000| PB 0x0000000080200000| Complete 
|   3|0x0000000080300000, 0x0000000080400000, 0x0000000080400000|100%|HS|  |TAMS 0x0000000080300000| PB 0x0000000080300000| Complete 
|   4|0x0000000080400000, 0x0000000080400000, 0x0000000080500000|  0%| F|  |TAMS 0x0000000080400000| PB 0x0000000080400000| Untracked 
|   5|0x0000000080500000, 0x0000000080500000, 0x0000000080600000|  0%| F|  |TAMS 0x0000000080500000| PB 0x0000000080500000| Untracked 
|   6|0x0000000080600000, 0x0000000080600000, 0x0000000080700000|  0%| F|  |TAMS 0x0000000080600000| PB 0x0000000080600000| Untracked 
|   7|0x0000000080700000, 0x0000000080700000, 0x0000000080800000|  0%| F|  |TAMS 0x0000000080700000| PB 0x0000000080700000| Untracked 
|   8|0x0000000080800000, 0x0000000080800000, 0x0000000080900000|  0%| F|  |TAMS 0x0000000080800000| PB 0x0000000080800000| Untracked 
|   9|0x0000000080900000, 0x0000000080900000, 0x0000000080a00000|  0%| F|  |TAMS 0x0000000080900000| PB 0x0000000080900000| Untracked 
|  10|0x0000000080a00000, 0x0000000080a00000, 0x0000000080b00000|  0%| F|  |TAMS 0x0000000080a00000| PB 0x0000000080a00000| Untracked 
|  11|0x0000000080b00000, 0x0000000080b00000, 0x0000000080c00000|  0%| F|  |TAMS 0x0000000080b00000| PB 0x0000000080b00000| Untracked 
|  12|0x0000000080c00000, 0x0000000080c00000, 0x0000000080d00000|  0%| F|  |TAMS 0x0000000080c00000| PB 0x0000000080c00000| Untracked 
|  13|0x0000000080d00000, 0x0000000080d00000, 0x0000000080e00000|  0%| F|  |TAMS 0x0000000080d00000| PB 0x0000000080d00000| Untracked 
|  14|0x0000000080e00000, 0x0000000080e00000, 0x0000000080f00000|  0%| F|  |TAMS 0x0000000080e00000| PB 0x0000000080e00000| Untracked 
|  15|0x0000000080f00000, 0x0000000080f00000, 0x0000000081000000|  0%| F|  |TAMS 0x0000000080f00000| PB 0x0000000080f00000| Untracked 
|  16|0x0000000081000000, 0x0000000081000000, 0x0000000081100000|  0%| F|  |TAMS 0x0000000081000000| PB 0x0000000081000000| Untracked 
|  17|0x0000000081100000, 0x0000000081100000, 0x0000000081200000|  0%| F|  |TAMS 0x0000000081100000| PB 0x0000000081100000| Untracked 
|  18|0x0000000081200000, 0x0000000081200000, 0x0000000081300000|  0%| F|  |TAMS 0x0000000081200000| PB 0x0000000081200000| Untracked 
|  19|0x0000000081300000, 0x0000000081300000, 0x0000000081400000|  0%| F|  |TAMS 0x0000000081300000| PB 0x0000000081300000| Untracked 
|  20|0x0000000081400000, 0x0000000081400000, 0x0000000081500000|  0%| F|  |TAMS 0x0000000081400000| PB 0x0000000081400000| Untracked 
|  21|0x0000000081500000, 0x0000000081500000, 0x0000000081600000|  0%| F|  |TAMS 0x0000000081500000| PB 0x0000000081500000| Untracked 
|  22|0x0000000081600000, 0x0000000081600000, 0x0000000081700000|  0%| F|  |TAMS 0x0000000081600000| PB 0x0000000081600000| Untracked 
|  23|0x0000000081700000, 0x0000000081700000, 0x0000000081800000|  0%| F|  |TAMS 0x0000000081700000| PB 0x0000000081700000| Untracked 
|  24|0x0000000081800000, 0x0000000081800000, 0x0000000081900000|  0%| F|  |TAMS 0x0000000081800000| PB 0x0000000081800000| Untracked 
|  25|0x0000000081900000, 0x0000000081900000, 0x0000000081a00000|  0%| F|  |TAMS 0x0000000081900000| PB 0x0000000081900000| Untracked 
|  26|0x0000000081a00000, 0x0000000081a00000, 0x0000000081b00000|  0%| F|  |TAMS 0x0000000081a00000| PB 0x0000000081a00000| Untracked 
|  27|0x0000000081b00000, 0x0000000081b00000, 0x0000000081c00000|  0%| F|  |TAMS 0x0000000081b00000| PB 0x0000000081b00000| Untracked 
|  28|0x0000000081c00000, 0x0000000081c00000, 0x0000000081d00000|  0%| F|  |TAMS 0x0000000081c00000| PB 0x0000000081c00000| Untracked 
|  29|0x0000000081d00000, 0x0000000081d00000, 0x0000000081e00000|  0%| F|  |TAMS 0x0000000081d00000| PB 0x0000000081d00000| Untracked 
|  30|0x0000000081e00000, 0x0000000081e00000, 0x0000000081f00000|  0%| F|  |TAMS 0x0000000081e00000| PB 0x0000000081e00000| Untracked 
|  31|0x0000000081f00000, 0x0000000081f00000, 0x0000000082000000|  0%| F|  |TAMS 0x0000000081f00000| PB 0x0000000081f00000| Untracked 
|  32|0x0000000082000000, 0x0000000082000000, 0x0000000082100000|  0%| F|  |TAMS 0x0000000082000000| PB 0x0000000082000000| Untracked 
|  33|0x0000000082100000, 0x0000000082100000, 0x0000000082200000|  0%| F|  |TAMS 0x0000000082100000| PB 0x0000000082100000| Untracked 
|  34|0x0000000082200000, 0x0000000082200000, 0x0000000082300000|  0%| F|  |TAMS 0x0000000082200000| PB 0x0000000082200000| Untracked 
|  35|0x0000000082300000, 0x0000000082300000, 0x0000000082400000|  0%| F|  |TAMS 0x0000000082300000| PB 0x0000000082300000| Untracked 
|  36|0x0000000082400000, 0x0000000082400000, 0x0000000082500000|  0%| F|  |TAMS 0x0000000082400000| PB 0x0000000082400000| Untracked 
|  37|0x0000000082500000, 0x0000000082500000, 0x0000000082600000|  0%| F|  |TAMS 0x0000000082500000| PB 0x0000000082500000| Untracked 
|  38|0x0000000082600000, 0x0000000082600000, 0x0000000082700000|  0%| F|  |TAMS 0x0000000082600000| PB 0x0000000082600000| Untracked 
|  39|0x0000000082700000, 0x0000000082700000, 0x0000000082800000|  0%| F|  |TAMS 0x0000000082700000| PB 0x0000000082700000| Untracked 
|  40|0x0000000082800000, 0x0000000082800000, 0x0000000082900000|  0%| F|  |TAMS 0x0000000082800000| PB 0x0000000082800000| Untracked 
|  41|0x0000000082900000, 0x0000000082900000, 0x0000000082a00000|  0%| F|  |TAMS 0x0000000082900000| PB 0x0000000082900000| Untracked 
|  42|0x0000000082a00000, 0x0000000082a00000, 0x0000000082b00000|  0%| F|  |TAMS 0x0000000082a00000| PB 0x0000000082a00000| Untracked 
|  43|0x0000000082b00000, 0x0000000082b00000, 0x0000000082c00000|  0%| F|  |TAMS 0x0000000082b00000| PB 0x0000000082b00000| Untracked 
|  44|0x0000000082c00000, 0x0000000082c00000, 0x0000000082d00000|  0%| F|  |TAMS 0x0000000082c00000| PB 0x0000000082c00000| Untracked 
|  45|0x0000000082d00000, 0x0000000082d00000, 0x0000000082e00000|  0%| F|  |TAMS 0x0000000082d00000| PB 0x0000000082d00000| Untracked 
|  46|0x0000000082e00000, 0x0000000082e00000, 0x0000000082f00000|  0%| F|  |TAMS 0x0000000082e00000| PB 0x0000000082e00000| Untracked 
|  47|0x0000000082f00000, 0x0000000082f00000, 0x0000000083000000|  0%| F|  |TAMS 0x0000000082f00000| PB 0x0000000082f00000| Untracked 
|  48|0x0000000083000000, 0x0000000083000000, 0x0000000083100000|  0%| F|  |TAMS 0x0000000083000000| PB 0x0000000083000000| Untracked 
|  49|0x0000000083100000, 0x0000000083100000, 0x0000000083200000|  0%| F|  |TAMS 0x0000000083100000| PB 0x0000000083100000| Untracked 
|  50|0x0000000083200000, 0x0000000083200000, 0x0000000083300000|  0%| F|  |TAMS 0x0000000083200000| PB 0x0000000083200000| Untracked 
|  51|0x0000000083300000, 0x0000000083300000, 0x0000000083400000|  0%| F|  |TAMS 0x0000000083300000| PB 0x0000000083300000| Untracked 
|  52|0x0000000083400000, 0x0000000083400000, 0x0000000083500000|  0%| F|  |TAMS 0x0000000083400000| PB 0x0000000083400000| Untracked 
|  53|0x0000000083500000, 0x0000000083500000, 0x0000000083600000|  0%| F|  |TAMS 0x0000000083500000| PB 0x0000000083500000| Untracked 
|  54|0x0000000083600000, 0x0000000083600000, 0x0000000083700000|  0%| F|  |TAMS 0x0000000083600000| PB 0x0000000083600000| Untracked 
|  55|0x0000000083700000, 0x0000000083700000, 0x0000000083800000|  0%| F|  |TAMS 0x0000000083700000| PB 0x0000000083700000| Untracked 
|  56|0x0000000083800000, 0x0000000083800000, 0x0000000083900000|  0%| F|  |TAMS 0x0000000083800000| PB 0x0000000083800000| Untracked 
|  57|0x0000000083900000, 0x0000000083900000, 0x0000000083a00000|  0%| F|  |TAMS 0x0000000083900000| PB 0x0000000083900000| Untracked 
|  58|0x0000000083a00000, 0x0000000083a00000, 0x0000000083b00000|  0%| F|  |TAMS 0x0000000083a00000| PB 0x0000000083a00000| Untracked 
|  59|0x0000000083b00000, 0x0000000083b00000, 0x0000000083c00000|  0%| F|  |TAMS 0x0000000083b00000| PB 0x0000000083b00000| Untracked 
|  60|0x0000000083c00000, 0x0000000083c00000, 0x0000000083d00000|  0%| F|  |TAMS 0x0000000083c00000| PB 0x0000000083c00000| Untracked 
|  61|0x0000000083d00000, 0x0000000083d00000, 0x0000000083e00000|  0%| F|  |TAMS 0x0000000083d00000| PB 0x0000000083d00000| Untracked 
|  62|0x0000000083e00000, 0x0000000083e00000, 0x0000000083f00000|  0%| F|  |TAMS 0x0000000083e00000| PB 0x0000000083e00000| Untracked 
|  63|0x0000000083f00000, 0x0000000083f00000, 0x0000000084000000|  0%| F|  |TAMS 0x0000000083f00000| PB 0x0000000083f00000| Untracked 
|  64|0x0000000084000000, 0x0000000084000000, 0x0000000084100000|  0%| F|  |TAMS 0x0000000084000000| PB 0x0000000084000000| Untracked 
|  65|0x0000000084100000, 0x0000000084100000, 0x0000000084200000|  0%| F|  |TAMS 0x0000000084100000| PB 0x0000000084100000| Untracked 
|  66|0x0000000084200000, 0x0000000084200000, 0x0000000084300000|  0%| F|  |TAMS 0x0000000084200000| PB 0x0000000084200000| Untracked 
|  67|0x0000000084300000, 0x0000000084300000, 0x0000000084400000|  0%| F|  |TAMS 0x0000000084300000| PB 0x0000000084300000| Untracked 
|  68|0x0000000084400000, 0x0000000084400000, 0x0000000084500000|  0%| F|  |TAMS 0x0000000084400000| PB 0x0000000084400000| Untracked 
|  69|0x0000000084500000, 0x0000000084500000, 0x0000000084600000|  0%| F|  |TAMS 0x0000000084500000| PB 0x0000000084500000| Untracked 
|  70|0x0000000084600000, 0x0000000084600000, 0x0000000084700000|  0%| F|  |TAMS 0x0000000084600000| PB 0x0000000084600000| Untracked 
|  71|0x0000000084700000, 0x0000000084700000, 0x0000000084800000|  0%| F|  |TAMS 0x0000000084700000| PB 0x0000000084700000| Untracked 
|  72|0x0000000084800000, 0x0000000084800000, 0x0000000084900000|  0%| F|  |TAMS 0x0000000084800000| PB 0x0000000084800000| Untracked 
|  73|0x0000000084900000, 0x0000000084900000, 0x0000000084a00000|  0%| F|  |TAMS 0x0000000084900000| PB 0x0000000084900000| Untracked 
|  74|0x0000000084a00000, 0x0000000084a00000, 0x0000000084b00000|  0%| F|  |TAMS 0x0000000084a00000| PB 0x0000000084a00000| Untracked 
|  75|0x0000000084b00000, 0x0000000084b00000, 0x0000000084c00000|  0%| F|  |TAMS 0x0000000084b00000| PB 0x0000000084b00000| Untracked 
|  76|0x0000000084c00000, 0x0000000084c00000, 0x0000000084d00000|  0%| F|  |TAMS 0x0000000084c00000| PB 0x0000000084c00000| Untracked 
|  77|0x0000000084d00000, 0x0000000084d00000, 0x0000000084e00000|  0%| F|  |TAMS 0x0000000084d00000| PB 0x0000000084d00000| Untracked 
|  78|0x0000000084e00000, 0x0000000084e00000, 0x0000000084f00000|  0%| F|  |TAMS 0x0000000084e00000| PB 0x0000000084e00000| Untracked 
|  79|0x0000000084f00000, 0x0000000084f00000, 0x0000000085000000|  0%| F|  |TAMS 0x0000000084f00000| PB 0x0000000084f00000| Untracked 
|  80|0x0000000085000000, 0x0000000085000000, 0x0000000085100000|  0%| F|  |TAMS 0x0000000085000000| PB 0x0000000085000000| Untracked 
|  81|0x0000000085100000, 0x0000000085100000, 0x0000000085200000|  0%| F|  |TAMS 0x0000000085100000| PB 0x0000000085100000| Untracked 
|  82|0x0000000085200000, 0x0000000085200000, 0x0000000085300000|  0%| F|  |TAMS 0x0000000085200000| PB 0x0000000085200000| Untracked 
|  83|0x0000000085300000, 0x0000000085300000, 0x0000000085400000|  0%| F|  |TAMS 0x0000000085300000| PB 0x0000000085300000| Untracked 
|  84|0x0000000085400000, 0x0000000085400000, 0x0000000085500000|  0%| F|  |TAMS 0x0000000085400000| PB 0x0000000085400000| Untracked 
|  85|0x0000000085500000, 0x0000000085500000, 0x0000000085600000|  0%| F|  |TAMS 0x0000000085500000| PB 0x0000000085500000| Untracked 
|  86|0x0000000085600000, 0x0000000085600000, 0x0000000085700000|  0%| F|  |TAMS 0x0000000085600000| PB 0x0000000085600000| Untracked 
|  87|0x0000000085700000, 0x0000000085700000, 0x0000000085800000|  0%| F|  |TAMS 0x0000000085700000| PB 0x0000000085700000| Untracked 
|  88|0x0000000085800000, 0x0000000085800000, 0x0000000085900000|  0%| F|  |TAMS 0x0000000085800000| PB 0x0000000085800000| Untracked 
|  89|0x0000000085900000, 0x0000000085900000, 0x0000000085a00000|  0%| F|  |TAMS 0x0000000085900000| PB 0x0000000085900000| Untracked 
|  90|0x0000000085a00000, 0x0000000085a00000, 0x0000000085b00000|  0%| F|  |TAMS 0x0000000085a00000| PB 0x0000000085a00000| Untracked 
|  91|0x0000000085b00000, 0x0000000085b00000, 0x0000000085c00000|  0%| F|  |TAMS 0x0000000085b00000| PB 0x0000000085b00000| Untracked 
|  92|0x0000000085c00000, 0x0000000085c00000, 0x0000000085d00000|  0%| F|  |TAMS 0x0000000085c00000| PB 0x0000000085c00000| Untracked 
|  93|0x0000000085d00000, 0x0000000085d00000, 0x0000000085e00000|  0%| F|  |TAMS 0x0000000085d00000| PB 0x0000000085d00000| Untracked 
|  94|0x0000000085e00000, 0x0000000085e00000, 0x0000000085f00000|  0%| F|  |TAMS 0x0000000085e00000| PB 0x0000000085e00000| Untracked 
|  95|0x0000000085f00000, 0x0000000085f00000, 0x0000000086000000|  0%| F|  |TAMS 0x0000000085f00000| PB 0x0000000085f00000| Untracked 
|  96|0x0000000086000000, 0x0000000086000000, 0x0000000086100000|  0%| F|  |TAMS 0x0000000086000000| PB 0x0000000086000000| Untracked 
|  97|0x0000000086100000, 0x0000000086100000, 0x0000000086200000|  0%| F|  |TAMS 0x0000000086100000| PB 0x0000000086100000| Untracked 
|  98|0x0000000086200000, 0x0000000086200000, 0x0000000086300000|  0%| F|  |TAMS 0x0000000086200000| PB 0x0000000086200000| Untracked 
|  99|0x0000000086300000, 0x0000000086300000, 0x0000000086400000|  0%| F|  |TAMS 0x0000000086300000| PB 0x0000000086300000| Untracked 
| 100|0x0000000086400000, 0x0000000086400000, 0x0000000086500000|  0%| F|  |TAMS 0x0000000086400000| PB 0x0000000086400000| Untracked 
| 101|0x0000000086500000, 0x0000000086500000, 0x0000000086600000|  0%| F|  |TAMS 0x0000000086500000| PB 0x0000000086500000| Untracked 
| 102|0x0000000086600000, 0x0000000086600000, 0x0000000086700000|  0%| F|  |TAMS 0x0000000086600000| PB 0x0000000086600000| Untracked 
| 103|0x0000000086700000, 0x0000000086700000, 0x0000000086800000|  0%| F|  |TAMS 0x0000000086700000| PB 0x0000000086700000| Untracked 
| 104|0x0000000086800000, 0x0000000086800000, 0x0000000086900000|  0%| F|  |TAMS 0x0000000086800000| PB 0x0000000086800000| Untracked 
| 105|0x0000000086900000, 0x0000000086900000, 0x0000000086a00000|  0%| F|  |TAMS 0x0000000086900000| PB 0x0000000086900000| Untracked 
| 106|0x0000000086a00000, 0x0000000086a00000, 0x0000000086b00000|  0%| F|  |TAMS 0x0000000086a00000| PB 0x0000000086a00000| Untracked 
| 107|0x0000000086b00000, 0x0000000086b00000, 0x0000000086c00000|  0%| F|  |TAMS 0x0000000086b00000| PB 0x0000000086b00000| Untracked 
| 108|0x0000000086c00000, 0x0000000086c00000, 0x0000000086d00000|  0%| F|  |TAMS 0x0000000086c00000| PB 0x0000000086c00000| Untracked 
| 109|0x0000000086d00000, 0x0000000086d00000, 0x0000000086e00000|  0%| F|  |TAMS 0x0000000086d00000| PB 0x0000000086d00000| Untracked 
| 110|0x0000000086e00000, 0x0000000086eeba78, 0x0000000086f00000| 92%| E|  |TAMS 0x0000000086e00000| PB 0x0000000086e00000| Complete 
| 111|0x0000000086f00000, 0x0000000087000000, 0x0000000087000000|100%| E|CS|TAMS 0x0000000086f00000| PB 0x0000000086f00000| Complete 
| 112|0x0000000087000000, 0x0000000087100000, 0x0000000087100000|100%| E|CS|TAMS 0x0000000087000000| PB 0x0000000087000000| Complete 
| 113|0x0000000087100000, 0x0000000087200000, 0x0000000087200000|100%| E|CS|TAMS 0x0000000087100000| PB 0x0000000087100000| Complete 
| 114|0x0000000087200000, 0x0000000087300000, 0x0000000087300000|100%| E|CS|TAMS 0x0000000087200000| PB 0x0000000087200000| Complete 
| 115|0x0000000087300000, 0x0000000087400000, 0x0000000087400000|100%| E|CS|TAMS 0x0000000087300000| PB 0x0000000087300000| Complete 
| 116|0x0000000087400000, 0x0000000087500000, 0x0000000087500000|100%| E|CS|TAMS 0x0000000087400000| PB 0x0000000087400000| Complete 
| 117|0x0000000087500000, 0x0000000087600000, 0x0000000087600000|100%| E|CS|TAMS 0x0000000087500000| PB 0x0000000087500000| Complete 
| 118|0x0000000087600000, 0x0000000087700000, 0x0000000087700000|100%| E|CS|TAMS 0x0000000087600000| PB 0x0000000087600000| Complete 
| 119|0x0000000087700000, 0x0000000087800000, 0x0000000087800000|100%| E|CS|TAMS 0x0000000087700000| PB 0x0000000087700000| Complete 
| 120|0x0000000087800000, 0x0000000087900000, 0x0000000087900000|100%| E|CS|TAMS 0x0000000087800000| PB 0x0000000087800000| Complete 
| 121|0x0000000087900000, 0x0000000087a00000, 0x0000000087a00000|100%| E|CS|TAMS 0x0000000087900000| PB 0x0000000087900000| Complete 
| 122|0x0000000087a00000, 0x0000000087b00000, 0x0000000087b00000|100%| E|CS|TAMS 0x0000000087a00000| PB 0x0000000087a00000| Complete 
| 123|0x0000000087b00000, 0x0000000087c00000, 0x0000000087c00000|100%| E|CS|TAMS 0x0000000087b00000| PB 0x0000000087b00000| Complete 
| 124|0x0000000087c00000, 0x0000000087d00000, 0x0000000087d00000|100%| E|CS|TAMS 0x0000000087c00000| PB 0x0000000087c00000| Complete 
| 125|0x0000000087d00000, 0x0000000087e00000, 0x0000000087e00000|100%| E|CS|TAMS 0x0000000087d00000| PB 0x0000000087d00000| Complete 
| 126|0x0000000087e00000, 0x0000000087f00000, 0x0000000087f00000|100%| E|CS|TAMS 0x0000000087e00000| PB 0x0000000087e00000| Complete 
| 127|0x0000000087f00000, 0x0000000088000000, 0x0000000088000000|100%| E|CS|TAMS 0x0000000087f00000| PB 0x0000000087f00000| Complete 

Card table byte_map: [0x000002bff4ea0000,0x000002bff52a0000] _byte_map_base: 0x000002bff4aa0000

Marking Bits: (CMBitMap*) 0x000002bff07849e0
 Bits: [0x000002bff52a0000, 0x000002bff72a0000)

Polling page: 0x000002bfee5e0000

Metaspace:

Usage:
  Non-class:      2.75 MB used.
      Class:    463.52 KB used.
       Both:      3.20 MB used.

Virtual space:
  Non-class space:       64.00 MB reserved,       2.94 MB (  5%) committed,  1 nodes.
      Class space:        1.00 GB reserved,     576.00 KB ( <1%) committed,  1 nodes.
             Both:        1.06 GB reserved,       3.50 MB ( <1%) committed. 

Chunk freelists:
   Non-Class:  10.66 MB
       Class:  15.38 MB
        Both:  26.04 MB

MaxMetaspaceSize: unlimited
CompressedClassSpaceSize: 1.00 GB
Initial GC threshold: 21.00 MB
Current GC threshold: 21.00 MB
CDS: on
 - commit_granule_bytes: 65536.
 - commit_granule_words: 8192.
 - virtual_space_node_default_size: 8388608.
 - enlarge_chunks_in_place: 1.
 - use_allocation_guard: 0.


Internal statistics:

num_allocs_failed_limit: 0.
num_arena_births: 264.
num_arena_deaths: 0.
num_vsnodes_births: 2.
num_vsnodes_deaths: 0.
num_space_committed: 56.
num_space_uncommitted: 0.
num_chunks_returned_to_freelist: 0.
num_chunks_taken_from_freelist: 373.
num_chunk_merges: 0.
num_chunk_splits: 237.
num_chunks_enlarged: 112.
num_inconsistent_stats: 0.

CodeHeap 'non-profiled nmethods': size=120000Kb used=400Kb max_used=400Kb free=119599Kb
 bounds [0x000002bf87ad0000, 0x000002bf87d40000, 0x000002bf8f000000]
CodeHeap 'profiled nmethods': size=120000Kb used=1646Kb max_used=1646Kb free=118353Kb
 bounds [0x000002bf80000000, 0x000002bf80270000, 0x000002bf87530000]
CodeHeap 'non-nmethods': size=5760Kb used=1504Kb max_used=1512Kb free=4255Kb
 bounds [0x000002bf87530000, 0x000002bf877a0000, 0x000002bf87ad0000]
CodeCache: size=245760Kb, used=3550Kb, max_used=3558Kb, free=242207Kb
 total_blobs=1518, nmethods=1047, adapters=376, full_count=0
Compilation: enabled, stopped_count=0, restarted_count=0

Compilation events (20 events):
Event: 1.053 Thread 0x000002bff9d105d0  957       3       sun.security.provider.ByteArrayAccess::b2iBig64 (231 bytes)
Event: 1.055 Thread 0x000002bffe1b3370  961       4       java.lang.StringLatin1::lastIndexOf (40 bytes)
Event: 1.056 Thread 0x000002bffe1b3370 nmethod 961 0x000002bf87b30090 code [0x000002bf87b30220, 0x000002bf87b30328]
Event: 1.056 Thread 0x000002bffe1b3370 1001       4       jdk.internal.org.objectweb.asm.SymbolTable::put (150 bytes)
Event: 1.058 Thread 0x000002bff9d105d0 nmethod 957 0x000002bf8017f410 code [0x000002bf8017fc60, 0x000002bf801847f0]
Event: 1.058 Thread 0x000002bff9d105d0  945       1       java.lang.reflect.Method::getDeclaringClass (5 bytes)
Event: 1.058 Thread 0x000002bff9d105d0 nmethod 945 0x000002bf87b30490 code [0x000002bf87b30620, 0x000002bf87b306e8]
Event: 1.058 Thread 0x000002bff9d105d0  942       3       sun.invoke.util.Wrapper::isDoubleWord (15 bytes)
Event: 1.063 Thread 0x000002bff9d105d0 nmethod 942 0x000002bf80185c90 code [0x000002bf80185e20, 0x000002bf80185f88]
Event: 1.063 Thread 0x000002bff9d105d0 1000       1       java.lang.invoke.ClassSpecializer$SpeciesData::getterFunctions (5 bytes)
Event: 1.063 Thread 0x000002bff9d105d0 nmethod 1000 0x000002bf87b30790 code [0x000002bf87b30920, 0x000002bf87b309e8]
Event: 1.063 Thread 0x000002bff9d105d0  959       3       java.net.URL::toString (5 bytes)
Event: 1.063 Thread 0x000002bff9d105d0 nmethod 959 0x000002bf80186010 code [0x000002bf801861c0, 0x000002bf801863f8]
Event: 1.063 Thread 0x000002bff9d105d0  969       1       jdk.internal.org.objectweb.asm.SymbolTable::getConstantPoolCount (5 bytes)
Event: 1.063 Thread 0x000002bff9d105d0 nmethod 969 0x000002bf87b30a90 code [0x000002bf87b30c20, 0x000002bf87b30ce8]
Event: 1.063 Thread 0x000002bff9d105d0  963       1       java.nio.Buffer::position (5 bytes)
Event: 1.063 Thread 0x000002bff9d105d0 nmethod 963 0x000002bf87b30d90 code [0x000002bf87b30f20, 0x000002bf87b30fe8]
Event: 1.063 Thread 0x000002bff9d105d0  960       1       java.lang.invoke.InfoFromMemberName::getReferenceKind (5 bytes)
Event: 1.063 Thread 0x000002bff9d105d0 nmethod 960 0x000002bf87b31090 code [0x000002bf87b31220, 0x000002bf87b312e8]
Event: 1.063 Thread 0x000002bff9d0ff20  977       4       jdk.internal.org.objectweb.asm.ByteVector::putShort (52 bytes)

GC Heap History (0 events):
No events

Dll operation events (2 events):
Event: 0.010 Loaded shared library C:\Program Files\JetBrains\IntelliJ IDEA 2025.2.3\jbr\bin\java.dll
Event: 0.055 Loaded shared library C:\Program Files\JetBrains\IntelliJ IDEA 2025.2.3\jbr\bin\zip.dll

Deoptimization events (20 events):
Event: 0.550 Thread 0x000002bff0729840 Uncommon trap: trap_request=0xffffff45 fr.pc=0x000002bf87af7b70 relative=0x00000000000002b0
Event: 0.550 Thread 0x000002bff0729840 Uncommon trap: reason=unstable_if action=reinterpret pc=0x000002bf87af7b70 method=java.util.concurrent.ConcurrentHashMap.get(Ljava/lang/Object;)Ljava/lang/Object; @ 76 c2
Event: 0.550 Thread 0x000002bff0729840 DEOPT PACKING pc=0x000002bf87af7b70 sp=0x000000e5e32fd5c0
Event: 0.550 Thread 0x000002bff0729840 DEOPT UNPACKING pc=0x000002bf87587da2 sp=0x000000e5e32fd538 mode 2
Event: 0.571 Thread 0x000002bff0729840 Uncommon trap: trap_request=0xffffff45 fr.pc=0x000002bf87af389c relative=0x00000000000003bc
Event: 0.571 Thread 0x000002bff0729840 Uncommon trap: reason=unstable_if action=reinterpret pc=0x000002bf87af389c method=java.lang.StringLatin1.toLowerCase(Ljava/lang/String;[BLjava/util/Locale;)Ljava/lang/String; @ 43 c2
Event: 0.571 Thread 0x000002bff0729840 DEOPT PACKING pc=0x000002bf87af389c sp=0x000000e5e32fdb80
Event: 0.571 Thread 0x000002bff0729840 DEOPT UNPACKING pc=0x000002bf87587da2 sp=0x000000e5e32fdaf0 mode 2
Event: 0.611 Thread 0x000002bff0729840 Uncommon trap: trap_request=0xffffff45 fr.pc=0x000002bf87afedb4 relative=0x0000000000000274
Event: 0.611 Thread 0x000002bff0729840 Uncommon trap: reason=unstable_if action=reinterpret pc=0x000002bf87afedb4 method=java.lang.String.startsWith(Ljava/lang/String;I)Z @ 1 c2
Event: 0.611 Thread 0x000002bff0729840 DEOPT PACKING pc=0x000002bf87afedb4 sp=0x000000e5e32fd210
Event: 0.611 Thread 0x000002bff0729840 DEOPT UNPACKING pc=0x000002bf87587da2 sp=0x000000e5e32fd1b8 mode 2
Event: 0.689 Thread 0x000002bff0729840 Uncommon trap: trap_request=0xffffff45 fr.pc=0x000002bf87b02f00 relative=0x0000000000000c60
Event: 0.689 Thread 0x000002bff0729840 Uncommon trap: reason=unstable_if action=reinterpret pc=0x000002bf87b02f00 method=java.security.Provider$ServiceKey.<init>(Ljava/lang/String;Ljava/lang/String;Z)V @ 24 c2
Event: 0.689 Thread 0x000002bff0729840 DEOPT PACKING pc=0x000002bf87b02f00 sp=0x000000e5e32fe190
Event: 0.689 Thread 0x000002bff0729840 DEOPT UNPACKING pc=0x000002bf87587da2 sp=0x000000e5e32fe198 mode 2
Event: 0.991 Thread 0x000002bff0729840 Uncommon trap: trap_request=0xffffff6e fr.pc=0x000002bf87aee084 relative=0x0000000000000164
Event: 0.991 Thread 0x000002bff0729840 Uncommon trap: reason=loop_limit_check action=maybe_recompile pc=0x000002bf87aee084 method=java.lang.StringLatin1.lastIndexOf([BII)I @ 19 c2
Event: 0.991 Thread 0x000002bff0729840 DEOPT PACKING pc=0x000002bf87aee084 sp=0x000000e5e32fe100
Event: 0.991 Thread 0x000002bff0729840 DEOPT UNPACKING pc=0x000002bf87587da2 sp=0x000000e5e32fe080 mode 2

Classes loaded (20 events):
Event: 1.018 Loading class java/rmi/server/RemoteObjectInvocationHandler
Event: 1.018 Loading class java/rmi/server/RemoteObjectInvocationHandler done
Event: 1.018 Loading class java/rmi/server/RemoteObjectInvocationHandler$MethodToHash_Maps
Event: 1.018 Loading class java/rmi/server/RemoteObjectInvocationHandler$MethodToHash_Maps done
Event: 1.018 Loading class sun/rmi/server/Util$1
Event: 1.018 Loading class sun/rmi/server/Util$1 done
Event: 1.025 Loading class sun/rmi/transport/ObjectTable$Reaper
Event: 1.025 Loading class sun/rmi/transport/ObjectTable$Reaper done
Event: 1.025 Loading class sun/rmi/transport/GC
Event: 1.025 Loading class sun/rmi/transport/GC done
Event: 1.025 Loading class sun/rmi/transport/GC$LatencyLock
Event: 1.025 Loading class sun/rmi/transport/GC$LatencyLock done
Event: 1.025 Loading class sun/rmi/transport/GC$1
Event: 1.025 Loading class sun/rmi/transport/GC$1 done
Event: 1.027 Loading class sun/rmi/transport/GC$LatencyRequest
Event: 1.027 Loading class sun/rmi/transport/GC$LatencyRequest done
Event: 1.027 Loading class sun/rmi/transport/GC$Daemon
Event: 1.027 Loading class sun/rmi/transport/GC$Daemon done
Event: 1.027 Loading class sun/rmi/transport/GC$Daemon$1
Event: 1.027 Loading class sun/rmi/transport/GC$Daemon$1 done

Classes unloaded (0 events):
No events

Classes redefined (0 events):
No events

Internal exceptions (14 events):
Event: 0.517 Thread 0x000002bff0729840 Exception <a 'java/lang/NoSuchMethodError'{0x0000000087483df8}: 'int java.lang.invoke.DirectMethodHandle$Holder.invokeSpecial(java.lang.Object, java.lang.Object, java.lang.Object, java.lang.Object)'> (0x0000000087483df8) 
thrown [s\src\hotspot\share\interpreter\linkResolver.cpp, line 784]
Event: 0.519 Thread 0x000002bff0729840 Exception <a 'java/lang/NoSuchMethodError'{0x0000000087498e40}: 'java.lang.Object java.lang.invoke.DirectMethodHandle$Holder.invokeSpecial(java.lang.Object, java.lang.Object, int, java.lang.Object, java.lang.Object)'> (0x0000000087498e40) 
thrown [s\src\hotspot\share\interpreter\linkResolver.cpp, line 784]
Event: 0.519 Thread 0x000002bff0729840 Exception <a 'java/lang/NoSuchMethodError'{0x000000008749c7d0}: 'java.lang.Object java.lang.invoke.DelegatingMethodHandle$Holder.delegate(java.lang.Object, int, java.lang.Object, java.lang.Object)'> (0x000000008749c7d0) 
thrown [s\src\hotspot\share\interpreter\linkResolver.cpp, line 784]
Event: 0.541 Thread 0x000002bff0729840 Exception <a 'java/lang/NoSuchMethodError'{0x00000000874abe20}: 'int java.lang.invoke.Invokers$Holder.linkToTargetMethod(java.lang.Object, java.lang.Object, java.lang.Object)'> (0x00000000874abe20) 
thrown [s\src\hotspot\share\interpreter\linkResolver.cpp, line 784]
Event: 0.555 Thread 0x000002bff0729840 Exception <a 'java/lang/NoSuchMethodError'{0x00000000874db070}: 'java.lang.Object java.lang.invoke.Invokers$Holder.invoke_MT(java.lang.Object, java.lang.Object, java.lang.Object, java.lang.Object, java.lang.Object, java.lang.Object, java.lang.Object, java.lang.Object, java.lang.Object, java.lang.Object)'> (0x00000000874db070) 
thrown [s\src\hotspot\share\interpreter\linkResolver.cpp, line 784]
Event: 0.558 Thread 0x000002bff0729840 Exception <a 'java/lang/NoSuchMethodError'{0x00000000874f72e0}: 'java.lang.Object java.lang.invoke.Invokers$Holder.invoke_MT(java.lang.Object, java.lang.Object, java.lang.Object, java.lang.Object, java.lang.Object)'> (0x00000000874f72e0) 
thrown [s\src\hotspot\share\interpreter\linkResolver.cpp, line 784]
Event: 0.568 Thread 0x000002bff0729840 Exception <a 'java/lang/NoSuchMethodError'{0x0000000087319380}: 'void java.lang.invoke.DirectMethodHandle$Holder.invokeInterface(java.lang.Object, java.lang.Object, java.lang.Object)'> (0x0000000087319380) 
thrown [s\src\hotspot\share\interpreter\linkResolver.cpp, line 784]
Event: 0.569 Thread 0x000002bff0729840 Exception <a 'java/lang/IncompatibleClassChangeError'{0x000000008731c7c0}: Found class java.lang.Object, but interface was expected> (0x000000008731c7c0) 
thrown [s\src\hotspot\share\interpreter\linkResolver.cpp, line 851]
Event: 0.569 Thread 0x000002bff0729840 Exception <a 'java/lang/IncompatibleClassChangeError'{0x000000008731efd8}: Found class java.lang.Object, but interface was expected> (0x000000008731efd8) 
thrown [s\src\hotspot\share\interpreter\linkResolver.cpp, line 851]
Event: 0.569 Thread 0x000002bff0729840 Exception <a 'java/lang/IncompatibleClassChangeError'{0x0000000087320fc0}: Found class java.lang.Object, but interface was expected> (0x0000000087320fc0) 
thrown [s\src\hotspot\share\interpreter\linkResolver.cpp, line 851]
Event: 0.569 Thread 0x000002bff0729840 Exception <a 'java/lang/IncompatibleClassChangeError'{0x0000000087323058}: Found class java.lang.Object, but interface was expected> (0x0000000087323058) 
thrown [s\src\hotspot\share\interpreter\linkResolver.cpp, line 851]
Event: 0.569 Thread 0x000002bff0729840 Exception <a 'java/lang/IncompatibleClassChangeError'{0x0000000087324d88}: Found class java.lang.Object, but interface was expected> (0x0000000087324d88) 
thrown [s\src\hotspot\share\interpreter\linkResolver.cpp, line 851]
Event: 0.966 Thread 0x000002bff0729840 Exception <a 'java/lang/NoSuchMethodError'{0x0000000087289be0}: 'java.lang.Object java.lang.invoke.DirectMethodHandle$Holder.invokeStaticInit(java.lang.Object, java.lang.Object, int, int, int, int)'> (0x0000000087289be0) 
thrown [s\src\hotspot\share\interpreter\linkResolver.cpp, line 784]
Event: 1.049 Thread 0x000002bff0729840 Exception <a 'java/lang/NoSuchMethodError'{0x00000000871eb340}: 'java.lang.Object java.lang.invoke.Invokers$Holder.linkToTargetMethod(java.lang.Object, long, java.lang.Object)'> (0x00000000871eb340) 
thrown [s\src\hotspot\share\interpreter\linkResolver.cpp, line 784]

ZGC Phase Switch (0 events):
No events

VM Operations (4 events):
Event: 0.224 Executing VM operation: HandshakeAllThreads (Deoptimize)
Event: 0.224 Executing VM operation: HandshakeAllThreads (Deoptimize) done
Event: 0.470 Executing VM operation: HandshakeAllThreads (Deoptimize)
Event: 0.470 Executing VM operation: HandshakeAllThreads (Deoptimize) done

Memory protections (0 events):
No events

Nmethod flushes (0 events):
No events

Events (20 events):
Event: 0.063 Thread 0x000002bff0729840 Thread added: 0x000002bffe011bc0
Event: 0.063 Thread 0x000002bff0729840 Thread added: 0x000002bffe0126c0
Event: 0.064 Thread 0x000002bff0729840 Thread added: 0x000002bffe012d30
Event: 0.064 Thread 0x000002bff0729840 Thread added: 0x000002bffe013600
Event: 0.064 Thread 0x000002bff0729840 Thread added: 0x000002bff9d0ff20
Event: 0.064 Thread 0x000002bff0729840 Thread added: 0x000002bff9d105d0
Event: 0.094 Thread 0x000002bff0729840 Thread added: 0x000002bffe14cc80
Event: 0.101 Loaded shared library C:\Program Files\JetBrains\IntelliJ IDEA 2025.2.3\jbr\bin\net.dll
Event: 0.103 Loaded shared library C:\Program Files\JetBrains\IntelliJ IDEA 2025.2.3\jbr\bin\nio.dll
Event: 0.115 Thread 0x000002bff9d0ff20 Thread added: 0x000002bffe1b3370
Event: 0.120 Loaded shared library C:\Program Files\JetBrains\IntelliJ IDEA 2025.2.3\jbr\bin\zip.dll
Event: 0.219 Loaded shared library C:\Program Files\JetBrains\IntelliJ IDEA 2025.2.3\jbr\bin\jimage.dll
Event: 0.865 Thread 0x000002bffe1b3370 Thread exited: 0x000002bffe1b3370
Event: 0.961 Thread 0x000002bff9d105d0 Thread added: 0x000002bffe1b3370
Event: 1.004 Loaded shared library C:\Program Files\JetBrains\IntelliJ IDEA 2025.2.3\jbr\bin\extnet.dll
Event: 1.012 Thread 0x000002bff0729840 Thread added: 0x000002bffe6e4210
Event: 1.024 Thread 0x000002bff0729840 Thread added: 0x000002bffe6e4880
Event: 1.025 Thread 0x000002bff0729840 Thread added: 0x000002bffe54cb80
Event: 1.026 Loaded shared library C:\Program Files\JetBrains\IntelliJ IDEA 2025.2.3\jbr\bin\rmi.dll
Event: 1.027 Thread 0x000002bff0729840 Thread added: 0x000002bffe6d2c70


Dynamic libraries:
0x00007ff7ab820000 - 0x00007ff7ab82a000 	C:\Program Files\JetBrains\IntelliJ IDEA 2025.2.3\jbr\bin\java.exe
0x00007ff9c69c0000 - 0x00007ff9c6c28000 	C:\WINDOWS\SYSTEM32\ntdll.dll
0x00007ff9c5550000 - 0x00007ff9c5619000 	C:\WINDOWS\System32\KERNEL32.DLL
0x00007ff9c4000000 - 0x00007ff9c43f8000 	C:\WINDOWS\System32\KERNELBASE.dll
0x00007ff9c4400000 - 0x00007ff9c454b000 	C:\WINDOWS\System32\ucrtbase.dll
0x00007ff9b9fe0000 - 0x00007ff9b9ffb000 	C:\Program Files\JetBrains\IntelliJ IDEA 2025.2.3\jbr\bin\VCRUNTIME140.dll
0x00007ff99dae0000 - 0x00007ff99daf8000 	C:\Program Files\JetBrains\IntelliJ IDEA 2025.2.3\jbr\bin\jli.dll
0x00007ff9c5d30000 - 0x00007ff9c5ef7000 	C:\WINDOWS\System32\USER32.dll
0x00007ff9ac8b0000 - 0x00007ff9acb44000 	C:\WINDOWS\WinSxS\amd64_microsoft.windows.common-controls_6595b64144ccf1df_6.0.26100.7019_none_3e06ffa0e335b8a8\COMCTL32.dll
0x00007ff9c3c80000 - 0x00007ff9c3ca7000 	C:\WINDOWS\System32\win32u.dll
0x00007ff9c5390000 - 0x00007ff9c5439000 	C:\WINDOWS\System32\msvcrt.dll
0x00007ff9c5360000 - 0x00007ff9c538b000 	C:\WINDOWS\System32\GDI32.dll
0x00007ff9c3d60000 - 0x00007ff9c3e8c000 	C:\WINDOWS\System32\gdi32full.dll
0x00007ff9c3f50000 - 0x00007ff9c3ff3000 	C:\WINDOWS\System32\msvcp_win.dll
0x00007ff9c5f00000 - 0x00007ff9c5f31000 	C:\WINDOWS\System32\IMM32.DLL
0x00007ff9c05d0000 - 0x00007ff9c05dc000 	C:\Program Files\JetBrains\IntelliJ IDEA 2025.2.3\jbr\bin\vcruntime140_1.dll
0x00007ff951e10000 - 0x00007ff951e9d000 	C:\Program Files\JetBrains\IntelliJ IDEA 2025.2.3\jbr\bin\msvcp140.dll
0x00007ff923a50000 - 0x00007ff92481b000 	C:\Program Files\JetBrains\IntelliJ IDEA 2025.2.3\jbr\bin\server\jvm.dll
0x00007ff9c5c60000 - 0x00007ff9c5d14000 	C:\WINDOWS\System32\ADVAPI32.dll
0x00007ff9c5fc0000 - 0x00007ff9c6066000 	C:\WINDOWS\System32\sechost.dll
0x00007ff9c6080000 - 0x00007ff9c6198000 	C:\WINDOWS\System32\RPCRT4.dll
0x00007ff9c61a0000 - 0x00007ff9c6214000 	C:\WINDOWS\System32\WS2_32.dll
0x00007ff9b9c40000 - 0x00007ff9b9c75000 	C:\WINDOWS\SYSTEM32\WINMM.dll
0x00007ff9b6080000 - 0x00007ff9b608b000 	C:\WINDOWS\SYSTEM32\VERSION.dll
0x00007ff9c3970000 - 0x00007ff9c39ce000 	C:\WINDOWS\SYSTEM32\POWRPROF.dll
0x00007ff9c3950000 - 0x00007ff9c3964000 	C:\WINDOWS\SYSTEM32\UMPDC.dll
0x00007ff9c28d0000 - 0x00007ff9c28eb000 	C:\WINDOWS\SYSTEM32\kernel.appcore.dll
0x00007ff9c0580000 - 0x00007ff9c058a000 	C:\Program Files\JetBrains\IntelliJ IDEA 2025.2.3\jbr\bin\jimage.dll
0x00007ff9c0840000 - 0x00007ff9c0a82000 	C:\WINDOWS\SYSTEM32\DBGHELP.DLL
0x00007ff9c4e00000 - 0x00007ff9c518b000 	C:\WINDOWS\System32\combase.dll
0x00007ff9c5a60000 - 0x00007ff9c5b37000 	C:\WINDOWS\System32\OLEAUT32.dll
0x00007ff9b9c00000 - 0x00007ff9b9c3c000 	C:\WINDOWS\SYSTEM32\dbgcore.DLL
0x00007ff9c3cb0000 - 0x00007ff9c3d55000 	C:\WINDOWS\System32\bcryptPrimitives.dll
0x00007ff9b9fc0000 - 0x00007ff9b9fe0000 	C:\Program Files\JetBrains\IntelliJ IDEA 2025.2.3\jbr\bin\java.dll
0x00007ff9c6220000 - 0x00007ff9c696f000 	C:\WINDOWS\System32\SHELL32.dll
0x00007ff9c3b10000 - 0x00007ff9c3c7b000 	C:\WINDOWS\System32\wintypes.dll
0x00007ff9c1700000 - 0x00007ff9c1f5d000 	C:\WINDOWS\SYSTEM32\windows.storage.dll
0x00007ff9c5b60000 - 0x00007ff9c5c52000 	C:\WINDOWS\System32\SHCORE.dll
0x00007ff9c5620000 - 0x00007ff9c5687000 	C:\WINDOWS\System32\shlwapi.dll
0x00007ff9c3a30000 - 0x00007ff9c3a59000 	C:\WINDOWS\SYSTEM32\profapi.dll
0x00007ff9ac200000 - 0x00007ff9ac218000 	C:\Program Files\JetBrains\IntelliJ IDEA 2025.2.3\jbr\bin\zip.dll
0x00007ff9be210000 - 0x00007ff9be220000 	C:\Program Files\JetBrains\IntelliJ IDEA 2025.2.3\jbr\bin\net.dll
0x00007ff9bd030000 - 0x00007ff9bd158000 	C:\WINDOWS\SYSTEM32\WINHTTP.dll
0x00007ff9c2e40000 - 0x00007ff9c2eab000 	C:\WINDOWS\system32\mswsock.dll
0x00007ff9ac010000 - 0x00007ff9ac026000 	C:\Program Files\JetBrains\IntelliJ IDEA 2025.2.3\jbr\bin\nio.dll
0x00007ff9c2350000 - 0x00007ff9c2384000 	C:\WINDOWS\SYSTEM32\IPHLPAPI.DLL
0x00007ff9c5350000 - 0x00007ff9c535a000 	C:\WINDOWS\System32\NSI.dll
0x00007ff9c3100000 - 0x00007ff9c311b000 	C:\WINDOWS\SYSTEM32\CRYPTSP.dll
0x00007ff9c2830000 - 0x00007ff9c286a000 	C:\WINDOWS\system32\rsaenh.dll
0x00007ff9c2ef0000 - 0x00007ff9c2f1b000 	C:\WINDOWS\SYSTEM32\USERENV.dll
0x00007ff9c3a00000 - 0x00007ff9c3a2a000 	C:\WINDOWS\SYSTEM32\bcrypt.dll
0x00007ff9c3120000 - 0x00007ff9c312c000 	C:\WINDOWS\SYSTEM32\CRYPTBASE.dll
0x00007ff9b9d70000 - 0x00007ff9b9d79000 	C:\Program Files\JetBrains\IntelliJ IDEA 2025.2.3\jbr\bin\extnet.dll
0x00007ff9ab5c0000 - 0x00007ff9ab5c7000 	C:\Program Files\JetBrains\IntelliJ IDEA 2025.2.3\jbr\bin\rmi.dll

JVMTI agents: none

dbghelp: loaded successfully - version: 4.0.5 - missing functions: none
symbol engine: initialized successfully - sym options: 0x614 - pdb path: .;C:\Program Files\JetBrains\IntelliJ IDEA 2025.2.3\jbr\bin;C:\WINDOWS\SYSTEM32;C:\WINDOWS\WinSxS\amd64_microsoft.windows.common-controls_6595b64144ccf1df_6.0.26100.7019_none_3e06ffa0e335b8a8;C:\Program Files\JetBrains\IntelliJ IDEA 2025.2.3\jbr\bin\server

VM Arguments:
jvm_args: -Djava.rmi.server.hostname=127.0.0.1 -Duser.timezone=UTC -Xmx2048m -Xms128m -Djdbc.classpath=C:\Users\ysj72\AppData\Local\Temp\RemoteDriver22561.classpath.txt --add-exports=java.desktop/sun.awt=ALL-UNNAMED --add-exports=java.desktop/java.awt.peer=ALL-UNNAMED --add-opens=java.desktop/java.awt=ALL-UNNAMED --add-opens=jdk.unsupported/sun.misc=ALL-UNNAMED --add-opens=java.base/java.nio=ALL-UNNAMED --add-opens=java.base/java.util=ALL-UNNAMED -Dfile.encoding=UTF-8 -Dsun.stdout.encoding=UTF-8 -Dsun.stderr.encoding=UTF-8 
java_command: com.intellij.database.remote.RemoteJdbcServer org.mariadb.jdbc.Driver
java_class_path (initial): C:\Program Files\JetBrains\IntelliJ IDEA 2025.2.3\lib\util_rt.jar;C:\Program Files\JetBrains\IntelliJ IDEA 2025.2.3\lib\util-8.jar;C:\Program Files\JetBrains\IntelliJ IDEA 2025.2.3\lib\groovy.jar;C:\Program Files\JetBrains\IntelliJ IDEA 2025.2.3\plugins\DatabaseTools\lib\jdbc-console.jar;C:\Program Files\JetBrains\IntelliJ IDEA 2025.2.3\lib\modules\intellij.grid.types.jar;C:\Program Files\JetBrains\IntelliJ IDEA 2025.2.3\lib\util.jar;C:\Program Files\JetBrains\IntelliJ IDEA 2025.2.3\lib\bouncy-castle.jar
Launcher Type: SUN_STANDARD

[Global flags]
     intx CICompilerCount                          = 4                                         {product} {ergonomic}
     uint ConcGCThreads                            = 2                                         {product} {ergonomic}
     uint G1ConcRefinementThreads                  = 8                                         {product} {ergonomic}
   size_t G1HeapRegionSize                         = 1048576                                   {product} {ergonomic}
    uintx GCDrainStackTargetSize                   = 64                                        {product} {ergonomic}
   size_t InitialHeapSize                          = 134217728                                 {product} {command line}
   size_t MarkStackSize                            = 4194304                                   {product} {ergonomic}
   size_t MaxHeapSize                              = 2147483648                                {product} {command line}
   size_t MaxNewSize                               = 1287651328                                {product} {ergonomic}
   size_t MinHeapDeltaBytes                        = 1048576                                   {product} {ergonomic}
   size_t MinHeapSize                              = 134217728                                 {product} {command line}
    uintx NonNMethodCodeHeapSize                   = 5839372                                {pd product} {ergonomic}
    uintx NonProfiledCodeHeapSize                  = 122909434                              {pd product} {ergonomic}
    uintx ProfiledCodeHeapSize                     = 122909434                              {pd product} {ergonomic}
    uintx ReservedCodeCacheSize                    = 251658240                              {pd product} {ergonomic}
     bool SegmentedCodeCache                       = true                                      {product} {ergonomic}
   size_t SoftMaxHeapSize                          = 2147483648                             {manageable} {ergonomic}
     bool UseCompressedOops                        = true                           {product lp64_product} {ergonomic}
     bool UseG1GC                                  = true                                      {product} {ergonomic}
     bool UseLargePagesIndividualAllocation        = false                                  {pd product} {ergonomic}

Logging:
Log output configuration:
 #0: stdout all=warning uptime,level,tags foldmultilines=false
 #1: stderr all=off uptime,level,tags foldmultilines=false

Environment Variables:
JAVA_HOME=C:\Program Files\ojdkbuild\java-17-openjdk-17.0.3.0.6-1
PATH=C:\Windows\system32;C:\Windows;C:\Windows\System32\Wbem;C:\Windows\System32\WindowsPowerShell\v1.0\;C:\Windows\System32\OpenSSH\;C:\Program Files (x86)\NVIDIA Corporation\PhysX\Common;C:\Program Files\NVIDIA Corporation\NVIDIA NvDLISR;C:\WINDOWS\system32;C:\WINDOWS;C:\WINDOWS\System32\Wbem;C:\WINDOWS\System32\WindowsPowerShell\v1.0\;C:\WINDOWS\System32\OpenSSH\;C:\Program Files\dotnet\;C:\Program Files (x86)\Windows Kits\10\Windows Performance Toolkit\;C:\Program Files\Git\cmd;C:\Program Files\ojdkbuild\java-17-openjdk-17.0.3.0.6-1\bin;;C:\Program Files\Docker\Docker\resources\bin;C:\Python310\Scripts\;C:\Python310\;C:\Users\ysj72\AppData\Local\Microsoft\WindowsApps;C:\Users\ysj72\AppData\Local\Programs\Microsoft VS Code\bin;C:\Users\ysj72\.dotnet\tools;C:\Program Files\JetBrains\IntelliJ IDEA 2025.2.3\bin;C:\Users\ysj72\AppData\Local\PowerToys\
USERNAME=ysj72
OS=Windows_NT
PROCESSOR_IDENTIFIER=Intel64 Family 6 Model 140 Stepping 1, GenuineIntel
TMP=C:\Users\ysj72\AppData\Local\Temp
TEMP=C:\Users\ysj72\AppData\Local\Temp




Periodic native trim disabled

JNI global refs:
JNI global refs: 18, weak refs: 0

JNI global refs memory usage: 835, weak refs: 201

Process memory usage:
Resident Set Size: 86448K (0% of 16511368K total physical memory with 2353072K free physical memory)

OOME stack traces (most recent first):
Classloader memory used:
Loader bootstrap                                                                       : 1934K
Loader jdk.internal.loader.ClassLoaders$AppClassLoader                                 : 1341K
Loader jdk.internal.loader.ClassLoaders$PlatformClassLoader                            : 6104B

---------------  S Y S T E M  ---------------

OS:
 Windows 11 , 64 bit Build 26100 (10.0.26100.7019)
OS uptime: 0 days 5:31 hours
Hyper-V role detected

CPU: total 8 (initial active 8) (4 cores per cpu, 2 threads per core) family 6 model 140 stepping 1 microcode 0x6e, cx8, cmov, fxsr, ht, mmx, 3dnowpref, sse, sse2, sse3, ssse3, sse4.1, sse4.2, popcnt, lzcnt, tsc, tscinvbit, avx, avx2, aes, erms, clmul, bmi1, bmi2, adx, avx512f, avx512dq, avx512cd, avx512bw, avx512vl, sha, fma, vzeroupper, avx512_vpopcntdq, avx512_vpclmulqdq, avx512_vaes, avx512_vnni, clflush, clflushopt, clwb, avx512_vbmi2, avx512_vbmi, hv, rdtscp, rdpid, fsrm, gfni, avx512_bitalg, f16c, cet_ibt, cet_ss, avx512_ifma
Processor Information for the first 8 processors :
  Max Mhz: 2803, Current Mhz: 2803, Mhz Limit: 2803

Memory: 4k page, system-wide physical 16124M (2297M free)
TotalPageFile size 21474M (AvailPageFile size 5M)
current process WorkingSet (physical memory assigned to process): 84M, peak: 84M
current process commit charge ("private bytes"): 233M, peak: 235M

vm_info: OpenJDK 64-Bit Server VM (21.0.8+1-b1038.72) for windows-amd64 JRE (21.0.8+1-b1038.72), built on 2025-09-08 by "builduser" with MS VC++ 16.10 / 16.11 (VS2019)

END.
