#
# There is insufficient memory for the Java Runtime Environment to continue.
# Native memory allocation (malloc) failed to allocate 509136 bytes. Error detail: Chunk::new
# Possible reasons:
#   The system is out of physical RAM or swap space
#   This process is running with CompressedOops enabled, and the Java Heap may be blocking the growth of the native heap
# Possible solutions:
#   Reduce memory load on the system
#   Increase physical memory or swap space
#   Check if swap backing store is full
#   Decrease Java heap size (-Xmx/-Xms)
#   Decrease number of Java threads
#   Decrease Java thread stack sizes (-Xss)
#   Set larger code cache with -XX:ReservedCodeCacheSize=
#   JVM is running with Unscaled Compressed Oops mode in which the Java heap is
#     placed in the first 4GB address space. The Java Heap base address is the
#     maximum limit for the native heap growth. Please use -XX:HeapBaseMinAddress
#     to set the Java Heap base and to place the Java Heap above 4GB virtual address.
# This output file may be truncated or incomplete.
#
#  Out of Memory Error (arena.cpp:168), pid=23056, tid=9564
#
# JRE version: OpenJDK Runtime Environment JBR-21.0.8+1-1038.72-jcef (21.0.8+1) (build 21.0.8+1-b1038.72)
# Java VM: OpenJDK 64-Bit Server VM JBR-21.0.8+1-1038.72-jcef (21.0.8+1-b1038.72, mixed mode, sharing, tiered, compressed oops, compressed class ptrs, g1 gc, windows-amd64)
# No core dump will be written. Minidumps are not enabled by default on client versions of Windows
#

---------------  S U M M A R Y ------------

Command Line: -Djava.rmi.server.hostname=127.0.0.1 -Duser.timezone=UTC -Xmx2048m -Xms128m -Djdbc.classpath=C:\Users\ysj72\AppData\Local\Temp\RemoteDriver3.classpath.txt --add-exports=java.desktop/sun.awt=ALL-UNNAMED --add-exports=java.desktop/java.awt.peer=ALL-UNNAMED --add-opens=java.desktop/java.awt=ALL-UNNAMED --add-opens=jdk.unsupported/sun.misc=ALL-UNNAMED --add-opens=java.base/java.nio=ALL-UNNAMED --add-opens=java.base/java.util=ALL-UNNAMED -Dfile.encoding=UTF-8 -Dsun.stdout.encoding=UTF-8 -Dsun.stderr.encoding=UTF-8 com.intellij.database.remote.RemoteJdbcServer org.mariadb.jdbc.Driver

Host: 11th Gen Intel(R) Core(TM) i7-1165G7 @ 2.80GHz, 8 cores, 15G,  Windows 11 , 64 bit Build 26100 (10.0.26100.7019)
Time: Sun Dec  7 20:09:10 2025 elapsed time: 2271.265179 seconds (0d 0h 37m 51s)

---------------  T H R E A D  ---------------

Current thread (0x000001cbae8b7740):  JavaThread "C2 CompilerThread0" daemon [_thread_in_native, id=9564, stack(0x000000045ff00000,0x0000000460000000) (1024K)]


Current CompileTask:
C2:2271265 2545   !   4       java.io.ObjectInputStream::readObject0 (681 bytes)

Stack: [0x000000045ff00000,0x0000000460000000]
Native frames: (J=compiled Java code, j=interpreted, Vv=VM code, C=native code)
V  [jvm.dll+0x6ebeb9]
V  [jvm.dll+0x8cbec3]
V  [jvm.dll+0x8ce47e]
V  [jvm.dll+0x8ceb63]
V  [jvm.dll+0x28adf6]
V  [jvm.dll+0xc6f3d]
V  [jvm.dll+0xc7473]
V  [jvm.dll+0x3c7ab1]
V  [jvm.dll+0x393697]
V  [jvm.dll+0x392b0a]
V  [jvm.dll+0x251d92]
V  [jvm.dll+0x251361]
V  [jvm.dll+0x1ceb64]
V  [jvm.dll+0x260bfe]
V  [jvm.dll+0x25f146]
V  [jvm.dll+0x402ee6]
V  [jvm.dll+0x873a78]
V  [jvm.dll+0x6ea63d]
C  [ucrtbase.dll+0x37b0]
C  [KERNEL32.DLL+0x2e8d7]
C  [ntdll.dll+0x8c53c]


---------------  P R O C E S S  ---------------

Threads class SMR info:
_java_thread_list=0x000001cbf5627550, length=19, elements={
0x000001cb962cb620, 0x000001cbaea056c0, 0x000001cbaea0cb40, 0x000001cbaea12130,
0x000001cbae8a46d0, 0x000001cbae8a4d40, 0x000001cbae8a8450, 0x000001cbae8b3a40,
0x000001cbae8b7740, 0x000001cbae8b81e0, 0x000001cbaeb57410, 0x000001cbf532e5b0,
0x000001cbf534d750, 0x000001cbf534ddc0, 0x000001cbaedd3880, 0x000001cbf52ee860,
0x000001cbf554ce50, 0x000001cbf55e35f0, 0x000001cbf5284780
}

Java Threads: ( => current thread )
  0x000001cb962cb620 JavaThread "main"                              [_thread_blocked, id=24620, stack(0x000000045f000000,0x000000045f100000) (1024K)]
  0x000001cbaea056c0 JavaThread "Common-Cleaner"             daemon [_thread_blocked, id=7148, stack(0x000000045f800000,0x000000045f900000) (1024K)]
  0x000001cbaea0cb40 JavaThread "Reference Handler"          daemon [_thread_blocked, id=17916, stack(0x000000045f900000,0x000000045fa00000) (1024K)]
  0x000001cbaea12130 JavaThread "Finalizer"                  daemon [_thread_blocked, id=14944, stack(0x000000045fa00000,0x000000045fb00000) (1024K)]
  0x000001cbae8a46d0 JavaThread "Signal Dispatcher"          daemon [_thread_blocked, id=1504, stack(0x000000045fb00000,0x000000045fc00000) (1024K)]
  0x000001cbae8a4d40 JavaThread "Attach Listener"            daemon [_thread_blocked, id=13036, stack(0x000000045fc00000,0x000000045fd00000) (1024K)]
  0x000001cbae8a8450 JavaThread "Service Thread"             daemon [_thread_blocked, id=24236, stack(0x000000045fd00000,0x000000045fe00000) (1024K)]
  0x000001cbae8b3a40 JavaThread "Monitor Deflation Thread"   daemon [_thread_blocked, id=15208, stack(0x000000045fe00000,0x000000045ff00000) (1024K)]
=>0x000001cbae8b7740 JavaThread "C2 CompilerThread0"         daemon [_thread_in_native, id=9564, stack(0x000000045ff00000,0x0000000460000000) (1024K)]
  0x000001cbae8b81e0 JavaThread "C1 CompilerThread0"         daemon [_thread_blocked, id=7232, stack(0x0000000460000000,0x0000000460100000) (1024K)]
  0x000001cbaeb57410 JavaThread "Notification Thread"        daemon [_thread_blocked, id=20260, stack(0x0000000460100000,0x0000000460200000) (1024K)]
  0x000001cbf532e5b0 JavaThread "RMI TCP Accept-39685"       daemon [_thread_in_native, id=27860, stack(0x0000000460300000,0x0000000460400000) (1024K)]
  0x000001cbf534d750 JavaThread "RMI TCP Accept-0"           daemon [_thread_in_native, id=27020, stack(0x0000000460400000,0x0000000460500000) (1024K)]
  0x000001cbf534ddc0 JavaThread "RMI Reaper"                        [_thread_blocked, id=18072, stack(0x0000000460500000,0x0000000460600000) (1024K)]
  0x000001cbaedd3880 JavaThread "RMI GC Daemon"              daemon [_thread_blocked, id=16576, stack(0x0000000460600000,0x0000000460700000) (1024K)]
  0x000001cbf52ee860 JavaThread "RMI TCP Connection(1)-127.0.0.1" daemon [_thread_in_native, id=11144, stack(0x0000000460700000,0x0000000460800000) (1024K)]
  0x000001cbf554ce50 JavaThread "RMI Scheduler(0)"           daemon [_thread_blocked, id=25736, stack(0x0000000460900000,0x0000000460a00000) (1024K)]
  0x000001cbf55e35f0 JavaThread "RMI TCP Connection(3)-127.0.0.1" daemon [_thread_in_native, id=8168, stack(0x0000000460a00000,0x0000000460b00000) (1024K)]
  0x000001cbf5284780 JavaThread "RMI RenewClean-[127.0.0.1:52126]" daemon [_thread_blocked, id=13160, stack(0x0000000460c00000,0x0000000460d00000) (1024K)]
Total: 19

Other Threads:
  0x000001cbae886570 VMThread "VM Thread"                           [id=25672, stack(0x000000045f700000,0x000000045f800000) (1024K)]
  0x000001cbae8777c0 WatcherThread "VM Periodic Task Thread"        [id=380, stack(0x000000045f600000,0x000000045f700000) (1024K)]
  0x000001cb96323070 WorkerThread "GC Thread#0"                     [id=13060, stack(0x000000045f100000,0x000000045f200000) (1024K)]
  0x000001cbf5457880 WorkerThread "GC Thread#1"                     [id=22768, stack(0x0000000460d00000,0x0000000460e00000) (1024K)]
  0x000001cbf54574e0 WorkerThread "GC Thread#2"                     [id=18268, stack(0x0000000460e00000,0x0000000460f00000) (1024K)]
  0x000001cbf5457c20 WorkerThread "GC Thread#3"                     [id=11500, stack(0x0000000460f00000,0x0000000461000000) (1024K)]
  0x000001cbf5457fc0 WorkerThread "GC Thread#4"                     [id=11556, stack(0x0000000461000000,0x0000000461100000) (1024K)]
  0x000001cbf5458700 WorkerThread "GC Thread#5"                     [id=6532, stack(0x0000000461100000,0x0000000461200000) (1024K)]
  0x000001cbf5458360 WorkerThread "GC Thread#6"                     [id=10932, stack(0x0000000461200000,0x0000000461300000) (1024K)]
  0x000001cbf5456da0 WorkerThread "GC Thread#7"                     [id=2240, stack(0x0000000461300000,0x0000000461400000) (1024K)]
  0x000001cb96374010 ConcurrentGCThread "G1 Main Marker"            [id=13392, stack(0x000000045f200000,0x000000045f300000) (1024K)]
  0x000001cb963751c0 WorkerThread "G1 Conc#0"                       [id=15388, stack(0x000000045f300000,0x000000045f400000) (1024K)]
  0x000001cbae736830 ConcurrentGCThread "G1 Refine#0"               [id=11972, stack(0x000000045f400000,0x000000045f500000) (1024K)]
  0x000001cbae7392c0 ConcurrentGCThread "G1 Service"                [id=16540, stack(0x000000045f500000,0x000000045f600000) (1024K)]
Total: 14

Threads with active compile tasks:
C2 CompilerThread0  2271369 2545   !   4       java.io.ObjectInputStream::readObject0 (681 bytes)
Total: 1

VM state: not at safepoint (normal execution)

VM Mutex/Monitor currently owned by a thread: None

Heap address: 0x0000000080000000, size: 2048 MB, Compressed Oops mode: 32-bit

CDS archive(s) mapped at: [0x000001cbaf000000-0x000001cbb0c00000-0x000001cbb0c00000), size 29360128, SharedBaseAddress: 0x000001cbaf000000, ArchiveRelocationMode: 1.
Compressed class space mapped at: 0x000001cbb1000000-0x000001cbf1000000, reserved size: 1073741824
Narrow klass base: 0x000001cbaf000000, Narrow klass shift: 0, Narrow klass range: 0x100000000

GC Precious Log:
 CardTable entry size: 512
 Card Set container configuration: InlinePtr #cards 5 size 8 Array Of Cards #cards 12 size 40 Howl #buckets 4 coarsen threshold 1843 Howl Bitmap #cards 512 size 80 coarsen threshold 460 Card regions per heap region 1 cards per card region 2048
 CPUs: 8 total, 8 available
 Memory: 16124M
 Large Page Support: Disabled
 NUMA Support: Disabled
 Compressed Oops: Enabled (32-bit)
 Heap Region Size: 1M
 Heap Min Capacity: 128M
 Heap Initial Capacity: 128M
 Heap Max Capacity: 2G
 Pre-touch: Disabled
 Parallel Workers: 8
 Concurrent Workers: 2
 Concurrent Refinement Workers: 8
 Periodic GC: Disabled

Heap:
 garbage-first heap   total 131072K, used 20630K [0x0000000080000000, 0x0000000100000000)
  region size 1024K, 12 young (12288K), 2 survivors (2048K)
 Metaspace       used 9322K, committed 9792K, reserved 1114112K
  class space    used 1108K, committed 1344K, reserved 1048576K

Heap Regions: E=young(eden), S=young(survivor), O=old, HS=humongous(starts), HC=humongous(continues), CS=collection set, F=free, TAMS=top-at-mark-start, PB=parsable bottom
|   0|0x0000000080000000, 0x0000000080100000, 0x0000000080100000|100%|HS|  |TAMS 0x0000000080000000| PB 0x0000000080000000| Complete 
|   1|0x0000000080100000, 0x0000000080200000, 0x0000000080200000|100%|HC|  |TAMS 0x0000000080100000| PB 0x0000000080100000| Complete 
|   2|0x0000000080200000, 0x0000000080300000, 0x0000000080300000|100%|HS|  |TAMS 0x0000000080200000| PB 0x0000000080200000| Complete 
|   3|0x0000000080300000, 0x0000000080400000, 0x0000000080400000|100%|HS|  |TAMS 0x0000000080300000| PB 0x0000000080300000| Complete 
|   4|0x0000000080400000, 0x0000000080500000, 0x0000000080500000|100%| O|  |TAMS 0x0000000080400000| PB 0x0000000080400000| Untracked 
|   5|0x0000000080500000, 0x0000000080600000, 0x0000000080600000|100%| O|  |TAMS 0x0000000080500000| PB 0x0000000080500000| Untracked 
|   6|0x0000000080600000, 0x0000000080700000, 0x0000000080700000|100%| O|  |TAMS 0x0000000080600000| PB 0x0000000080600000| Untracked 
|   7|0x0000000080700000, 0x0000000080800000, 0x0000000080800000|100%| O|  |TAMS 0x0000000080700000| PB 0x0000000080700000| Untracked 
|   8|0x0000000080800000, 0x0000000080900000, 0x0000000080900000|100%| O|  |TAMS 0x0000000080800000| PB 0x0000000080800000| Untracked 
|   9|0x0000000080900000, 0x0000000080945390, 0x0000000080a00000| 27%| O|  |TAMS 0x0000000080900000| PB 0x0000000080900000| Untracked 
|  10|0x0000000080a00000, 0x0000000080a00000, 0x0000000080b00000|  0%| F|  |TAMS 0x0000000080a00000| PB 0x0000000080a00000| Untracked 
|  11|0x0000000080b00000, 0x0000000080b00000, 0x0000000080c00000|  0%| F|  |TAMS 0x0000000080b00000| PB 0x0000000080b00000| Untracked 
|  12|0x0000000080c00000, 0x0000000080c00000, 0x0000000080d00000|  0%| F|  |TAMS 0x0000000080c00000| PB 0x0000000080c00000| Untracked 
|  13|0x0000000080d00000, 0x0000000080d00000, 0x0000000080e00000|  0%| F|  |TAMS 0x0000000080d00000| PB 0x0000000080d00000| Untracked 
|  14|0x0000000080e00000, 0x0000000080e00000, 0x0000000080f00000|  0%| F|  |TAMS 0x0000000080e00000| PB 0x0000000080e00000| Untracked 
|  15|0x0000000080f00000, 0x0000000080f00000, 0x0000000081000000|  0%| F|  |TAMS 0x0000000080f00000| PB 0x0000000080f00000| Untracked 
|  16|0x0000000081000000, 0x0000000081000000, 0x0000000081100000|  0%| F|  |TAMS 0x0000000081000000| PB 0x0000000081000000| Untracked 
|  17|0x0000000081100000, 0x0000000081100000, 0x0000000081200000|  0%| F|  |TAMS 0x0000000081100000| PB 0x0000000081100000| Untracked 
|  18|0x0000000081200000, 0x0000000081200000, 0x0000000081300000|  0%| F|  |TAMS 0x0000000081200000| PB 0x0000000081200000| Untracked 
|  19|0x0000000081300000, 0x0000000081300000, 0x0000000081400000|  0%| F|  |TAMS 0x0000000081300000| PB 0x0000000081300000| Untracked 
|  20|0x0000000081400000, 0x0000000081400000, 0x0000000081500000|  0%| F|  |TAMS 0x0000000081400000| PB 0x0000000081400000| Untracked 
|  21|0x0000000081500000, 0x0000000081500000, 0x0000000081600000|  0%| F|  |TAMS 0x0000000081500000| PB 0x0000000081500000| Untracked 
|  22|0x0000000081600000, 0x0000000081600000, 0x0000000081700000|  0%| F|  |TAMS 0x0000000081600000| PB 0x0000000081600000| Untracked 
|  23|0x0000000081700000, 0x0000000081700000, 0x0000000081800000|  0%| F|  |TAMS 0x0000000081700000| PB 0x0000000081700000| Untracked 
|  24|0x0000000081800000, 0x0000000081800000, 0x0000000081900000|  0%| F|  |TAMS 0x0000000081800000| PB 0x0000000081800000| Untracked 
|  25|0x0000000081900000, 0x0000000081900000, 0x0000000081a00000|  0%| F|  |TAMS 0x0000000081900000| PB 0x0000000081900000| Untracked 
|  26|0x0000000081a00000, 0x0000000081a00000, 0x0000000081b00000|  0%| F|  |TAMS 0x0000000081a00000| PB 0x0000000081a00000| Untracked 
|  27|0x0000000081b00000, 0x0000000081b00000, 0x0000000081c00000|  0%| F|  |TAMS 0x0000000081b00000| PB 0x0000000081b00000| Untracked 
|  28|0x0000000081c00000, 0x0000000081c00000, 0x0000000081d00000|  0%| F|  |TAMS 0x0000000081c00000| PB 0x0000000081c00000| Untracked 
|  29|0x0000000081d00000, 0x0000000081d00000, 0x0000000081e00000|  0%| F|  |TAMS 0x0000000081d00000| PB 0x0000000081d00000| Untracked 
|  30|0x0000000081e00000, 0x0000000081e00000, 0x0000000081f00000|  0%| F|  |TAMS 0x0000000081e00000| PB 0x0000000081e00000| Untracked 
|  31|0x0000000081f00000, 0x0000000081f00000, 0x0000000082000000|  0%| F|  |TAMS 0x0000000081f00000| PB 0x0000000081f00000| Untracked 
|  32|0x0000000082000000, 0x0000000082000000, 0x0000000082100000|  0%| F|  |TAMS 0x0000000082000000| PB 0x0000000082000000| Untracked 
|  33|0x0000000082100000, 0x0000000082100000, 0x0000000082200000|  0%| F|  |TAMS 0x0000000082100000| PB 0x0000000082100000| Untracked 
|  34|0x0000000082200000, 0x0000000082200000, 0x0000000082300000|  0%| F|  |TAMS 0x0000000082200000| PB 0x0000000082200000| Untracked 
|  35|0x0000000082300000, 0x0000000082300000, 0x0000000082400000|  0%| F|  |TAMS 0x0000000082300000| PB 0x0000000082300000| Untracked 
|  36|0x0000000082400000, 0x0000000082400000, 0x0000000082500000|  0%| F|  |TAMS 0x0000000082400000| PB 0x0000000082400000| Untracked 
|  37|0x0000000082500000, 0x0000000082500000, 0x0000000082600000|  0%| F|  |TAMS 0x0000000082500000| PB 0x0000000082500000| Untracked 
|  38|0x0000000082600000, 0x0000000082600000, 0x0000000082700000|  0%| F|  |TAMS 0x0000000082600000| PB 0x0000000082600000| Untracked 
|  39|0x0000000082700000, 0x0000000082700000, 0x0000000082800000|  0%| F|  |TAMS 0x0000000082700000| PB 0x0000000082700000| Untracked 
|  40|0x0000000082800000, 0x0000000082800000, 0x0000000082900000|  0%| F|  |TAMS 0x0000000082800000| PB 0x0000000082800000| Untracked 
|  41|0x0000000082900000, 0x0000000082900000, 0x0000000082a00000|  0%| F|  |TAMS 0x0000000082900000| PB 0x0000000082900000| Untracked 
|  42|0x0000000082a00000, 0x0000000082a00000, 0x0000000082b00000|  0%| F|  |TAMS 0x0000000082a00000| PB 0x0000000082a00000| Untracked 
|  43|0x0000000082b00000, 0x0000000082b00000, 0x0000000082c00000|  0%| F|  |TAMS 0x0000000082b00000| PB 0x0000000082b00000| Untracked 
|  44|0x0000000082c00000, 0x0000000082c00000, 0x0000000082d00000|  0%| F|  |TAMS 0x0000000082c00000| PB 0x0000000082c00000| Untracked 
|  45|0x0000000082d00000, 0x0000000082d00000, 0x0000000082e00000|  0%| F|  |TAMS 0x0000000082d00000| PB 0x0000000082d00000| Untracked 
|  46|0x0000000082e00000, 0x0000000082e00000, 0x0000000082f00000|  0%| F|  |TAMS 0x0000000082e00000| PB 0x0000000082e00000| Untracked 
|  47|0x0000000082f00000, 0x0000000082f00000, 0x0000000083000000|  0%| F|  |TAMS 0x0000000082f00000| PB 0x0000000082f00000| Untracked 
|  48|0x0000000083000000, 0x0000000083000000, 0x0000000083100000|  0%| F|  |TAMS 0x0000000083000000| PB 0x0000000083000000| Untracked 
|  49|0x0000000083100000, 0x0000000083100000, 0x0000000083200000|  0%| F|  |TAMS 0x0000000083100000| PB 0x0000000083100000| Untracked 
|  50|0x0000000083200000, 0x0000000083200000, 0x0000000083300000|  0%| F|  |TAMS 0x0000000083200000| PB 0x0000000083200000| Untracked 
|  51|0x0000000083300000, 0x0000000083300000, 0x0000000083400000|  0%| F|  |TAMS 0x0000000083300000| PB 0x0000000083300000| Untracked 
|  52|0x0000000083400000, 0x0000000083400000, 0x0000000083500000|  0%| F|  |TAMS 0x0000000083400000| PB 0x0000000083400000| Untracked 
|  53|0x0000000083500000, 0x0000000083500000, 0x0000000083600000|  0%| F|  |TAMS 0x0000000083500000| PB 0x0000000083500000| Untracked 
|  54|0x0000000083600000, 0x0000000083600000, 0x0000000083700000|  0%| F|  |TAMS 0x0000000083600000| PB 0x0000000083600000| Untracked 
|  55|0x0000000083700000, 0x0000000083700000, 0x0000000083800000|  0%| F|  |TAMS 0x0000000083700000| PB 0x0000000083700000| Untracked 
|  56|0x0000000083800000, 0x0000000083800000, 0x0000000083900000|  0%| F|  |TAMS 0x0000000083800000| PB 0x0000000083800000| Untracked 
|  57|0x0000000083900000, 0x0000000083900000, 0x0000000083a00000|  0%| F|  |TAMS 0x0000000083900000| PB 0x0000000083900000| Untracked 
|  58|0x0000000083a00000, 0x0000000083a00000, 0x0000000083b00000|  0%| F|  |TAMS 0x0000000083a00000| PB 0x0000000083a00000| Untracked 
|  59|0x0000000083b00000, 0x0000000083b00000, 0x0000000083c00000|  0%| F|  |TAMS 0x0000000083b00000| PB 0x0000000083b00000| Untracked 
|  60|0x0000000083c00000, 0x0000000083c00000, 0x0000000083d00000|  0%| F|  |TAMS 0x0000000083c00000| PB 0x0000000083c00000| Untracked 
|  61|0x0000000083d00000, 0x0000000083d00000, 0x0000000083e00000|  0%| F|  |TAMS 0x0000000083d00000| PB 0x0000000083d00000| Untracked 
|  62|0x0000000083e00000, 0x0000000083e00000, 0x0000000083f00000|  0%| F|  |TAMS 0x0000000083e00000| PB 0x0000000083e00000| Untracked 
|  63|0x0000000083f00000, 0x0000000083f00000, 0x0000000084000000|  0%| F|  |TAMS 0x0000000083f00000| PB 0x0000000083f00000| Untracked 
|  64|0x0000000084000000, 0x0000000084000000, 0x0000000084100000|  0%| F|  |TAMS 0x0000000084000000| PB 0x0000000084000000| Untracked 
|  65|0x0000000084100000, 0x0000000084100000, 0x0000000084200000|  0%| F|  |TAMS 0x0000000084100000| PB 0x0000000084100000| Untracked 
|  66|0x0000000084200000, 0x0000000084200000, 0x0000000084300000|  0%| F|  |TAMS 0x0000000084200000| PB 0x0000000084200000| Untracked 
|  67|0x0000000084300000, 0x0000000084300000, 0x0000000084400000|  0%| F|  |TAMS 0x0000000084300000| PB 0x0000000084300000| Untracked 
|  68|0x0000000084400000, 0x0000000084400000, 0x0000000084500000|  0%| F|  |TAMS 0x0000000084400000| PB 0x0000000084400000| Untracked 
|  69|0x0000000084500000, 0x0000000084500000, 0x0000000084600000|  0%| F|  |TAMS 0x0000000084500000| PB 0x0000000084500000| Untracked 
|  70|0x0000000084600000, 0x0000000084600000, 0x0000000084700000|  0%| F|  |TAMS 0x0000000084600000| PB 0x0000000084600000| Untracked 
|  71|0x0000000084700000, 0x0000000084700000, 0x0000000084800000|  0%| F|  |TAMS 0x0000000084700000| PB 0x0000000084700000| Untracked 
|  72|0x0000000084800000, 0x0000000084800000, 0x0000000084900000|  0%| F|  |TAMS 0x0000000084800000| PB 0x0000000084800000| Untracked 
|  73|0x0000000084900000, 0x0000000084900000, 0x0000000084a00000|  0%| F|  |TAMS 0x0000000084900000| PB 0x0000000084900000| Untracked 
|  74|0x0000000084a00000, 0x0000000084a00000, 0x0000000084b00000|  0%| F|  |TAMS 0x0000000084a00000| PB 0x0000000084a00000| Untracked 
|  75|0x0000000084b00000, 0x0000000084b00000, 0x0000000084c00000|  0%| F|  |TAMS 0x0000000084b00000| PB 0x0000000084b00000| Untracked 
|  76|0x0000000084c00000, 0x0000000084c00000, 0x0000000084d00000|  0%| F|  |TAMS 0x0000000084c00000| PB 0x0000000084c00000| Untracked 
|  77|0x0000000084d00000, 0x0000000084d00000, 0x0000000084e00000|  0%| F|  |TAMS 0x0000000084d00000| PB 0x0000000084d00000| Untracked 
|  78|0x0000000084e00000, 0x0000000084e00000, 0x0000000084f00000|  0%| F|  |TAMS 0x0000000084e00000| PB 0x0000000084e00000| Untracked 
|  79|0x0000000084f00000, 0x0000000084f00000, 0x0000000085000000|  0%| F|  |TAMS 0x0000000084f00000| PB 0x0000000084f00000| Untracked 
|  80|0x0000000085000000, 0x0000000085000000, 0x0000000085100000|  0%| F|  |TAMS 0x0000000085000000| PB 0x0000000085000000| Untracked 
|  81|0x0000000085100000, 0x0000000085100000, 0x0000000085200000|  0%| F|  |TAMS 0x0000000085100000| PB 0x0000000085100000| Untracked 
|  82|0x0000000085200000, 0x0000000085200000, 0x0000000085300000|  0%| F|  |TAMS 0x0000000085200000| PB 0x0000000085200000| Untracked 
|  83|0x0000000085300000, 0x0000000085300000, 0x0000000085400000|  0%| F|  |TAMS 0x0000000085300000| PB 0x0000000085300000| Untracked 
|  84|0x0000000085400000, 0x0000000085400000, 0x0000000085500000|  0%| F|  |TAMS 0x0000000085400000| PB 0x0000000085400000| Untracked 
|  85|0x0000000085500000, 0x0000000085500000, 0x0000000085600000|  0%| F|  |TAMS 0x0000000085500000| PB 0x0000000085500000| Untracked 
|  86|0x0000000085600000, 0x0000000085600000, 0x0000000085700000|  0%| F|  |TAMS 0x0000000085600000| PB 0x0000000085600000| Untracked 
|  87|0x0000000085700000, 0x0000000085700000, 0x0000000085800000|  0%| F|  |TAMS 0x0000000085700000| PB 0x0000000085700000| Untracked 
|  88|0x0000000085800000, 0x0000000085800000, 0x0000000085900000|  0%| F|  |TAMS 0x0000000085800000| PB 0x0000000085800000| Untracked 
|  89|0x0000000085900000, 0x0000000085900000, 0x0000000085a00000|  0%| F|  |TAMS 0x0000000085900000| PB 0x0000000085900000| Untracked 
|  90|0x0000000085a00000, 0x0000000085a00000, 0x0000000085b00000|  0%| F|  |TAMS 0x0000000085a00000| PB 0x0000000085a00000| Untracked 
|  91|0x0000000085b00000, 0x0000000085b00000, 0x0000000085c00000|  0%| F|  |TAMS 0x0000000085b00000| PB 0x0000000085b00000| Untracked 
|  92|0x0000000085c00000, 0x0000000085c00000, 0x0000000085d00000|  0%| F|  |TAMS 0x0000000085c00000| PB 0x0000000085c00000| Untracked 
|  93|0x0000000085d00000, 0x0000000085d00000, 0x0000000085e00000|  0%| F|  |TAMS 0x0000000085d00000| PB 0x0000000085d00000| Untracked 
|  94|0x0000000085e00000, 0x0000000085e00000, 0x0000000085f00000|  0%| F|  |TAMS 0x0000000085e00000| PB 0x0000000085e00000| Untracked 
|  95|0x0000000085f00000, 0x0000000085fe0568, 0x0000000086000000| 87%| S|CS|TAMS 0x0000000085f00000| PB 0x0000000085f00000| Complete 
|  96|0x0000000086000000, 0x0000000086100000, 0x0000000086100000|100%| S|CS|TAMS 0x0000000086000000| PB 0x0000000086000000| Complete 
|  97|0x0000000086100000, 0x0000000086100000, 0x0000000086200000|  0%| F|  |TAMS 0x0000000086100000| PB 0x0000000086100000| Untracked 
|  98|0x0000000086200000, 0x0000000086200000, 0x0000000086300000|  0%| F|  |TAMS 0x0000000086200000| PB 0x0000000086200000| Untracked 
|  99|0x0000000086300000, 0x0000000086300000, 0x0000000086400000|  0%| F|  |TAMS 0x0000000086300000| PB 0x0000000086300000| Untracked 
| 100|0x0000000086400000, 0x0000000086400000, 0x0000000086500000|  0%| F|  |TAMS 0x0000000086400000| PB 0x0000000086400000| Untracked 
| 101|0x0000000086500000, 0x0000000086500000, 0x0000000086600000|  0%| F|  |TAMS 0x0000000086500000| PB 0x0000000086500000| Untracked 
| 102|0x0000000086600000, 0x0000000086600000, 0x0000000086700000|  0%| F|  |TAMS 0x0000000086600000| PB 0x0000000086600000| Untracked 
| 103|0x0000000086700000, 0x0000000086700000, 0x0000000086800000|  0%| F|  |TAMS 0x0000000086700000| PB 0x0000000086700000| Untracked 
| 104|0x0000000086800000, 0x0000000086800000, 0x0000000086900000|  0%| F|  |TAMS 0x0000000086800000| PB 0x0000000086800000| Untracked 
| 105|0x0000000086900000, 0x0000000086900000, 0x0000000086a00000|  0%| F|  |TAMS 0x0000000086900000| PB 0x0000000086900000| Untracked 
| 106|0x0000000086a00000, 0x0000000086a00000, 0x0000000086b00000|  0%| F|  |TAMS 0x0000000086a00000| PB 0x0000000086a00000| Untracked 
| 107|0x0000000086b00000, 0x0000000086b00000, 0x0000000086c00000|  0%| F|  |TAMS 0x0000000086b00000| PB 0x0000000086b00000| Untracked 
| 108|0x0000000086c00000, 0x0000000086c00000, 0x0000000086d00000|  0%| F|  |TAMS 0x0000000086c00000| PB 0x0000000086c00000| Untracked 
| 109|0x0000000086d00000, 0x0000000086d00000, 0x0000000086e00000|  0%| F|  |TAMS 0x0000000086d00000| PB 0x0000000086d00000| Untracked 
| 110|0x0000000086e00000, 0x0000000086e00000, 0x0000000086f00000|  0%| F|  |TAMS 0x0000000086e00000| PB 0x0000000086e00000| Untracked 
| 111|0x0000000086f00000, 0x0000000086f00000, 0x0000000087000000|  0%| F|  |TAMS 0x0000000086f00000| PB 0x0000000086f00000| Untracked 
| 112|0x0000000087000000, 0x0000000087000000, 0x0000000087100000|  0%| F|  |TAMS 0x0000000087000000| PB 0x0000000087000000| Untracked 
| 113|0x0000000087100000, 0x0000000087100000, 0x0000000087200000|  0%| F|  |TAMS 0x0000000087100000| PB 0x0000000087100000| Untracked 
| 114|0x0000000087200000, 0x0000000087200000, 0x0000000087300000|  0%| F|  |TAMS 0x0000000087200000| PB 0x0000000087200000| Untracked 
| 115|0x0000000087300000, 0x0000000087300000, 0x0000000087400000|  0%| F|  |TAMS 0x0000000087300000| PB 0x0000000087300000| Untracked 
| 116|0x0000000087400000, 0x0000000087400000, 0x0000000087500000|  0%| F|  |TAMS 0x0000000087400000| PB 0x0000000087400000| Untracked 
| 117|0x0000000087500000, 0x0000000087500000, 0x0000000087600000|  0%| F|  |TAMS 0x0000000087500000| PB 0x0000000087500000| Untracked 
| 118|0x0000000087600000, 0x00000000876c77e8, 0x0000000087700000| 77%| E|  |TAMS 0x0000000087600000| PB 0x0000000087600000| Complete 
| 119|0x0000000087700000, 0x0000000087800000, 0x0000000087800000|100%| E|CS|TAMS 0x0000000087700000| PB 0x0000000087700000| Complete 
| 120|0x0000000087800000, 0x0000000087900000, 0x0000000087900000|100%| E|CS|TAMS 0x0000000087800000| PB 0x0000000087800000| Complete 
| 121|0x0000000087900000, 0x0000000087a00000, 0x0000000087a00000|100%| E|CS|TAMS 0x0000000087900000| PB 0x0000000087900000| Complete 
| 122|0x0000000087a00000, 0x0000000087b00000, 0x0000000087b00000|100%| E|CS|TAMS 0x0000000087a00000| PB 0x0000000087a00000| Complete 
| 123|0x0000000087b00000, 0x0000000087c00000, 0x0000000087c00000|100%| E|CS|TAMS 0x0000000087b00000| PB 0x0000000087b00000| Complete 
| 124|0x0000000087c00000, 0x0000000087d00000, 0x0000000087d00000|100%| E|CS|TAMS 0x0000000087c00000| PB 0x0000000087c00000| Complete 
| 125|0x0000000087d00000, 0x0000000087e00000, 0x0000000087e00000|100%| E|CS|TAMS 0x0000000087d00000| PB 0x0000000087d00000| Complete 
| 126|0x0000000087e00000, 0x0000000087f00000, 0x0000000087f00000|100%| E|CS|TAMS 0x0000000087e00000| PB 0x0000000087e00000| Complete 
| 127|0x0000000087f00000, 0x0000000088000000, 0x0000000088000000|100%| E|CS|TAMS 0x0000000087f00000| PB 0x0000000087f00000| Complete 

Card table byte_map: [0x000001cba9a40000,0x000001cba9e40000] _byte_map_base: 0x000001cba9640000

Marking Bits: (CMBitMap*) 0x000001cb96323e90
 Bits: [0x000001cba9e40000, 0x000001cbabe40000)

Polling page: 0x000001cb94180000

Metaspace:

Usage:
  Non-class:      8.02 MB used.
      Class:      1.08 MB used.
       Both:      9.10 MB used.

Virtual space:
  Non-class space:       64.00 MB reserved,       8.25 MB ( 13%) committed,  1 nodes.
      Class space:        1.00 GB reserved,       1.31 MB ( <1%) committed,  1 nodes.
             Both:        1.06 GB reserved,       9.56 MB ( <1%) committed. 

Chunk freelists:
   Non-Class:  6.64 MB
       Class:  14.72 MB
        Both:  21.36 MB

MaxMetaspaceSize: unlimited
CompressedClassSpaceSize: 1.00 GB
Initial GC threshold: 21.00 MB
Current GC threshold: 21.00 MB
CDS: on
 - commit_granule_bytes: 65536.
 - commit_granule_words: 8192.
 - virtual_space_node_default_size: 8388608.
 - enlarge_chunks_in_place: 1.
 - use_allocation_guard: 0.


Internal statistics:

num_allocs_failed_limit: 0.
num_arena_births: 562.
num_arena_deaths: 0.
num_vsnodes_births: 2.
num_vsnodes_deaths: 0.
num_space_committed: 153.
num_space_uncommitted: 0.
num_chunks_returned_to_freelist: 0.
num_chunks_taken_from_freelist: 986.
num_chunk_merges: 0.
num_chunk_splits: 610.
num_chunks_enlarged: 282.
num_inconsistent_stats: 0.

CodeHeap 'non-profiled nmethods': size=120000Kb used=1122Kb max_used=1122Kb free=118877Kb
 bounds [0x000001cba1de0000, 0x000001cba2050000, 0x000001cba9310000]
CodeHeap 'profiled nmethods': size=120000Kb used=5018Kb max_used=5018Kb free=114981Kb
 bounds [0x000001cb9a310000, 0x000001cb9a800000, 0x000001cba1840000]
CodeHeap 'non-nmethods': size=5760Kb used=1615Kb max_used=1663Kb free=4144Kb
 bounds [0x000001cba1840000, 0x000001cba1ab0000, 0x000001cba1de0000]
CodeCache: size=245760Kb, used=7755Kb, max_used=7803Kb, free=238002Kb
 total_blobs=3090, nmethods=2552, adapters=442, full_count=0
Compilation: enabled, stopped_count=0, restarted_count=0

Compilation events (20 events):
Event: 2271.203 Thread 0x000001cbae8b81e0 nmethod 2539 0x000001cb9a7ec490 code [0x000001cb9a7ec660, 0x000001cb9a7ecb00]
Event: 2271.203 Thread 0x000001cbae8b81e0 2540       3       sun.rmi.transport.DGCAckHandler::<init> (67 bytes)
Event: 2271.203 Thread 0x000001cbae8b81e0 nmethod 2540 0x000001cb9a7ecc90 code [0x000001cb9a7ece80, 0x000001cb9a7ed390]
Event: 2271.203 Thread 0x000001cbae8b81e0 2541  s    3       sun.rmi.transport.DGCAckHandler::add (19 bytes)
Event: 2271.203 Thread 0x000001cbae8b81e0 nmethod 2541 0x000001cb9a7ed510 code [0x000001cb9a7ed6c0, 0x000001cb9a7ed988]
Event: 2271.203 Thread 0x000001cbae8b81e0 2542       3       sun.rmi.transport.tcp.TCPEndpoint::writeHostPortFormat (39 bytes)
Event: 2271.204 Thread 0x000001cbae8b81e0 nmethod 2542 0x000001cb9a7eda90 code [0x000001cb9a7edc60, 0x000001cb9a7ee030]
Event: 2271.235 Thread 0x000001cbae8b7740 2543       4       java.util.Arrays$ArrayList::get (7 bytes)
Event: 2271.235 Thread 0x000001cbae8b7740 nmethod 2543 0x000001cba1ef8490 code [0x000001cba1ef8620, 0x000001cba1ef86f0]
Event: 2271.240 Thread 0x000001cbae8b81e0 2544       3       java.io.ObjectOutputStream$HandleTable::growEntries (58 bytes)
Event: 2271.240 Thread 0x000001cbae8b81e0 nmethod 2544 0x000001cb9a7ee190 code [0x000001cb9a7ee360, 0x000001cb9a7ee7e8]
Event: 2271.242 Thread 0x000001cbae8b7740 2545   !   4       java.io.ObjectInputStream::readObject0 (681 bytes)
Event: 2271.242 Thread 0x000001cbae8b81e0 2547  s    3       java.util.Hashtable::put (104 bytes)
Event: 2271.242 Thread 0x000001cbae8b81e0 nmethod 2547 0x000001cb9a7ee910 code [0x000001cb9a7eeb20, 0x000001cb9a7ef230]
Event: 2271.242 Thread 0x000001cbae8b81e0 2548       3       java.util.Hashtable::addEntry (87 bytes)
Event: 2271.243 Thread 0x000001cbae8b81e0 nmethod 2548 0x000001cb9a7ef490 code [0x000001cb9a7ef680, 0x000001cb9a7efdc8]
Event: 2271.246 Thread 0x000001cbae8b81e0 2549  s    3       sun.rmi.transport.Target::unpinImpl (25 bytes)
Event: 2271.247 Thread 0x000001cbae8b81e0 nmethod 2549 0x000001cb9a7f0010 code [0x000001cb9a7f01e0, 0x000001cb9a7f0610]
Event: 2271.256 Thread 0x000001cbae8b81e0 2550       3       jdk.internal.loader.AbstractClassLoaderValue::extractValue (17 bytes)
Event: 2271.256 Thread 0x000001cbae8b81e0 nmethod 2550 0x000001cb9a7f0790 code [0x000001cb9a7f0960, 0x000001cb9a7f0ce8]

GC Heap History (4 events):
Event: 0.495 GC heap before
{Heap before GC invocations=0 (full 0):
 garbage-first heap   total 131072K, used 27648K [0x0000000080000000, 0x0000000100000000)
  region size 1024K, 23 young (23552K), 0 survivors (0K)
 Metaspace       used 5254K, committed 5632K, reserved 1114112K
  class space    used 719K, committed 896K, reserved 1048576K
}
Event: 0.502 GC heap after
{Heap after GC invocations=1 (full 0):
 garbage-first heap   total 131072K, used 9312K [0x0000000080000000, 0x0000000100000000)
  region size 1024K, 3 young (3072K), 3 survivors (3072K)
 Metaspace       used 5254K, committed 5632K, reserved 1114112K
  class space    used 719K, committed 896K, reserved 1048576K
}
Event: 2027.015 GC heap before
{Heap before GC invocations=1 (full 0):
 garbage-first heap   total 131072K, used 37984K [0x0000000080000000, 0x0000000100000000)
  region size 1024K, 31 young (31744K), 3 survivors (3072K)
 Metaspace       used 9156K, committed 9664K, reserved 1114112K
  class space    used 1094K, committed 1344K, reserved 1048576K
}
Event: 2027.020 GC heap after
{Heap after GC invocations=2 (full 0):
 garbage-first heap   total 131072K, used 11414K [0x0000000080000000, 0x0000000100000000)
  region size 1024K, 2 young (2048K), 2 survivors (2048K)
 Metaspace       used 9156K, committed 9664K, reserved 1114112K
  class space    used 1094K, committed 1344K, reserved 1048576K
}

Dll operation events (2 events):
Event: 0.007 Loaded shared library C:\Program Files\JetBrains\IntelliJ IDEA 2025.2.3\jbr\bin\java.dll
Event: 0.043 Loaded shared library C:\Program Files\JetBrains\IntelliJ IDEA 2025.2.3\jbr\bin\zip.dll

Deoptimization events (20 events):
Event: 2026.941 Thread 0x000001cbf55e35f0 DEOPT PACKING pc=0x000001cba1e755b4 sp=0x0000000460afd8e0
Event: 2026.941 Thread 0x000001cbf55e35f0 DEOPT UNPACKING pc=0x000001cba1897da2 sp=0x0000000460afd8a0 mode 2
Event: 2026.970 Thread 0x000001cbf55e35f0 Uncommon trap: trap_request=0xffffffde fr.pc=0x000001cba1e755b4 relative=0x0000000000000c34
Event: 2026.970 Thread 0x000001cbf55e35f0 Uncommon trap: reason=class_check action=maybe_recompile pc=0x000001cba1e755b4 method=java.util.HashMap.putVal(ILjava/lang/Object;Ljava/lang/Object;ZZ)Ljava/lang/Object; @ 91 c2
Event: 2026.970 Thread 0x000001cbf55e35f0 DEOPT PACKING pc=0x000001cba1e755b4 sp=0x0000000460afe550
Event: 2026.970 Thread 0x000001cbf55e35f0 DEOPT UNPACKING pc=0x000001cba1897da2 sp=0x0000000460afe510 mode 2
Event: 2027.058 Thread 0x000001cbf55e35f0 Uncommon trap: trap_request=0xffffff45 fr.pc=0x000001cba1e9fcb4 relative=0x0000000000000ab4
Event: 2027.058 Thread 0x000001cbf55e35f0 Uncommon trap: reason=unstable_if action=reinterpret pc=0x000001cba1e9fcb4 method=java.io.ObjectInputStream$BlockDataInputStream.readUTFSpan(Ljava/lang/StringBuilder;J)J @ 35 c2
Event: 2027.058 Thread 0x000001cbf55e35f0 DEOPT PACKING pc=0x000001cba1e9fcb4 sp=0x0000000460afe7b0
Event: 2027.058 Thread 0x000001cbf55e35f0 DEOPT UNPACKING pc=0x000001cba1897da2 sp=0x0000000460afe760 mode 2
Event: 2027.094 Thread 0x000001cbf55e35f0 DEOPT PACKING pc=0x000001cb9a6211b7 sp=0x0000000460afe060
Event: 2027.094 Thread 0x000001cbf55e35f0 DEOPT UNPACKING pc=0x000001cba18988e2 sp=0x0000000460afd4d8 mode 0
Event: 2027.115 Thread 0x000001cbf55e35f0 Uncommon trap: trap_request=0xffffff45 fr.pc=0x000001cba1ea7e8c relative=0x000000000000006c
Event: 2027.115 Thread 0x000001cbf55e35f0 Uncommon trap: reason=unstable_if action=reinterpret pc=0x000001cba1ea7e8c method=java.io.ObjectStreamField.getSignature()Ljava/lang/String; @ 4 c2
Event: 2027.115 Thread 0x000001cbf55e35f0 DEOPT PACKING pc=0x000001cba1ea7e8c sp=0x0000000460afd040
Event: 2027.115 Thread 0x000001cbf55e35f0 DEOPT UNPACKING pc=0x000001cba1897da2 sp=0x0000000460afcfd0 mode 2
Event: 2027.132 Thread 0x000001cbf55e35f0 Uncommon trap: trap_request=0xffffff45 fr.pc=0x000001cba1e618f0 relative=0x0000000000000410
Event: 2027.132 Thread 0x000001cbf55e35f0 Uncommon trap: reason=unstable_if action=reinterpret pc=0x000001cba1e618f0 method=java.util.HashMap.getNode(Ljava/lang/Object;)Ljava/util/HashMap$Node; @ 66 c2
Event: 2027.132 Thread 0x000001cbf55e35f0 DEOPT PACKING pc=0x000001cba1e618f0 sp=0x0000000460afe610
Event: 2027.132 Thread 0x000001cbf55e35f0 DEOPT UNPACKING pc=0x000001cba1897da2 sp=0x0000000460afe520 mode 2

Classes loaded (20 events):
Event: 0.510 Loading class java/net/URLClassLoader$3$1
Event: 0.510 Loading class java/net/URLClassLoader$3$1 done
Event: 0.577 Loading class javax/net/DefaultSocketFactory
Event: 0.577 Loading class javax/net/DefaultSocketFactory done
Event: 0.603 Loading class jdk/internal/icu/text/NormalizerBase$NFCModeImpl
Event: 0.603 Loading class jdk/internal/icu/text/NormalizerBase$NFCModeImpl done
Event: 0.603 Loading class jdk/internal/icu/impl/Norm2AllModes$NFCSingleton
Event: 0.603 Loading class jdk/internal/icu/impl/Norm2AllModes$NFCSingleton done
Event: 0.604 Loading class java/util/regex/Pattern$NFCCharProperty
Event: 0.604 Loading class java/util/regex/Pattern$NFCCharProperty done
Event: 0.672 Loading class java/lang/invoke/BoundMethodHandle$Species_LI
Event: 0.672 Loading class java/lang/invoke/BoundMethodHandle$Species_LI done
Event: 2027.110 Loading class java/math/MathContext
Event: 2027.110 Loading class java/math/MathContext done
Event: 2027.114 Loading class java/math/BigDecimal$UnsafeHolder
Event: 2027.114 Loading class java/math/BigDecimal$UnsafeHolder done
Event: 2027.116 Loading class java/io/ObjectOutputStream$PutFieldImpl
Event: 2027.116 Loading class java/io/ObjectOutputStream$PutField
Event: 2027.116 Loading class java/io/ObjectOutputStream$PutField done
Event: 2027.116 Loading class java/io/ObjectOutputStream$PutFieldImpl done

Classes unloaded (0 events):
No events

Classes redefined (0 events):
No events

Internal exceptions (20 events):
Event: 0.671 Thread 0x000001cbf55e35f0 Exception <a 'java/lang/NoSuchMethodError'{0x00000000877fbb28}: 'int java.lang.invoke.DirectMethodHandle$Holder.invokeInterface(java.lang.Object, java.lang.Object, int)'> (0x00000000877fbb28) 
thrown [s\src\hotspot\share\interpreter\linkResolver.cpp, line 784]
Event: 0.672 Thread 0x000001cbf55e35f0 Exception <a 'java/lang/NoSuchMethodError'{0x00000000877ffbd8}: 'int java.lang.invoke.DirectMethodHandle$Holder.invokeSpecial(java.lang.Object, java.lang.Object, java.lang.Object, int)'> (0x00000000877ffbd8) 
thrown [s\src\hotspot\share\interpreter\linkResolver.cpp, line 784]
Event: 0.673 Thread 0x000001cbf55e35f0 Exception <a 'java/lang/NoSuchMethodError'{0x0000000087611d08}: 'java.lang.Object java.lang.invoke.DirectMethodHandle$Holder.invokeStatic(java.lang.Object, java.lang.Object, java.lang.Object, java.lang.Object, int)'> (0x0000000087611d08) 
thrown [s\src\hotspot\share\interpreter\linkResolver.cpp, line 784]
Event: 0.683 Thread 0x000001cbf55e35f0 Exception <a 'java/lang/NoSuchMethodError'{0x000000008763e220}: 'void java.lang.invoke.DirectMethodHandle$Holder.invokeInterface(java.lang.Object, java.lang.Object, int)'> (0x000000008763e220) 
thrown [s\src\hotspot\share\interpreter\linkResolver.cpp, line 784]
Event: 0.801 Thread 0x000001cbf55e35f0 Exception <a 'java/lang/NoSuchMethodError'{0x000000008742ce58}: 'java.lang.Object java.lang.invoke.DirectMethodHandle$Holder.invokeInterface(java.lang.Object, java.lang.Object, int)'> (0x000000008742ce58) 
thrown [s\src\hotspot\share\interpreter\linkResolver.cpp, line 784]
Event: 0.844 Thread 0x000001cbf55e35f0 Exception <a 'java/lang/NoSuchMethodError'{0x00000000873218b8}: 'int java.lang.invoke.DirectMethodHandle$Holder.invokeInterface(java.lang.Object, java.lang.Object, int, int)'> (0x00000000873218b8) 
thrown [s\src\hotspot\share\interpreter\linkResolver.cpp, line 784]
Event: 0.846 Thread 0x000001cbf55e35f0 Exception <a 'java/lang/NoSuchMethodError'{0x000000008733cb18}: static Lcom/intellij/database/remote/jdbc/RemoteResultSet$DataRetrievingOptions;.<clinit>()V> (0x000000008733cb18) 
thrown [s\src\hotspot\share\prims\jni.cpp, line 1144]
Event: 300.418 Thread 0x000001cbf5284780 Implicit null exception at 0x000001cba1e9781c to 0x000001cba1e978f0
Event: 1401.261 Thread 0x000001cbf55e35f0 Exception <a 'java/lang/NoSuchMethodError'{0x0000000086bff5f0}: static [Ljava/lang/Object;.<clinit>()V> (0x0000000086bff5f0) 
thrown [s\src\hotspot\share\prims\jni.cpp, line 1144]
Event: 1401.263 Thread 0x000001cbf55e35f0 Exception <a 'java/lang/NoSuchMethodError'{0x0000000086a18790}: static Lcom/intellij/database/remote/jdbc/impl/UnparsedValue;.<clinit>()V> (0x0000000086a18790) 
thrown [s\src\hotspot\share\prims\jni.cpp, line 1144]
Event: 2026.943 Thread 0x000001cbf55e35f0 Exception <a 'java/lang/NoSuchMethodError'{0x0000000086226bc8}: static Lcom/intellij/database/remote/jdba/core/ConnectionInfo;.<clinit>()V> (0x0000000086226bc8) 
thrown [s\src\hotspot\share\prims\jni.cpp, line 1144]
Event: 2026.943 Thread 0x000001cbf55e35f0 Exception <a 'java/lang/NoSuchMethodError'{0x00000000862316c0}: static Ljava/lang/Object;.<clinit>()V> (0x00000000862316c0) 
thrown [s\src\hotspot\share\prims\jni.cpp, line 1144]
Event: 2026.943 Thread 0x000001cbf55e35f0 Exception <a 'java/lang/NoSuchMethodError'{0x0000000086235ca0}: static [I.<clinit>()V> (0x0000000086235ca0) 
thrown [s\src\hotspot\share\prims\jni.cpp, line 1144]
Event: 2026.957 Thread 0x000001cbf55e35f0 Exception <a 'java/lang/NoSuchMethodError'{0x000000008625a4e0}: 'java.lang.Object java.lang.invoke.DirectMethodHandle$Holder.invokeInterface(java.lang.Object, java.lang.Object, java.lang.Object, java.lang.Object)'> (0x000000008625a4e0) 
thrown [s\src\hotspot\share\interpreter\linkResolver.cpp, line 784]
Event: 2026.987 Thread 0x000001cbf55e35f0 Exception <a 'java/lang/NoSuchMethodError'{0x0000000086168c30}: static Lcom/intellij/database/remote/jdba/core/ResultLayout;.<clinit>()V> (0x0000000086168c30) 
thrown [s\src\hotspot\share\prims\jni.cpp, line 1144]
Event: 2026.988 Thread 0x000001cbf55e35f0 Exception <a 'java/lang/NoSuchMethodError'{0x0000000086175aa0}: static Lcom/intellij/database/remote/jdba/core/RowLayout;.<clinit>()V> (0x0000000086175aa0) 
thrown [s\src\hotspot\share\prims\jni.cpp, line 1144]
Event: 2026.988 Thread 0x000001cbf55e35f0 Exception <a 'java/lang/NoSuchMethodError'{0x00000000861817e8}: static Lcom/intellij/database/remote/jdba/util/NameAndClass;.<clinit>()V> (0x00000000861817e8) 
thrown [s\src\hotspot\share\prims\jni.cpp, line 1144]
Event: 2026.989 Thread 0x000001cbf55e35f0 Exception <a 'java/lang/NoSuchMethodError'{0x0000000086184458}: 'java.lang.Object java.lang.invoke.DirectMethodHandle$Holder.invokeInterface(java.lang.Object, java.lang.Object, int, java.lang.Object)'> (0x0000000086184458) 
thrown [s\src\hotspot\share\interpreter\linkResolver.cpp, line 784]
Event: 2026.989 Thread 0x000001cbf55e35f0 Exception <a 'java/lang/NoSuchMethodError'{0x0000000086188568}: 'java.lang.Object java.lang.invoke.DirectMethodHandle$Holder.invokeSpecial(java.lang.Object, java.lang.Object, java.lang.Object, int, java.lang.Object)'> (0x0000000086188568) 
thrown [s\src\hotspot\share\interpreter\linkResolver.cpp, line 784]
Event: 2027.028 Thread 0x000001cbf55e35f0 Exception <a 'java/lang/NoSuchMethodError'{0x0000000087f35f18}: static [Ljava/lang/String;.<clinit>()V> (0x0000000087f35f18) 
thrown [s\src\hotspot\share\prims\jni.cpp, line 1144]

ZGC Phase Switch (0 events):
No events

VM Operations (20 events):
Event: 2011.108 Executing VM operation: Cleanup
Event: 2011.108 Executing VM operation: Cleanup done
Event: 2027.015 Executing VM operation: G1CollectForAllocation (G1 Evacuation Pause)
Event: 2027.020 Executing VM operation: G1CollectForAllocation (G1 Evacuation Pause) done
Event: 2028.020 Executing VM operation: Cleanup
Event: 2028.020 Executing VM operation: Cleanup done
Event: 2030.021 Executing VM operation: Cleanup
Event: 2030.021 Executing VM operation: Cleanup done
Event: 2044.031 Executing VM operation: Cleanup
Event: 2044.031 Executing VM operation: Cleanup done
Event: 2044.747 Executing VM operation: HandshakeAllThreads (HandshakeForDeflation)
Event: 2044.747 Executing VM operation: HandshakeAllThreads (HandshakeForDeflation) done
Event: 2044.747 Executing VM operation: RendezvousGCThreads
Event: 2044.747 Executing VM operation: RendezvousGCThreads done
Event: 2087.838 Executing VM operation: Cleanup
Event: 2087.838 Executing VM operation: Cleanup done
Event: 2104.995 Executing VM operation: HandshakeAllThreads (HandshakeForDeflation)
Event: 2104.995 Executing VM operation: HandshakeAllThreads (HandshakeForDeflation) done
Event: 2104.995 Executing VM operation: RendezvousGCThreads
Event: 2104.995 Executing VM operation: RendezvousGCThreads done

Memory protections (0 events):
No events

Nmethod flushes (0 events):
No events

Events (20 events):
Event: 2039.918 Thread 0x000001cbf55e35f0 Thread added: 0x000001cbf5287570
Event: 2039.918 Thread 0x000001cbf55e35f0 Thread added: 0x000001cbf5286850
Event: 2039.918 Thread 0x000001cbf55e35f0 Thread added: 0x000001cbf52854a0
Event: 2039.918 Thread 0x000001cbf55e35f0 Thread added: 0x000001cbf52840f0
Event: 2039.918 Thread 0x000001cbf55e35f0 Thread added: 0x000001cbf5284e10
Event: 2039.918 Thread 0x000001cbf5287570 Thread exited: 0x000001cbf5287570
Event: 2039.918 Thread 0x000001cbf5286850 Thread exited: 0x000001cbf5286850
Event: 2039.918 Thread 0x000001cbf5284e10 Thread exited: 0x000001cbf5284e10
Event: 2039.918 Thread 0x000001cbf52840f0 Thread exited: 0x000001cbf52840f0
Event: 2039.919 Thread 0x000001cbf52854a0 Thread exited: 0x000001cbf52854a0
Event: 2054.107 Thread 0x000001cbf55e35f0 Thread added: 0x000001cbf5286850
Event: 2054.107 Thread 0x000001cbf55e35f0 Thread added: 0x000001cbf5287570
Event: 2054.108 Thread 0x000001cbf55e35f0 Thread added: 0x000001cbf52840f0
Event: 2054.108 Thread 0x000001cbf55e35f0 Thread added: 0x000001cbf5284e10
Event: 2054.108 Thread 0x000001cbf55e35f0 Thread added: 0x000001cbf52854a0
Event: 2054.108 Thread 0x000001cbf5287570 Thread exited: 0x000001cbf5287570
Event: 2054.108 Thread 0x000001cbf5286850 Thread exited: 0x000001cbf5286850
Event: 2054.108 Thread 0x000001cbf52840f0 Thread exited: 0x000001cbf52840f0
Event: 2054.108 Thread 0x000001cbf5284e10 Thread exited: 0x000001cbf5284e10
Event: 2054.109 Thread 0x000001cbf52854a0 Thread exited: 0x000001cbf52854a0


Dynamic libraries:
0x00007ff68e420000 - 0x00007ff68e42a000 	C:\Program Files\JetBrains\IntelliJ IDEA 2025.2.3\jbr\bin\java.exe
0x00007ffabc7a0000 - 0x00007ffabca08000 	C:\WINDOWS\SYSTEM32\ntdll.dll
0x00007ffabc370000 - 0x00007ffabc439000 	C:\WINDOWS\System32\KERNEL32.DLL
0x00007ffab9fa0000 - 0x00007ffaba398000 	C:\WINDOWS\System32\KERNELBASE.dll
0x00007ffab9a60000 - 0x00007ffab9bab000 	C:\WINDOWS\System32\ucrtbase.dll
0x00007ff9b4c40000 - 0x00007ff9b4c5b000 	C:\Program Files\JetBrains\IntelliJ IDEA 2025.2.3\jbr\bin\VCRUNTIME140.dll
0x00007ffaa1320000 - 0x00007ffaa1338000 	C:\Program Files\JetBrains\IntelliJ IDEA 2025.2.3\jbr\bin\jli.dll
0x00007ffabc060000 - 0x00007ffabc227000 	C:\WINDOWS\System32\USER32.dll
0x00007ffaba460000 - 0x00007ffaba487000 	C:\WINDOWS\System32\win32u.dll
0x00007ffaa2940000 - 0x00007ffaa2bd4000 	C:\WINDOWS\WinSxS\amd64_microsoft.windows.common-controls_6595b64144ccf1df_6.0.26100.7019_none_3e06ffa0e335b8a8\COMCTL32.dll
0x00007ffabc730000 - 0x00007ffabc75b000 	C:\WINDOWS\System32\GDI32.dll
0x00007ffabc2c0000 - 0x00007ffabc369000 	C:\WINDOWS\System32\msvcrt.dll
0x00007ffab9bb0000 - 0x00007ffab9cdc000 	C:\WINDOWS\System32\gdi32full.dll
0x00007ffaba490000 - 0x00007ffaba533000 	C:\WINDOWS\System32\msvcp_win.dll
0x00007ffaba810000 - 0x00007ffaba841000 	C:\WINDOWS\System32\IMM32.DLL
0x00007ff9b4c30000 - 0x00007ff9b4c3c000 	C:\Program Files\JetBrains\IntelliJ IDEA 2025.2.3\jbr\bin\vcruntime140_1.dll
0x00007ffa93f60000 - 0x00007ffa93fed000 	C:\Program Files\JetBrains\IntelliJ IDEA 2025.2.3\jbr\bin\msvcp140.dll
0x00007ff9b16c0000 - 0x00007ff9b248b000 	C:\Program Files\JetBrains\IntelliJ IDEA 2025.2.3\jbr\bin\server\jvm.dll
0x00007ffabb810000 - 0x00007ffabb8c4000 	C:\WINDOWS\System32\ADVAPI32.dll
0x00007ffabaa90000 - 0x00007ffabab36000 	C:\WINDOWS\System32\sechost.dll
0x00007ffabbf40000 - 0x00007ffabc058000 	C:\WINDOWS\System32\RPCRT4.dll
0x00007ffabc440000 - 0x00007ffabc4b4000 	C:\WINDOWS\System32\WS2_32.dll
0x00007ffab9750000 - 0x00007ffab97ae000 	C:\WINDOWS\SYSTEM32\POWRPROF.dll
0x00007ffaac7a0000 - 0x00007ffaac7d5000 	C:\WINDOWS\SYSTEM32\WINMM.dll
0x00007ffaabf80000 - 0x00007ffaabf8b000 	C:\WINDOWS\SYSTEM32\VERSION.dll
0x00007ffab9730000 - 0x00007ffab9744000 	C:\WINDOWS\SYSTEM32\UMPDC.dll
0x00007ffab86b0000 - 0x00007ffab86cb000 	C:\WINDOWS\SYSTEM32\kernel.appcore.dll
0x00007ff9b4c20000 - 0x00007ff9b4c2a000 	C:\Program Files\JetBrains\IntelliJ IDEA 2025.2.3\jbr\bin\jimage.dll
0x00007ffab6650000 - 0x00007ffab6892000 	C:\WINDOWS\SYSTEM32\DBGHELP.DLL
0x00007ffabad00000 - 0x00007ffabb08b000 	C:\WINDOWS\System32\combase.dll
0x00007ffabbd60000 - 0x00007ffabbe37000 	C:\WINDOWS\System32\OLEAUT32.dll
0x00007ffaac740000 - 0x00007ffaac77c000 	C:\WINDOWS\SYSTEM32\dbgcore.DLL
0x00007ffab9ce0000 - 0x00007ffab9d85000 	C:\WINDOWS\System32\bcryptPrimitives.dll
0x00007ff9b2e60000 - 0x00007ff9b2e80000 	C:\Program Files\JetBrains\IntelliJ IDEA 2025.2.3\jbr\bin\java.dll
0x00007ffabb090000 - 0x00007ffabb7df000 	C:\WINDOWS\System32\SHELL32.dll
0x00007ffab98f0000 - 0x00007ffab9a5b000 	C:\WINDOWS\System32\wintypes.dll
0x00007ffab74e0000 - 0x00007ffab7d3d000 	C:\WINDOWS\SYSTEM32\windows.storage.dll
0x00007ffabbe40000 - 0x00007ffabbf32000 	C:\WINDOWS\System32\SHCORE.dll
0x00007ffabc540000 - 0x00007ffabc5a7000 	C:\WINDOWS\System32\shlwapi.dll
0x00007ffab9810000 - 0x00007ffab9839000 	C:\WINDOWS\SYSTEM32\profapi.dll
0x00007ff9b2e40000 - 0x00007ff9b2e58000 	C:\Program Files\JetBrains\IntelliJ IDEA 2025.2.3\jbr\bin\zip.dll
0x00007ff9b2970000 - 0x00007ff9b2980000 	C:\Program Files\JetBrains\IntelliJ IDEA 2025.2.3\jbr\bin\net.dll
0x00007ffab3030000 - 0x00007ffab3158000 	C:\WINDOWS\SYSTEM32\WINHTTP.dll
0x00007ffab8c20000 - 0x00007ffab8c8b000 	C:\WINDOWS\system32\mswsock.dll
0x00007ff9b2950000 - 0x00007ff9b2966000 	C:\Program Files\JetBrains\IntelliJ IDEA 2025.2.3\jbr\bin\nio.dll
0x00007ffab8130000 - 0x00007ffab8164000 	C:\WINDOWS\SYSTEM32\IPHLPAPI.DLL
0x00007ffabab50000 - 0x00007ffabab5a000 	C:\WINDOWS\System32\NSI.dll
0x00007ffab8ee0000 - 0x00007ffab8efb000 	C:\WINDOWS\SYSTEM32\CRYPTSP.dll
0x00007ffab8610000 - 0x00007ffab864a000 	C:\WINDOWS\system32\rsaenh.dll
0x00007ffab8cd0000 - 0x00007ffab8cfb000 	C:\WINDOWS\SYSTEM32\USERENV.dll
0x00007ffab97e0000 - 0x00007ffab980a000 	C:\WINDOWS\SYSTEM32\bcrypt.dll
0x00007ffab8f00000 - 0x00007ffab8f0c000 	C:\WINDOWS\SYSTEM32\CRYPTBASE.dll
0x00007ff9e1be0000 - 0x00007ff9e1be9000 	C:\Program Files\JetBrains\IntelliJ IDEA 2025.2.3\jbr\bin\extnet.dll
0x00007ffaa49a0000 - 0x00007ffaa49a7000 	C:\Program Files\JetBrains\IntelliJ IDEA 2025.2.3\jbr\bin\rmi.dll
0x00007ffab8170000 - 0x00007ffab829c000 	C:\WINDOWS\SYSTEM32\DNSAPI.dll
0x00007ffaac9a0000 - 0x00007ffaac9ab000 	C:\Windows\System32\rasadhlp.dll
0x00007ffab3480000 - 0x00007ffab3506000 	C:\WINDOWS\System32\fwpuclnt.dll

JVMTI agents: none

dbghelp: loaded successfully - version: 4.0.5 - missing functions: none
symbol engine: initialized successfully - sym options: 0x614 - pdb path: .;C:\Program Files\JetBrains\IntelliJ IDEA 2025.2.3\jbr\bin;C:\WINDOWS\SYSTEM32;C:\WINDOWS\WinSxS\amd64_microsoft.windows.common-controls_6595b64144ccf1df_6.0.26100.7019_none_3e06ffa0e335b8a8;C:\Program Files\JetBrains\IntelliJ IDEA 2025.2.3\jbr\bin\server

VM Arguments:
jvm_args: -Djava.rmi.server.hostname=127.0.0.1 -Duser.timezone=UTC -Xmx2048m -Xms128m -Djdbc.classpath=C:\Users\ysj72\AppData\Local\Temp\RemoteDriver3.classpath.txt --add-exports=java.desktop/sun.awt=ALL-UNNAMED --add-exports=java.desktop/java.awt.peer=ALL-UNNAMED --add-opens=java.desktop/java.awt=ALL-UNNAMED --add-opens=jdk.unsupported/sun.misc=ALL-UNNAMED --add-opens=java.base/java.nio=ALL-UNNAMED --add-opens=java.base/java.util=ALL-UNNAMED -Dfile.encoding=UTF-8 -Dsun.stdout.encoding=UTF-8 -Dsun.stderr.encoding=UTF-8 
java_command: com.intellij.database.remote.RemoteJdbcServer org.mariadb.jdbc.Driver
java_class_path (initial): C:\Program Files\JetBrains\IntelliJ IDEA 2025.2.3\lib\util_rt.jar;C:\Program Files\JetBrains\IntelliJ IDEA 2025.2.3\lib\util-8.jar;C:\Program Files\JetBrains\IntelliJ IDEA 2025.2.3\lib\groovy.jar;C:\Program Files\JetBrains\IntelliJ IDEA 2025.2.3\plugins\DatabaseTools\lib\jdbc-console.jar;C:\Program Files\JetBrains\IntelliJ IDEA 2025.2.3\lib\modules\intellij.grid.types.jar;C:\Program Files\JetBrains\IntelliJ IDEA 2025.2.3\lib\util.jar;C:\Program Files\JetBrains\IntelliJ IDEA 2025.2.3\lib\bouncy-castle.jar
Launcher Type: SUN_STANDARD

[Global flags]
     intx CICompilerCount                          = 4                                         {product} {ergonomic}
     uint ConcGCThreads                            = 2                                         {product} {ergonomic}
     uint G1ConcRefinementThreads                  = 8                                         {product} {ergonomic}
   size_t G1HeapRegionSize                         = 1048576                                   {product} {ergonomic}
    uintx GCDrainStackTargetSize                   = 64                                        {product} {ergonomic}
   size_t InitialHeapSize                          = 134217728                                 {product} {command line}
   size_t MarkStackSize                            = 4194304                                   {product} {ergonomic}
   size_t MaxHeapSize                              = 2147483648                                {product} {command line}
   size_t MaxNewSize                               = 1287651328                                {product} {ergonomic}
   size_t MinHeapDeltaBytes                        = 1048576                                   {product} {ergonomic}
   size_t MinHeapSize                              = 134217728                                 {product} {command line}
    uintx NonNMethodCodeHeapSize                   = 5839372                                {pd product} {ergonomic}
    uintx NonProfiledCodeHeapSize                  = 122909434                              {pd product} {ergonomic}
    uintx ProfiledCodeHeapSize                     = 122909434                              {pd product} {ergonomic}
    uintx ReservedCodeCacheSize                    = 251658240                              {pd product} {ergonomic}
     bool SegmentedCodeCache                       = true                                      {product} {ergonomic}
   size_t SoftMaxHeapSize                          = 2147483648                             {manageable} {ergonomic}
     bool UseCompressedOops                        = true                           {product lp64_product} {ergonomic}
     bool UseG1GC                                  = true                                      {product} {ergonomic}
     bool UseLargePagesIndividualAllocation        = false                                  {pd product} {ergonomic}

Logging:
Log output configuration:
 #0: stdout all=warning uptime,level,tags foldmultilines=false
 #1: stderr all=off uptime,level,tags foldmultilines=false

Environment Variables:
JAVA_HOME=C:\Program Files\ojdkbuild\java-17-openjdk-17.0.3.0.6-1
PATH=C:\Windows\system32;C:\Windows;C:\Windows\System32\Wbem;C:\Windows\System32\WindowsPowerShell\v1.0\;C:\Windows\System32\OpenSSH\;C:\Program Files (x86)\NVIDIA Corporation\PhysX\Common;C:\Program Files\NVIDIA Corporation\NVIDIA NvDLISR;C:\WINDOWS\system32;C:\WINDOWS;C:\WINDOWS\System32\Wbem;C:\WINDOWS\System32\WindowsPowerShell\v1.0\;C:\WINDOWS\System32\OpenSSH\;C:\Program Files\dotnet\;C:\Program Files (x86)\Windows Kits\10\Windows Performance Toolkit\;C:\Program Files\Git\cmd;C:\Program Files\ojdkbuild\java-17-openjdk-17.0.3.0.6-1\bin;;C:\Program Files\Docker\Docker\resources\bin;C:\Python310\Scripts\;C:\Python310\;C:\Users\ysj72\AppData\Local\Microsoft\WindowsApps;C:\Users\ysj72\AppData\Local\Programs\Microsoft VS Code\bin;C:\Users\ysj72\.dotnet\tools;C:\Program Files\JetBrains\IntelliJ IDEA 2025.2.3\bin;C:\Users\ysj72\AppData\Local\PowerToys\
USERNAME=ysj72
OS=Windows_NT
PROCESSOR_IDENTIFIER=Intel64 Family 6 Model 140 Stepping 1, GenuineIntel
TMP=C:\Users\ysj72\AppData\Local\Temp
TEMP=C:\Users\ysj72\AppData\Local\Temp




Periodic native trim disabled

JNI global refs:
JNI global refs: 18, weak refs: 0

JNI global refs memory usage: 835, weak refs: 833

Process memory usage:
Resident Set Size: 94136K (0% of 16511368K total physical memory with 1750832K free physical memory)

OOME stack traces (most recent first):
Classloader memory used:
Loader jdk.internal.loader.ClassLoaders$AppClassLoader                                 : 3579K
Loader bootstrap                                                                       : 3562K
Loader com.intellij.database.remote.jdbc.impl.JdbcClassLoader$JdbcClassLoaderImpl      : 1700K
Loader jdk.internal.loader.ClassLoaders$PlatformClassLoader                            : 312K
Loader jdk.internal.reflect.DelegatingClassLoader                                      : 167K

---------------  S Y S T E M  ---------------

OS:
 Windows 11 , 64 bit Build 26100 (10.0.26100.7019)
OS uptime: 0 days 1:58 hours
Hyper-V role detected

CPU: total 8 (initial active 8) (4 cores per cpu, 2 threads per core) family 6 model 140 stepping 1 microcode 0x6e, cx8, cmov, fxsr, ht, mmx, 3dnowpref, sse, sse2, sse3, ssse3, sse4.1, sse4.2, popcnt, lzcnt, tsc, tscinvbit, avx, avx2, aes, erms, clmul, bmi1, bmi2, adx, avx512f, avx512dq, avx512cd, avx512bw, avx512vl, sha, fma, vzeroupper, avx512_vpopcntdq, avx512_vpclmulqdq, avx512_vaes, avx512_vnni, clflush, clflushopt, clwb, avx512_vbmi2, avx512_vbmi, hv, rdtscp, rdpid, fsrm, gfni, avx512_bitalg, f16c, cet_ibt, cet_ss, avx512_ifma
Processor Information for the first 8 processors :
  Max Mhz: 2803, Current Mhz: 2803, Mhz Limit: 2803

Memory: 4k page, system-wide physical 16124M (1710M free)
TotalPageFile size 22780M (AvailPageFile size 21M)
current process WorkingSet (physical memory assigned to process): 93M, peak: 129M
current process commit charge ("private bytes"): 246M, peak: 270M

vm_info: OpenJDK 64-Bit Server VM (21.0.8+1-b1038.72) for windows-amd64 JRE (21.0.8+1-b1038.72), built on 2025-09-08 by "builduser" with MS VC++ 16.10 / 16.11 (VS2019)

END.
